Initializing document watcher...
Document watcher initialized
davidelom_gnaglo/main.tf: {}
davidelom_gnaglo/main.tf: {}
davidelom_gnaglo/main.tf: {}
davidelom_gnaglo/main.tf: Using EditorConfig core...
davidelom_gnaglo/main.tf: Using EditorConfig core...
davidelom_gnaglo/main.tf: Using EditorConfig core...
davidelom_gnaglo/main.tf: {}
davidelom_gnaglo/main.tf: {}
davidelom_gnaglo/main.tf: {}
davidelom_gnaglo/main.tf: {}
davidelom_gnaglo/kubernates/service.yaml: {}
davidelom_gnaglo/kubernates/service.yaml: {}
davidelom_gnaglo/kubernates/service.yaml: {}
davidelom_gnaglo/kubernates/service.yaml: Using EditorConfig core...
davidelom_gnaglo/kubernates/service.yaml: {}
davidelom_gnaglo/kubernates/service.yaml: {}
davidelom_gnaglo/kubernates/service.yaml: {}
davidelom_gnaglo/kubernates/service.yaml: {}
davidelom_gnaglo/app/Dockerfile: {}
davidelom_gnaglo/app/ianna-project-exam/app.js: {}
davidelom_gnaglo/kubernates/service.yaml: {}
davidelom_gnaglo/kubernates/service.yaml: {}
davidelom_gnaglo/kubernates/service.yaml: {}
davidelom_gnaglo/kubernates/service.yaml: Using EditorConfig core...
davidelom_gnaglo/kubernates/service.yaml: Using EditorConfig core...
davidelom_gnaglo/kubernates/service.yaml: {}
davidelom_gnaglo/kubernates/service.yaml: Using EditorConfig core...
davidelom_gnaglo/kubernates/service.yaml: Using EditorConfig core...
davidelom_gnaglo/kubernates/service.yaml: Using EditorConfig core...
davidelom_gnaglo/kubernates/service.yaml: Using EditorConfig core...
davidelom_gnaglo/kubernates/service.yaml: {}
davidelom_gnaglo/kubernates/service.yaml: {}
davidelom_gnaglo/main.tf: {}
davidelom_gnaglo/main.tf: {}
davidelom_gnaglo/main.tf: {}
davidelom_gnaglo/main.tf: {}
davidelom_gnaglo/main.tf: {}
davidelom_gnaglo/kubernates/service.yaml: {}
davidelom_gnaglo/kubernates/service.yaml: {}
davidelom_gnaglo/kubernates/service.yaml: {}
davidelom_gnaglo/kubernates/service.yaml: {}
davidelom_gnaglo/kubernates/service.yaml: {}
davidelom_gnaglo/kubernates/service.yaml: {}
davidelom_gnaglo/main.tf: {}
davidelom_gnaglo/main.tf: Using EditorConfig core...
davidelom_gnaglo/main.tf: Using EditorConfig core...
davidelom_gnaglo/main.tf: Using EditorConfig core...
davidelom_gnaglo/variables.tf: {}
davidelom_gnaglo/variables.tf: {}
davidelom_gnaglo/variables.tf: Using EditorConfig core...
davidelom_gnaglo/variables.tf: {}
davidelom_gnaglo/terraform.tfvars: {}
davidelom_gnaglo/terraform.tfvars: Using EditorConfig core...
davidelom_gnaglo/terraform.tfvars: Using EditorConfig core...
davidelom_gnaglo/main.tf: {}
davidelom_gnaglo/terraform.tfvars: {}
davidelom_gnaglo/terraform.tfvars: Using EditorConfig core...
davidelom_gnaglo/terraform.tfvars: Using EditorConfig core...
davidelom_gnaglo/main.tf: {}
davidelom_gnaglo/main.tf: Using EditorConfig core...
davidelom_gnaglo/main.tf: Using EditorConfig core...
davidelom_gnaglo/main.tf: Using EditorConfig core...
davidelom_gnaglo/main.tf: Using EditorConfig core...
davidelom_gnaglo/main.tf: Using EditorConfig core...
davidelom_gnaglo/terraform.tfvars: {}
davidelom_gnaglo/terraform.tfvars: Using EditorConfig core...
davidelom_gnaglo/terraform.tfvars: Using EditorConfig core...
davidelom_gnaglo/main.tf: {}
davidelom_gnaglo/terraform.tfvars: {}
davidelom_gnaglo/terraform.tfvars: Using EditorConfig core...
davidelom_gnaglo/terraform.tfvars: Using EditorConfig core...
davidelom_gnaglo/terraform.tfvars: Using EditorConfig core...
davidelom_gnaglo/main.tf: {}
davidelom_gnaglo/main.tf: Using EditorConfig core...
davidelom_gnaglo/main.tf: Using EditorConfig core...
davidelom_gnaglo/main.tf: Using EditorConfig core...
davidelom_gnaglo/main.tf: {}
davidelom_gnaglo/main.tf: {}
davidelom_gnaglo/main.tf: Using EditorConfig core...
davidelom_gnaglo/main.tf: Using EditorConfig core...
davidelom_gnaglo/main.tf: Using EditorConfig core...
davidelom_gnaglo/main.tf: Using EditorConfig core...
davidelom_gnaglo/main.tf: Using EditorConfig core...
davidelom_gnaglo/Untitled-1: {}
/User/settings.json: Using EditorConfig core...
davidelom_gnaglo/main.tf: {}
davidelom_gnaglo/main.tf: Using EditorConfig core...
davidelom_gnaglo/Untitled-1: {}
davidelom_gnaglo/main.tf: {}
davidelom_gnaglo/main.tf: Using EditorConfig core...
davidelom_gnaglo/main.tf: Using EditorConfig core...
davidelom_gnaglo/main.tf: Using EditorConfig core...
davidelom_gnaglo/main.tf: Using EditorConfig core...
davidelom_gnaglo/main.tf: Using EditorConfig core...
davidelom_gnaglo/main.tf: Using EditorConfig core...
davidelom_gnaglo/main.tf: Using EditorConfig core...
davidelom_gnaglo/main.tf: Using EditorConfig core...
davidelom_gnaglo/main.tf: Using EditorConfig core...
davidelom_gnaglo/main.tf: {}
davidelom_gnaglo/main.tf: {}
davidelom_gnaglo/terraform.tfvars: {}
davidelom_gnaglo/terraform.tfvars: Using EditorConfig core...
davidelom_gnaglo/terraform.tfvars: Using EditorConfig core...
davidelom_gnaglo/terraform.tfvars: Using EditorConfig core...
davidelom_gnaglo/terraform.tfvars: Using EditorConfig core...
davidelom_gnaglo/terraform.tfvars: {}
davidelom_gnaglo/main.tf: {}
davidelom_gnaglo/main.tf: {}
davidelom_gnaglo/main.tf: {}
davidelom_gnaglo/main.tf: {}
davidelom_gnaglo/main.tf: Using EditorConfig core...
davidelom_gnaglo/main.tf: Using EditorConfig core...
davidelom_gnaglo/main.tf: {}
davidelom_gnaglo/main.tf: {}
davidelom_gnaglo/main.tf: Using EditorConfig core...
davidelom_gnaglo/main.tf: Using EditorConfig core...
davidelom_gnaglo/main.tf: Using EditorConfig core...
davidelom_gnaglo/main.tf: Using EditorConfig core...
davidelom_gnaglo/main.tf: Using EditorConfig core...
davidelom_gnaglo/main.tf: {}
davidelom_gnaglo/main.tf: {}
davidelom_gnaglo/main.tf: Using EditorConfig core...
davidelom_gnaglo/main.tf: Using EditorConfig core...
davidelom_gnaglo/main.tf: Using EditorConfig core...
davidelom_gnaglo/main.tf: {}
davidelom_gnaglo/main.tf: {}
davidelom_gnaglo/main.tf: {}
davidelom_gnaglo/main.tf: Using EditorConfig core...
davidelom_gnaglo/main.tf: Using EditorConfig core...
davidelom_gnaglo/Untitled-1: {}
davidelom_gnaglo/main.tf: {}
davidelom_gnaglo/main.tf: {}
davidelom_gnaglo/terraform.tfstate.backup: {}
davidelom_gnaglo/main.tf: {}
davidelom_gnaglo/main.tf: Using EditorConfig core...
davidelom_gnaglo/main.tf: Using EditorConfig core...
davidelom_gnaglo/main.tf: {}
davidelom_gnaglo/main.tf: {}
davidelom_gnaglo/main.tf: {}
davidelom_gnaglo/main.tf: Using EditorConfig core...
davidelom_gnaglo/main.tf: Using EditorConfig core...
davidelom_gnaglo/main.tf: {}
davidelom_gnaglo/main.tf: Using EditorConfig core...
davidelom_gnaglo/main.tf: Using EditorConfig core...
davidelom_gnaglo/main.tf: Using EditorConfig core...
davidelom_gnaglo/main.tf: Using EditorConfig core...
davidelom_gnaglo/main.tf: {}
davidelom_gnaglo/main.tf: {}
davidelom_gnaglo/main.tf: {}
davidelom_gnaglo/main.tf: {}
davidelom_gnaglo/main.tf: Using EditorConfig core...
davidelom_gnaglo/main.tf: {}
davidelom_gnaglo/main.tf: {}
davidelom_gnaglo/main.tf: {}
davidelom_gnaglo/main.tf: {}
davidelom_gnaglo/main.tf: Using EditorConfig core...
davidelom_gnaglo/main.tf: Using EditorConfig core...
davidelom_gnaglo/main.tf: Using EditorConfig core...
davidelom_gnaglo/main.tf: Using EditorConfig core...
davidelom_gnaglo/main.tf: Using EditorConfig core...
davidelom_gnaglo/main.tf: {}
davidelom_gnaglo/main.tf: {}
davidelom_gnaglo/main.tf: Using EditorConfig core...
davidelom_gnaglo/main.tf: Using EditorConfig core...
davidelom_gnaglo/main.tf: Using EditorConfig core...
davidelom_gnaglo/main.tf: Using EditorConfig core...
davidelom_gnaglo/main.tf: Using EditorConfig core...
davidelom_gnaglo/main.tf: {}
davidelom_gnaglo/main.tf: {}
davidelom_gnaglo/main.tf: {}
davidelom_gnaglo/main.tf: Using EditorConfig core...
davidelom_gnaglo/main.tf: {}
davidelom_gnaglo/main.tf: {}
davidelom_gnaglo/main.tf: {}
davidelom_gnaglo/kubernates/podmonitoring.yaml: {}
davidelom_gnaglo/kubernates/podmonitoring.yaml: {}
davidelom_gnaglo/kubernates/podmonitoring.yaml: {}
davidelom_gnaglo/kubernates/podmonitoring.yaml: {}
davidelom_gnaglo/kubernates/podmonitoring.yaml: {}
davidelom_gnaglo/kubernates/podmonitoring.yaml: Using EditorConfig core...
davidelom_gnaglo/kubernates/podmonitoring.yaml: Using EditorConfig core...
davidelom_gnaglo/kubernates/deployment.yaml: {}
davidelom_gnaglo/kubernates/podmonitoring.yaml: {}
davidelom_gnaglo/kubernates/podmonitoring.yaml: Using EditorConfig core...
davidelom_gnaglo/kubernates/podmonitoring.yaml: Using EditorConfig core...
davidelom_gnaglo/kubernates/podmonitoring.yaml: Using EditorConfig core...
davidelom_gnaglo/kubernates/podmonitoring.yaml: Using EditorConfig core...
davidelom_gnaglo/kubernates/podmonitoring.yaml: Using EditorConfig core...
davidelom_gnaglo/kubernates/deployment.yaml: {}
davidelom_gnaglo/kubernates/podmonitoring.yaml: {}
davidelom_gnaglo/kubernates/podmonitoring.yaml: Using EditorConfig core...
davidelom_gnaglo/kubernates/podmonitoring.yaml: {}
davidelom_gnaglo/kubernates/podmonitoring.yaml: {}
davidelom_gnaglo/kubernates/podmonitoring.yaml: {}
davidelom_gnaglo/kubernates/podmonitoring.yaml: {}
davidelom_gnaglo/kubernates/deployment.yaml: {}
davidelom_gnaglo/kubernates/podmonitoring.yaml: {}
davidelom_gnaglo/kubernates/podmonitoring.yaml: Using EditorConfig core...
davidelom_gnaglo/kubernates/podmonitoring.yaml: {}
davidelom_gnaglo/kubernates/podmonitoring.yaml: {}
davidelom_gnaglo/kubernates/podmonitoring.yaml: Using EditorConfig core...
davidelom_gnaglo/kubernates/podmonitoring.yaml: {}
davidelom_gnaglo/kubernates/podmonitoring.yaml: {}
davidelom_gnaglo/kubernates/podmonitoring.yaml: {}
davidelom_gnaglo/kubernates/operatorconfig.yaml: {}
davidelom_gnaglo/kubernates/operatorconfig.yaml: Using EditorConfig core...
davidelom_gnaglo/kubernates/operatorconfig.yaml: Using EditorConfig core...
davidelom_gnaglo/kubernates/operatorconfig.yaml: Using EditorConfig core...
davidelom_gnaglo/kubernates/operatorconfig.yaml: Using EditorConfig core...
davidelom_gnaglo/kubernates/operatorconfig.yaml: {}
davidelom_gnaglo/kubernates/operatorconfig.yaml: Using EditorConfig core...
davidelom_gnaglo/kubernates/operatorconfig.yaml: {}
davidelom_gnaglo/kubernates/operatorconfig.yaml: {}
davidelom_gnaglo/kubernates/podmonitoring.yaml: {}
davidelom_gnaglo/kubernates/podmonitoring.yaml: {}
davidelom_gnaglo/kubernates/podmonitoring.yaml: {}
davidelom_gnaglo/kubernates/operatorconfig.yaml: {}
davidelom_gnaglo/kubernates/operatorconfig.yaml: {}
davidelom_gnaglo/kubernates/operatorconfig.yaml: {}
davidelom_gnaglo/kubernates/operatorconfig.yaml: {}
davidelom_gnaglo/kubernates/operatorconfig.yaml: {}
davidelom_gnaglo/kubernates/operatorconfig.yaml: {}
davidelom_gnaglo/kubernates/operatorconfig.yaml: {}
davidelom_gnaglo/kubernates/operatorconfig.yaml: {}
davidelom_gnaglo/kubernates/operatorconfig.yaml: {}
davidelom_gnaglo/kubernates/operatorconfig.yaml: {}
davidelom_gnaglo/kubernates/operatorconfig.yaml: {}
davidelom_gnaglo/kubernates/operatorconfig.yaml: {}
davidelom_gnaglo/main.tf: {}
davidelom_gnaglo/main.tf: {}
davidelom_gnaglo/main.tf: {}
davidelom_gnaglo/prometheus/README.md: {}
davidelom_gnaglo/prometheus/Dockerfile: {}
davidelom_gnaglo/prometheus/Dockerfile: {}
davidelom_gnaglo/prometheus/Dockerfile: {}
davidelom_gnaglo/prometheus/Dockerfile: {}
davidelom_gnaglo/prometheus/Dockerfile: {}
davidelom_gnaglo/prometheus/Dockerfile: {}
davidelom_gnaglo/prometheus/Dockerfile: {}
davidelom_gnaglo/prometheus/Dockerfile: {}
davidelom_gnaglo/prometheus/Dockerfile: {}
davidelom_gnaglo/prometheus/README.md: {}
davidelom_gnaglo/prometheus/README.md: {}
davidelom_gnaglo/prometheus/README.md: {}
davidelom_gnaglo/kubernates/podmonitoring.yaml: {}
davidelom_gnaglo/kubernates/podmonitoring.yaml: {}
davidelom_gnaglo/kubernates/podmonitoring.yaml: {}
