2024-11-10 20:10:56.636 [info] Reading sessions from keychain...
2024-11-10 20:10:56.636 [info] Getting sessions for all scopes...
2024-11-10 20:10:56.636 [info] Got 0 sessions for ...
2024-11-10 20:10:56.681 [info] Getting sessions for read:user,repo,user:email,workflow...
2024-11-10 20:10:56.681 [info] Got 0 sessions for read:user,repo,user:email,workflow...
2024-11-10 20:14:47.228 [info] Getting sessions for read:user,repo,user:email,workflow...
2024-11-10 20:14:47.229 [info] Got 0 sessions for read:user,repo,user:email,workflow...
2024-11-10 20:18:53.865 [info] Getting sessions for read:user,repo,user:email,workflow...
2024-11-10 20:18:53.865 [info] Got 0 sessions for read:user,repo,user:email,workflow...
2024-11-10 20:18:56.216 [info] Logging in for the following scopes: read:user repo user:email workflow
2024-11-10 20:18:56.317 [info] Trying device code flow... (read:user repo user:email workflow)
2024-11-10 20:19:48.523 [info] Getting user info...
2024-11-10 20:19:48.781 [info] Got account info!
2024-11-10 20:19:48.781 [info] Storing 1 sessions...
2024-11-10 20:19:48.820 [info] Reading sessions from keychain...
2024-11-10 20:19:48.820 [info] Stored 1 sessions!
2024-11-10 20:19:48.820 [info] Login success!
2024-11-10 20:19:48.869 [info] Got stored sessions!
2024-11-10 20:19:48.869 [info] Got 1 verified sessions.
2024-11-10 20:19:49.363 [info] Getting sessions for read:user,repo,user:email,workflow...
2024-11-10 20:19:49.363 [info] Got 1 sessions for read:user,repo,user:email,workflow...
