2024-11-10 20:10:55.019 [info] Log level: Info
2024-11-10 20:10:55.019 [info] Validating found git in: "git"
2024-11-10 20:10:55.019 [info] Using git "2.43.0" from "git"
2024-11-10 20:10:55.019 [info] > git rev-parse --show-toplevel [5ms]
2024-11-10 20:10:55.019 [info] fatal: not a git repository (or any parent up to mount point /)
Stopping at filesystem boundary (GIT_DISCOVERY_ACROSS_FILESYSTEM not set).
2024-11-10 20:10:55.020 [info] > git rev-parse --show-toplevel [2ms]
2024-11-10 20:10:55.020 [info] fatal: not a git repository (or any parent up to mount point /)
Stopping at filesystem boundary (GIT_DISCOVERY_ACROSS_FILESYSTEM not set).
2024-11-10 20:10:55.031 [info] > git rev-parse --show-toplevel [2ms]
2024-11-10 20:10:55.031 [info] fatal: not a git repository (or any parent up to mount point /)
Stopping at filesystem boundary (GIT_DISCOVERY_ACROSS_FILESYSTEM not set).
2024-11-10 20:10:55.041 [info] > git rev-parse --show-toplevel [2ms]
2024-11-10 20:10:55.041 [info] fatal: not a git repository (or any parent up to mount point /)
Stopping at filesystem boundary (GIT_DISCOVERY_ACROSS_FILESYSTEM not set).
2024-11-10 20:10:55.050 [info] > git rev-parse --show-toplevel [2ms]
2024-11-10 20:10:55.050 [info] fatal: not a git repository (or any parent up to mount point /)
Stopping at filesystem boundary (GIT_DISCOVERY_ACROSS_FILESYSTEM not set).
2024-11-10 20:10:55.059 [info] > git rev-parse --show-toplevel [1ms]
2024-11-10 20:10:55.059 [info] fatal: not a git repository (or any parent up to mount point /)
Stopping at filesystem boundary (GIT_DISCOVERY_ACROSS_FILESYSTEM not set).
2024-11-10 20:10:55.069 [info] > git rev-parse --show-toplevel [1ms]
2024-11-10 20:10:55.069 [info] fatal: not a git repository (or any parent up to mount point /)
Stopping at filesystem boundary (GIT_DISCOVERY_ACROSS_FILESYSTEM not set).
2024-11-10 20:10:55.078 [info] > git rev-parse --show-toplevel [2ms]
2024-11-10 20:10:55.078 [info] fatal: not a git repository (or any parent up to mount point /)
Stopping at filesystem boundary (GIT_DISCOVERY_ACROSS_FILESYSTEM not set).
2024-11-10 20:10:55.087 [info] > git rev-parse --show-toplevel [2ms]
2024-11-10 20:10:55.087 [info] fatal: not a git repository (or any parent up to mount point /)
Stopping at filesystem boundary (GIT_DISCOVERY_ACROSS_FILESYSTEM not set).
2024-11-10 20:10:55.096 [info] > git rev-parse --show-toplevel [1ms]
2024-11-10 20:10:55.097 [info] fatal: not a git repository (or any parent up to mount point /)
Stopping at filesystem boundary (GIT_DISCOVERY_ACROSS_FILESYSTEM not set).
2024-11-10 20:10:55.107 [info] > git rev-parse --show-toplevel [2ms]
2024-11-10 20:10:55.107 [info] fatal: not a git repository (or any parent up to mount point /)
Stopping at filesystem boundary (GIT_DISCOVERY_ACROSS_FILESYSTEM not set).
2024-11-10 20:10:55.116 [info] > git rev-parse --show-toplevel [2ms]
2024-11-10 20:10:55.117 [info] fatal: not a git repository (or any parent up to mount point /)
Stopping at filesystem boundary (GIT_DISCOVERY_ACROSS_FILESYSTEM not set).
2024-11-10 20:10:55.127 [info] > git rev-parse --show-toplevel [2ms]
2024-11-10 20:10:55.127 [info] fatal: not a git repository (or any parent up to mount point /)
Stopping at filesystem boundary (GIT_DISCOVERY_ACROSS_FILESYSTEM not set).
2024-11-10 20:10:55.136 [info] > git rev-parse --show-toplevel [2ms]
2024-11-10 20:10:55.136 [info] fatal: not a git repository (or any parent up to mount point /)
Stopping at filesystem boundary (GIT_DISCOVERY_ACROSS_FILESYSTEM not set).
2024-11-10 20:10:55.146 [info] > git rev-parse --show-toplevel [1ms]
2024-11-10 20:10:55.146 [info] fatal: not a git repository (or any parent up to mount point /)
Stopping at filesystem boundary (GIT_DISCOVERY_ACROSS_FILESYSTEM not set).
2024-11-10 20:10:55.156 [info] > git rev-parse --show-toplevel [2ms]
2024-11-10 20:10:55.166 [info] > git rev-parse --git-dir --git-common-dir [2ms]
2024-11-10 20:10:55.182 [info] Open repository: /home/davidelom_gnaglo/prometheus
2024-11-10 20:10:55.203 [info] > git config --get commit.template [9ms]
2024-11-10 20:10:55.206 [info] > git for-each-ref --format %(refname) %(objectname) %(*objectname) refs/tags [3ms]
2024-11-10 20:10:55.527 [info] > git status -z -uall [311ms]
2024-11-10 20:10:55.560 [info] > git config --get commit.template [11ms]
2024-11-10 20:10:55.564 [info] > git for-each-ref --format %(refname) %(objectname) %(*objectname) refs/tags [4ms]
2024-11-10 20:10:55.785 [info] > git check-ignore -v -z --stdin [18ms]
2024-11-10 20:10:55.851 [info] > git status -z -uall [278ms]
2024-11-10 20:10:59.913 [info] > git rev-parse --show-toplevel [2267ms]
2024-11-10 20:10:59.913 [info] fatal: not a git repository (or any parent up to mount point /)
Stopping at filesystem boundary (GIT_DISCOVERY_ACROSS_FILESYSTEM not set).
2024-11-10 20:12:24.727 [info] > git rev-parse --show-toplevel [4ms]
2024-11-10 20:12:24.728 [info] fatal: not a git repository (or any parent up to mount point /)
Stopping at filesystem boundary (GIT_DISCOVERY_ACROSS_FILESYSTEM not set).
2024-11-10 20:12:26.696 [info] > git rev-parse --show-toplevel [4ms]
2024-11-10 20:12:26.696 [info] fatal: not a git repository (or any parent up to mount point /)
Stopping at filesystem boundary (GIT_DISCOVERY_ACROSS_FILESYSTEM not set).
2024-11-10 20:13:21.225 [info] > git rev-parse --show-toplevel [8ms]
2024-11-10 20:13:21.225 [info] fatal: not a git repository (or any parent up to mount point /)
Stopping at filesystem boundary (GIT_DISCOVERY_ACROSS_FILESYSTEM not set).
2024-11-10 20:13:21.718 [info] > git check-ignore -v -z --stdin [25ms]
2024-11-10 20:13:23.145 [info] > git -c user.useConfigOnly=true commit --quiet --allow-empty-message --file - [85ms]
2024-11-10 20:13:23.145 [info] Author identity unknown

*** Please tell me who you are.

Run

  git config --global user.email "you@example.com"
  git config --global user.name "Your Name"

to set your account's default identity.
Omit --global to set the identity only in this repository.

fatal: no email was given and auto-detection is disabled
2024-11-10 20:13:23.166 [info] > git config --get-all user.name [2ms]
2024-11-10 20:13:23.210 [info] > git config --get commit.template [23ms]
2024-11-10 20:13:23.212 [info] > git for-each-ref --format %(refname) %(objectname) %(*objectname) refs/tags [4ms]
2024-11-10 20:13:23.496 [info] > git status -z -uall [265ms]
2024-11-10 20:14:43.719 [info] > git rev-parse --show-toplevel [2ms]
2024-11-10 20:14:43.741 [info] > git rev-parse --git-dir --git-common-dir [2ms]
2024-11-10 20:14:43.753 [info] Open repository: /home/davidelom_gnaglo
2024-11-10 20:14:43.795 [info] > git config --get commit.template [22ms]
2024-11-10 20:14:43.796 [info] > git for-each-ref --format=%(refname)%00%(upstream:short)%00%(objectname)%00%(upstream:track)%00%(upstream:remotename)%00%(upstream:remoteref) refs/heads/main refs/remotes/main [2ms]
2024-11-10 20:14:43.796 [warning] No such branch: main.
2024-11-10 20:14:43.847 [info] > git status -z -uall [31ms]
2024-11-10 20:14:43.923 [info] > git config --get commit.template [3ms]
2024-11-10 20:14:43.943 [info] > git for-each-ref --format=%(refname)%00%(upstream:short)%00%(objectname)%00%(upstream:track)%00%(upstream:remotename)%00%(upstream:remoteref) refs/heads/main refs/remotes/main [2ms]
2024-11-10 20:14:43.944 [warning] No such branch: main.
2024-11-10 20:14:44.270 [info] > git status -z -uall [308ms]
2024-11-10 20:14:45.208 [info] > git check-ignore -v -z --stdin [22ms]
2024-11-10 20:14:45.231 [info] > git check-ignore -v -z --stdin [25ms]
2024-11-10 20:14:47.229 [info] > git show --textconv :kubernates/service.yaml [24ms]
2024-11-10 20:14:47.229 [info] > git ls-files --stage -- /home/davidelom_gnaglo/kubernates/service.yaml [4ms]
2024-11-10 20:14:47.705 [info] > git check-ignore -v -z --stdin [1ms]
2024-11-10 20:14:51.753 [info] > git config --get commit.template [23ms]
2024-11-10 20:14:51.754 [info] > git for-each-ref --format=%(refname)%00%(upstream:short)%00%(objectname)%00%(upstream:track)%00%(upstream:remotename)%00%(upstream:remoteref) refs/heads/main refs/remotes/main [3ms]
2024-11-10 20:14:51.755 [warning] No such branch: main.
2024-11-10 20:14:51.790 [info] > git status -z -uall [16ms]
2024-11-10 20:14:56.861 [info] > git config --get commit.template [21ms]
2024-11-10 20:14:56.862 [info] > git for-each-ref --format=%(refname)%00%(upstream:short)%00%(objectname)%00%(upstream:track)%00%(upstream:remotename)%00%(upstream:remoteref) refs/heads/main refs/remotes/main [2ms]
2024-11-10 20:14:56.862 [warning] No such branch: main.
2024-11-10 20:14:56.900 [info] > git status -z -uall [16ms]
2024-11-10 20:15:01.969 [info] > git config --get commit.template [23ms]
2024-11-10 20:15:01.970 [info] > git for-each-ref --format=%(refname)%00%(upstream:short)%00%(objectname)%00%(upstream:track)%00%(upstream:remotename)%00%(upstream:remoteref) refs/heads/main refs/remotes/main [2ms]
2024-11-10 20:15:01.970 [warning] No such branch: main.
2024-11-10 20:15:02.006 [info] > git status -z -uall [15ms]
2024-11-10 20:15:07.081 [info] > git config --get commit.template [23ms]
2024-11-10 20:15:07.082 [info] > git for-each-ref --format=%(refname)%00%(upstream:short)%00%(objectname)%00%(upstream:track)%00%(upstream:remotename)%00%(upstream:remoteref) refs/heads/main refs/remotes/main [2ms]
2024-11-10 20:15:07.082 [warning] No such branch: main.
2024-11-10 20:15:07.119 [info] > git status -z -uall [16ms]
2024-11-10 20:15:12.187 [info] > git config --get commit.template [23ms]
2024-11-10 20:15:12.189 [info] > git for-each-ref --format=%(refname)%00%(upstream:short)%00%(objectname)%00%(upstream:track)%00%(upstream:remotename)%00%(upstream:remoteref) refs/heads/main refs/remotes/main [3ms]
2024-11-10 20:15:12.189 [warning] No such branch: main.
2024-11-10 20:15:12.235 [info] > git status -z -uall [20ms]
2024-11-10 20:15:17.311 [info] > git config --get commit.template [23ms]
2024-11-10 20:15:17.312 [info] > git for-each-ref --format=%(refname)%00%(upstream:short)%00%(objectname)%00%(upstream:track)%00%(upstream:remotename)%00%(upstream:remoteref) refs/heads/main refs/remotes/main [1ms]
2024-11-10 20:15:17.312 [warning] No such branch: main.
2024-11-10 20:15:17.348 [info] > git status -z -uall [16ms]
2024-11-10 20:15:22.416 [info] > git config --get commit.template [23ms]
2024-11-10 20:15:22.417 [info] > git for-each-ref --format=%(refname)%00%(upstream:short)%00%(objectname)%00%(upstream:track)%00%(upstream:remotename)%00%(upstream:remoteref) refs/heads/main refs/remotes/main [2ms]
2024-11-10 20:15:22.417 [warning] No such branch: main.
2024-11-10 20:15:22.454 [info] > git status -z -uall [16ms]
2024-11-10 20:15:23.405 [info] > git check-ignore -v -z --stdin [2ms]
2024-11-10 20:15:27.527 [info] > git config --get commit.template [22ms]
2024-11-10 20:15:27.528 [info] > git for-each-ref --format=%(refname)%00%(upstream:short)%00%(objectname)%00%(upstream:track)%00%(upstream:remotename)%00%(upstream:remoteref) refs/heads/main refs/remotes/main [2ms]
2024-11-10 20:15:27.528 [warning] No such branch: main.
2024-11-10 20:15:27.564 [info] > git status -z -uall [16ms]
2024-11-10 20:15:32.637 [info] > git config --get commit.template [23ms]
2024-11-10 20:15:32.637 [info] > git for-each-ref --format=%(refname)%00%(upstream:short)%00%(objectname)%00%(upstream:track)%00%(upstream:remotename)%00%(upstream:remoteref) refs/heads/main refs/remotes/main [2ms]
2024-11-10 20:15:32.637 [warning] No such branch: main.
2024-11-10 20:15:32.673 [info] > git status -z -uall [15ms]
2024-11-10 20:15:37.750 [info] > git config --get commit.template [22ms]
2024-11-10 20:15:37.750 [info] > git for-each-ref --format=%(refname)%00%(upstream:short)%00%(objectname)%00%(upstream:track)%00%(upstream:remotename)%00%(upstream:remoteref) refs/heads/main refs/remotes/main [1ms]
2024-11-10 20:15:37.750 [warning] No such branch: main.
2024-11-10 20:15:37.787 [info] > git status -z -uall [15ms]
2024-11-10 20:15:42.860 [info] > git config --get commit.template [23ms]
2024-11-10 20:15:42.861 [info] > git for-each-ref --format=%(refname)%00%(upstream:short)%00%(objectname)%00%(upstream:track)%00%(upstream:remotename)%00%(upstream:remoteref) refs/heads/main refs/remotes/main [2ms]
2024-11-10 20:15:42.861 [warning] No such branch: main.
2024-11-10 20:15:42.897 [info] > git status -z -uall [15ms]
2024-11-10 20:15:47.966 [info] > git config --get commit.template [22ms]
2024-11-10 20:15:47.967 [info] > git for-each-ref --format=%(refname)%00%(upstream:short)%00%(objectname)%00%(upstream:track)%00%(upstream:remotename)%00%(upstream:remoteref) refs/heads/main refs/remotes/main [1ms]
2024-11-10 20:15:47.967 [warning] No such branch: main.
2024-11-10 20:15:48.003 [info] > git status -z -uall [15ms]
2024-11-10 20:15:53.072 [info] > git config --get commit.template [23ms]
2024-11-10 20:15:53.073 [info] > git for-each-ref --format=%(refname)%00%(upstream:short)%00%(objectname)%00%(upstream:track)%00%(upstream:remotename)%00%(upstream:remoteref) refs/heads/main refs/remotes/main [2ms]
2024-11-10 20:15:53.073 [warning] No such branch: main.
2024-11-10 20:15:53.110 [info] > git status -z -uall [15ms]
2024-11-10 20:15:54.074 [info] > git check-ignore -v -z --stdin [2ms]
2024-11-10 20:15:58.184 [info] > git config --get commit.template [23ms]
2024-11-10 20:15:58.184 [info] > git for-each-ref --format=%(refname)%00%(upstream:short)%00%(objectname)%00%(upstream:track)%00%(upstream:remotename)%00%(upstream:remoteref) refs/heads/main refs/remotes/main [1ms]
2024-11-10 20:15:58.184 [warning] No such branch: main.
2024-11-10 20:15:58.222 [info] > git status -z -uall [16ms]
2024-11-10 20:15:59.007 [info] > git check-ignore -v -z --stdin [2ms]
2024-11-10 20:15:59.912 [info] > git check-ignore -v -z --stdin [2ms]
2024-11-10 20:16:01.038 [info] > git check-ignore -v -z --stdin [2ms]
2024-11-10 20:16:03.623 [info] > git config --get commit.template [2ms]
2024-11-10 20:16:03.646 [info] > git for-each-ref --format=%(refname)%00%(upstream:short)%00%(objectname)%00%(upstream:track)%00%(upstream:remotename)%00%(upstream:remoteref) refs/heads/main refs/remotes/main [2ms]
2024-11-10 20:16:03.647 [warning] No such branch: main.
2024-11-10 20:16:03.684 [info] > git status -z -uall [15ms]
2024-11-10 20:16:08.752 [info] > git config --get commit.template [23ms]
2024-11-10 20:16:08.753 [info] > git for-each-ref --format=%(refname)%00%(upstream:short)%00%(objectname)%00%(upstream:track)%00%(upstream:remotename)%00%(upstream:remoteref) refs/heads/main refs/remotes/main [2ms]
2024-11-10 20:16:08.753 [warning] No such branch: main.
2024-11-10 20:16:08.790 [info] > git status -z -uall [15ms]
2024-11-10 20:16:13.869 [info] > git config --get commit.template [28ms]
2024-11-10 20:16:13.893 [info] > git -c user.useConfigOnly=true commit --quiet --allow-empty-message --file - [26ms]
2024-11-10 20:16:13.917 [info] > git for-each-ref --format=%(refname)%00%(upstream:short)%00%(objectname)%00%(upstream:track)%00%(upstream:remotename)%00%(upstream:remoteref) refs/heads/main refs/remotes/main [24ms]
2024-11-10 20:16:13.940 [info] > git config --get commit.template [24ms]
2024-11-10 20:16:13.968 [info] > git status -z -uall [29ms] (cancelled)
2024-11-10 20:16:13.969 [info] > git config --get commit.template [1ms]
2024-11-10 20:16:13.994 [info] > git for-each-ref --format=%(refname)%00%(upstream:short)%00%(objectname)%00%(upstream:track)%00%(upstream:remotename)%00%(upstream:remoteref) refs/heads/main refs/remotes/main [2ms]
2024-11-10 20:16:14.033 [info] > git status -z -uall [16ms]
2024-11-10 20:16:14.367 [info] > git for-each-ref --format=%(refname)%00%(upstream:short)%00%(objectname)%00%(upstream:track)%00%(upstream:remotename)%00%(upstream:remoteref) refs/heads/main [31ms]
2024-11-10 20:16:14.393 [info] > git config --get commit.template [26ms]
2024-11-10 20:16:14.393 [info] > git for-each-ref --format=%(refname)%00%(upstream:short)%00%(objectname)%00%(upstream:track)%00%(upstream:remotename)%00%(upstream:remoteref) refs/heads/main [3ms]
2024-11-10 20:16:14.441 [info] > git config --local branch.main.vscode-merge-base [24ms]
2024-11-10 20:16:14.441 [warning] git config failed: Failed to execute git
2024-11-10 20:16:14.464 [info] > git for-each-ref --format=%(refname)%00%(upstream:short)%00%(objectname)%00%(upstream:track)%00%(upstream:remotename)%00%(upstream:remoteref) refs/heads/main refs/remotes/main [25ms]
2024-11-10 20:16:14.486 [info] > git reflog refs/heads/main --grep-reflog=branch: Created from *. [23ms]
2024-11-10 20:16:14.510 [info] > git status -z -uall [24ms]
2024-11-10 20:16:14.535 [info] > git symbolic-ref --short refs/remotes/origin/HEAD [26ms]
2024-11-10 20:16:14.535 [info] fatal: ref refs/remotes/origin/HEAD is not a symbolic ref
2024-11-10 20:16:14.535 [info] GitHistoryProvider:resolveHistoryItemGroupBase - Failed to resolve history item group base for 'refs/heads/main'
2024-11-10 20:16:14.535 [info] GitHistoryProvider:resolveHistoryItemGroupCommonAncestor - Failed to resolve history item group base for 'refs/heads/main'
2024-11-10 20:16:14.807 [info] > git for-each-ref --format=%(refname)%00%(upstream:short)%00%(objectname)%00%(upstream:track)%00%(upstream:remotename)%00%(upstream:remoteref) refs/heads/main [5ms]
2024-11-10 20:16:14.831 [info] > git for-each-ref --format=%(refname)%00%(upstream:short)%00%(objectname)%00%(upstream:track)%00%(upstream:remotename)%00%(upstream:remoteref) refs/heads/main [2ms]
2024-11-10 20:16:14.857 [info] > git config --local branch.main.vscode-merge-base [1ms]
2024-11-10 20:16:14.857 [warning] git config failed: Failed to execute git
2024-11-10 20:16:14.882 [info] > git reflog refs/heads/main --grep-reflog=branch: Created from *. [2ms]
2024-11-10 20:16:14.906 [info] > git symbolic-ref --short refs/remotes/origin/HEAD [2ms]
2024-11-10 20:16:14.907 [info] fatal: ref refs/remotes/origin/HEAD is not a symbolic ref
2024-11-10 20:16:14.907 [info] GitHistoryProvider:resolveHistoryItemGroupBase - Failed to resolve history item group base for 'refs/heads/main'
2024-11-10 20:16:14.907 [info] GitHistoryProvider:resolveHistoryItemGroupCommonAncestor - Failed to resolve history item group base for 'refs/heads/main'
2024-11-10 20:16:15.471 [info] > git ls-files --stage -- /home/davidelom_gnaglo/kubernates/service.yaml [2ms]
2024-11-10 20:16:15.517 [info] > git show --textconv :kubernates/service.yaml [2ms]
2024-11-10 20:16:18.993 [info] > git config --get commit.template [24ms]
2024-11-10 20:16:18.994 [info] > git for-each-ref --format=%(refname)%00%(upstream:short)%00%(objectname)%00%(upstream:track)%00%(upstream:remotename)%00%(upstream:remoteref) refs/heads/main refs/remotes/main [2ms]
2024-11-10 20:16:19.032 [info] > git status -z -uall [15ms]
2024-11-10 20:16:24.102 [info] > git config --get commit.template [25ms]
2024-11-10 20:16:24.103 [info] > git for-each-ref --format=%(refname)%00%(upstream:short)%00%(objectname)%00%(upstream:track)%00%(upstream:remotename)%00%(upstream:remoteref) refs/heads/main refs/remotes/main [2ms]
2024-11-10 20:16:24.142 [info] > git status -z -uall [15ms]
2024-11-10 20:16:24.455 [info] > git for-each-ref --format=%(refname)%00%(upstream:short)%00%(objectname)%00%(upstream:track)%00%(upstream:remotename)%00%(upstream:remoteref) refs/heads/main [5ms]
2024-11-10 20:16:24.481 [info] > git for-each-ref --format=%(refname)%00%(upstream:short)%00%(objectname)%00%(upstream:track)%00%(upstream:remotename)%00%(upstream:remoteref) refs/heads/main [2ms]
2024-11-10 20:16:24.506 [info] > git config --local branch.main.vscode-merge-base [2ms]
2024-11-10 20:16:24.506 [warning] git config failed: Failed to execute git
2024-11-10 20:16:24.530 [info] > git reflog refs/heads/main --grep-reflog=branch: Created from *. [2ms]
2024-11-10 20:16:24.554 [info] > git symbolic-ref --short refs/remotes/origin/HEAD [2ms]
2024-11-10 20:16:24.554 [info] fatal: ref refs/remotes/origin/HEAD is not a symbolic ref
2024-11-10 20:16:24.554 [info] GitHistoryProvider:resolveHistoryItemGroupBase - Failed to resolve history item group base for 'refs/heads/main'
2024-11-10 20:16:24.554 [info] GitHistoryProvider:resolveHistoryItemGroupCommonAncestor - Failed to resolve history item group base for 'refs/heads/main'
2024-11-10 20:16:24.708 [info] > git for-each-ref --format=%(refname)%00%(upstream:short)%00%(objectname)%00%(upstream:track)%00%(upstream:remotename)%00%(upstream:remoteref) refs/heads/main [2ms]
2024-11-10 20:16:24.734 [info] > git for-each-ref --format=%(refname)%00%(upstream:short)%00%(objectname)%00%(upstream:track)%00%(upstream:remotename)%00%(upstream:remoteref) refs/heads/main [2ms]
2024-11-10 20:16:24.759 [info] > git config --local branch.main.vscode-merge-base [2ms]
2024-11-10 20:16:24.759 [warning] git config failed: Failed to execute git
2024-11-10 20:16:24.783 [info] > git reflog refs/heads/main --grep-reflog=branch: Created from *. [3ms]
2024-11-10 20:16:24.806 [info] > git symbolic-ref --short refs/remotes/origin/HEAD [2ms]
2024-11-10 20:16:24.806 [info] fatal: ref refs/remotes/origin/HEAD is not a symbolic ref
2024-11-10 20:16:24.807 [info] GitHistoryProvider:resolveHistoryItemGroupBase - Failed to resolve history item group base for 'refs/heads/main'
2024-11-10 20:16:24.807 [info] GitHistoryProvider:resolveHistoryItemGroupCommonAncestor - Failed to resolve history item group base for 'refs/heads/main'
2024-11-10 20:16:25.207 [info] > git for-each-ref --sort -committerdate --format %(refname) %(objectname) %(*objectname) [2ms]
2024-11-10 20:16:29.211 [info] > git config --get commit.template [23ms]
2024-11-10 20:16:29.212 [info] > git for-each-ref --format=%(refname)%00%(upstream:short)%00%(objectname)%00%(upstream:track)%00%(upstream:remotename)%00%(upstream:remoteref) refs/heads/main refs/remotes/main [2ms]
2024-11-10 20:16:29.250 [info] > git status -z -uall [15ms]
2024-11-10 20:16:34.669 [info] > git config --get commit.template [2ms]
2024-11-10 20:16:34.694 [info] > git for-each-ref --format=%(refname)%00%(upstream:short)%00%(objectname)%00%(upstream:track)%00%(upstream:remotename)%00%(upstream:remoteref) refs/heads/main refs/remotes/main [2ms]
2024-11-10 20:16:34.732 [info] > git status -z -uall [16ms]
2024-11-10 20:16:39.799 [info] > git config --get commit.template [23ms]
2024-11-10 20:16:39.800 [info] > git for-each-ref --format=%(refname)%00%(upstream:short)%00%(objectname)%00%(upstream:track)%00%(upstream:remotename)%00%(upstream:remoteref) refs/heads/main refs/remotes/main [1ms]
2024-11-10 20:16:39.838 [info] > git status -z -uall [15ms]
2024-11-10 20:16:44.911 [info] > git config --get commit.template [23ms]
2024-11-10 20:16:44.912 [info] > git for-each-ref --format=%(refname)%00%(upstream:short)%00%(objectname)%00%(upstream:track)%00%(upstream:remotename)%00%(upstream:remoteref) refs/heads/main refs/remotes/main [2ms]
2024-11-10 20:16:44.949 [info] > git status -z -uall [15ms]
2024-11-10 20:16:49.718 [info] > git check-ignore -v -z --stdin [2ms]
2024-11-10 20:16:50.026 [info] > git config --get commit.template [24ms]
2024-11-10 20:16:50.027 [info] > git for-each-ref --format=%(refname)%00%(upstream:short)%00%(objectname)%00%(upstream:track)%00%(upstream:remotename)%00%(upstream:remoteref) refs/heads/main refs/remotes/main [2ms]
2024-11-10 20:16:50.065 [info] > git status -z -uall [16ms]
2024-11-10 20:16:55.137 [info] > git config --get commit.template [24ms]
2024-11-10 20:16:55.138 [info] > git for-each-ref --format=%(refname)%00%(upstream:short)%00%(objectname)%00%(upstream:track)%00%(upstream:remotename)%00%(upstream:remoteref) refs/heads/main refs/remotes/main [2ms]
2024-11-10 20:16:55.176 [info] > git status -z -uall [16ms]
2024-11-10 20:16:56.055 [info] > git for-each-ref --sort -committerdate --format %(refname) %(objectname) %(*objectname) [2ms]
2024-11-10 20:17:00.247 [info] > git config --get commit.template [23ms]
2024-11-10 20:17:00.248 [info] > git for-each-ref --format=%(refname)%00%(upstream:short)%00%(objectname)%00%(upstream:track)%00%(upstream:remotename)%00%(upstream:remoteref) refs/heads/main refs/remotes/main [2ms]
2024-11-10 20:17:00.286 [info] > git status -z -uall [16ms]
2024-11-10 20:17:05.374 [info] > git config --get commit.template [26ms]
2024-11-10 20:17:05.375 [info] > git for-each-ref --format=%(refname)%00%(upstream:short)%00%(objectname)%00%(upstream:track)%00%(upstream:remotename)%00%(upstream:remoteref) refs/heads/main refs/remotes/main [2ms]
2024-11-10 20:17:05.414 [info] > git status -z -uall [15ms]
2024-11-10 20:17:05.974 [info] > git for-each-ref --format=%(refname)%00%(upstream:short)%00%(objectname)%00%(upstream:track)%00%(upstream:remotename)%00%(upstream:remoteref) refs/heads/main [7ms]
2024-11-10 20:17:06.006 [info] > git for-each-ref --format=%(refname)%00%(upstream:short)%00%(objectname)%00%(upstream:track)%00%(upstream:remotename)%00%(upstream:remoteref) refs/heads/main [3ms]
2024-11-10 20:17:06.032 [info] > git config --local branch.main.vscode-merge-base [2ms]
2024-11-10 20:17:06.032 [warning] git config failed: Failed to execute git
2024-11-10 20:17:06.059 [info] > git reflog refs/heads/main --grep-reflog=branch: Created from *. [3ms]
2024-11-10 20:17:06.084 [info] > git symbolic-ref --short refs/remotes/origin/HEAD [2ms]
2024-11-10 20:17:06.084 [info] fatal: ref refs/remotes/origin/HEAD is not a symbolic ref
2024-11-10 20:17:06.085 [info] GitHistoryProvider:resolveHistoryItemGroupBase - Failed to resolve history item group base for 'refs/heads/main'
2024-11-10 20:17:06.085 [info] GitHistoryProvider:resolveHistoryItemGroupCommonAncestor - Failed to resolve history item group base for 'refs/heads/main'
2024-11-10 20:17:06.284 [info] > git for-each-ref --format=%(refname)%00%(upstream:short)%00%(objectname)%00%(upstream:track)%00%(upstream:remotename)%00%(upstream:remoteref) refs/heads/main [2ms]
2024-11-10 20:17:06.312 [info] > git for-each-ref --format=%(refname)%00%(upstream:short)%00%(objectname)%00%(upstream:track)%00%(upstream:remotename)%00%(upstream:remoteref) refs/heads/main [2ms]
2024-11-10 20:17:06.338 [info] > git config --local branch.main.vscode-merge-base [2ms]
2024-11-10 20:17:06.338 [warning] git config failed: Failed to execute git
2024-11-10 20:17:06.365 [info] > git reflog refs/heads/main --grep-reflog=branch: Created from *. [3ms]
2024-11-10 20:17:06.391 [info] > git symbolic-ref --short refs/remotes/origin/HEAD [2ms]
2024-11-10 20:17:06.391 [info] fatal: ref refs/remotes/origin/HEAD is not a symbolic ref
2024-11-10 20:17:06.391 [info] GitHistoryProvider:resolveHistoryItemGroupBase - Failed to resolve history item group base for 'refs/heads/main'
2024-11-10 20:17:06.391 [info] GitHistoryProvider:resolveHistoryItemGroupCommonAncestor - Failed to resolve history item group base for 'refs/heads/main'
2024-11-10 20:17:23.140 [info] > git config --get commit.template [24ms]
2024-11-10 20:17:23.140 [info] > git for-each-ref --format=%(refname)%00%(upstream:short)%00%(objectname)%00%(upstream:track)%00%(upstream:remotename)%00%(upstream:remoteref) refs/heads/main refs/remotes/main [2ms]
2024-11-10 20:17:23.179 [info] > git status -z -uall [16ms]
2024-11-10 20:17:28.249 [info] > git config --get commit.template [24ms]
2024-11-10 20:17:28.250 [info] > git for-each-ref --format=%(refname)%00%(upstream:short)%00%(objectname)%00%(upstream:track)%00%(upstream:remotename)%00%(upstream:remoteref) refs/heads/main refs/remotes/main [2ms]
2024-11-10 20:17:28.290 [info] > git status -z -uall [16ms]
2024-11-10 20:17:33.364 [info] > git config --get commit.template [25ms]
2024-11-10 20:17:33.365 [info] > git for-each-ref --format=%(refname)%00%(upstream:short)%00%(objectname)%00%(upstream:track)%00%(upstream:remotename)%00%(upstream:remoteref) refs/heads/main refs/remotes/main [2ms]
2024-11-10 20:17:33.404 [info] > git status -z -uall [16ms]
2024-11-10 20:17:38.481 [info] > git config --get commit.template [24ms]
2024-11-10 20:17:38.481 [info] > git for-each-ref --format=%(refname)%00%(upstream:short)%00%(objectname)%00%(upstream:track)%00%(upstream:remotename)%00%(upstream:remoteref) refs/heads/main refs/remotes/main [2ms]
2024-11-10 20:17:38.521 [info] > git status -z -uall [15ms]
2024-11-10 20:17:43.598 [info] > git config --get commit.template [24ms]
2024-11-10 20:17:43.598 [info] > git for-each-ref --format=%(refname)%00%(upstream:short)%00%(objectname)%00%(upstream:track)%00%(upstream:remotename)%00%(upstream:remoteref) refs/heads/main refs/remotes/main [2ms]
2024-11-10 20:17:43.637 [info] > git status -z -uall [16ms]
2024-11-10 20:17:48.713 [info] > git config --get commit.template [26ms]
2024-11-10 20:17:48.714 [info] > git for-each-ref --format=%(refname)%00%(upstream:short)%00%(objectname)%00%(upstream:track)%00%(upstream:remotename)%00%(upstream:remoteref) refs/heads/main refs/remotes/main [1ms]
2024-11-10 20:17:48.752 [info] > git status -z -uall [16ms]
2024-11-10 20:17:53.825 [info] > git config --get commit.template [25ms]
2024-11-10 20:17:53.826 [info] > git for-each-ref --format=%(refname)%00%(upstream:short)%00%(objectname)%00%(upstream:track)%00%(upstream:remotename)%00%(upstream:remoteref) refs/heads/main refs/remotes/main [2ms]
2024-11-10 20:17:53.865 [info] > git status -z -uall [16ms]
2024-11-10 20:17:54.185 [info] > git for-each-ref --format=%(refname)%00%(upstream:short)%00%(objectname)%00%(upstream:track)%00%(upstream:remotename)%00%(upstream:remoteref) refs/heads/main [7ms]
2024-11-10 20:17:54.211 [info] > git for-each-ref --format=%(refname)%00%(upstream:short)%00%(objectname)%00%(upstream:track)%00%(upstream:remotename)%00%(upstream:remoteref) refs/heads/main [2ms]
2024-11-10 20:17:54.238 [info] > git config --local branch.main.vscode-merge-base [1ms]
2024-11-10 20:17:54.238 [warning] git config failed: Failed to execute git
2024-11-10 20:17:54.263 [info] > git reflog refs/heads/main --grep-reflog=branch: Created from *. [2ms]
2024-11-10 20:17:54.288 [info] > git symbolic-ref --short refs/remotes/origin/HEAD [2ms]
2024-11-10 20:17:54.288 [info] fatal: ref refs/remotes/origin/HEAD is not a symbolic ref
2024-11-10 20:17:54.288 [info] GitHistoryProvider:resolveHistoryItemGroupBase - Failed to resolve history item group base for 'refs/heads/main'
2024-11-10 20:17:54.288 [info] GitHistoryProvider:resolveHistoryItemGroupCommonAncestor - Failed to resolve history item group base for 'refs/heads/main'
2024-11-10 20:17:54.431 [info] > git for-each-ref --format=%(refname)%00%(upstream:short)%00%(objectname)%00%(upstream:track)%00%(upstream:remotename)%00%(upstream:remoteref) refs/heads/main [2ms]
2024-11-10 20:17:54.456 [info] > git for-each-ref --format=%(refname)%00%(upstream:short)%00%(objectname)%00%(upstream:track)%00%(upstream:remotename)%00%(upstream:remoteref) refs/heads/main [2ms]
2024-11-10 20:17:54.482 [info] > git config --local branch.main.vscode-merge-base [2ms]
2024-11-10 20:17:54.482 [warning] git config failed: Failed to execute git
2024-11-10 20:17:54.508 [info] > git reflog refs/heads/main --grep-reflog=branch: Created from *. [3ms]
2024-11-10 20:17:54.532 [info] > git symbolic-ref --short refs/remotes/origin/HEAD [2ms]
2024-11-10 20:17:54.532 [info] fatal: ref refs/remotes/origin/HEAD is not a symbolic ref
2024-11-10 20:17:54.532 [info] GitHistoryProvider:resolveHistoryItemGroupBase - Failed to resolve history item group base for 'refs/heads/main'
2024-11-10 20:17:54.532 [info] GitHistoryProvider:resolveHistoryItemGroupCommonAncestor - Failed to resolve history item group base for 'refs/heads/main'
2024-11-10 20:17:58.942 [info] > git config --get commit.template [24ms]
2024-11-10 20:17:58.943 [info] > git for-each-ref --format=%(refname)%00%(upstream:short)%00%(objectname)%00%(upstream:track)%00%(upstream:remotename)%00%(upstream:remoteref) refs/heads/main refs/remotes/main [2ms]
2024-11-10 20:17:58.982 [info] > git status -z -uall [16ms]
2024-11-10 20:18:04.060 [info] > git config --get commit.template [24ms]
2024-11-10 20:18:04.060 [info] > git for-each-ref --format=%(refname)%00%(upstream:short)%00%(objectname)%00%(upstream:track)%00%(upstream:remotename)%00%(upstream:remoteref) refs/heads/main refs/remotes/main [2ms]
2024-11-10 20:18:04.101 [info] > git status -z -uall [17ms]
2024-11-10 20:18:09.175 [info] > git config --get commit.template [24ms]
2024-11-10 20:18:09.176 [info] > git for-each-ref --format=%(refname)%00%(upstream:short)%00%(objectname)%00%(upstream:track)%00%(upstream:remotename)%00%(upstream:remoteref) refs/heads/main refs/remotes/main [2ms]
2024-11-10 20:18:09.215 [info] > git status -z -uall [16ms]
2024-11-10 20:18:14.289 [info] > git config --get commit.template [23ms]
2024-11-10 20:18:14.290 [info] > git for-each-ref --format=%(refname)%00%(upstream:short)%00%(objectname)%00%(upstream:track)%00%(upstream:remotename)%00%(upstream:remoteref) refs/heads/main refs/remotes/main [2ms]
2024-11-10 20:18:14.330 [info] > git status -z -uall [16ms]
2024-11-10 20:18:19.404 [info] > git config --get commit.template [25ms]
2024-11-10 20:18:19.405 [info] > git for-each-ref --format=%(refname)%00%(upstream:short)%00%(objectname)%00%(upstream:track)%00%(upstream:remotename)%00%(upstream:remoteref) refs/heads/main refs/remotes/main [2ms]
2024-11-10 20:18:19.444 [info] > git status -z -uall [15ms]
2024-11-10 20:18:24.515 [info] > git config --get commit.template [25ms]
2024-11-10 20:18:24.516 [info] > git for-each-ref --format=%(refname)%00%(upstream:short)%00%(objectname)%00%(upstream:track)%00%(upstream:remotename)%00%(upstream:remoteref) refs/heads/main refs/remotes/main [1ms]
2024-11-10 20:18:24.554 [info] > git status -z -uall [16ms]
2024-11-10 20:18:29.625 [info] > git config --get commit.template [22ms]
2024-11-10 20:18:29.626 [info] > git for-each-ref --format=%(refname)%00%(upstream:short)%00%(objectname)%00%(upstream:track)%00%(upstream:remotename)%00%(upstream:remoteref) refs/heads/main refs/remotes/main [2ms]
2024-11-10 20:18:29.663 [info] > git status -z -uall [16ms]
2024-11-10 20:18:29.963 [info] > git for-each-ref --format=%(refname)%00%(upstream:short)%00%(objectname)%00%(upstream:track)%00%(upstream:remotename)%00%(upstream:remoteref) refs/heads/main [179ms]
2024-11-10 20:18:29.987 [info] > git for-each-ref --format=%(refname)%00%(upstream:short)%00%(objectname)%00%(upstream:track)%00%(upstream:remotename)%00%(upstream:remoteref) refs/heads/main [2ms]
2024-11-10 20:18:30.011 [info] > git config --local branch.main.vscode-merge-base [2ms]
2024-11-10 20:18:30.011 [warning] git config failed: Failed to execute git
2024-11-10 20:18:30.035 [info] > git reflog refs/heads/main --grep-reflog=branch: Created from *. [2ms]
2024-11-10 20:18:30.058 [info] > git symbolic-ref --short refs/remotes/origin/HEAD [2ms]
2024-11-10 20:18:30.058 [info] fatal: ref refs/remotes/origin/HEAD is not a symbolic ref
2024-11-10 20:18:30.058 [info] GitHistoryProvider:resolveHistoryItemGroupBase - Failed to resolve history item group base for 'refs/heads/main'
2024-11-10 20:18:30.058 [info] GitHistoryProvider:resolveHistoryItemGroupCommonAncestor - Failed to resolve history item group base for 'refs/heads/main'
2024-11-10 20:18:30.161 [info] > git for-each-ref --format=%(refname)%00%(upstream:short)%00%(objectname)%00%(upstream:track)%00%(upstream:remotename)%00%(upstream:remoteref) refs/heads/main [2ms]
2024-11-10 20:18:30.186 [info] > git for-each-ref --format=%(refname)%00%(upstream:short)%00%(objectname)%00%(upstream:track)%00%(upstream:remotename)%00%(upstream:remoteref) refs/heads/main [2ms]
2024-11-10 20:18:30.210 [info] > git config --local branch.main.vscode-merge-base [2ms]
2024-11-10 20:18:30.210 [warning] git config failed: Failed to execute git
2024-11-10 20:18:30.234 [info] > git reflog refs/heads/main --grep-reflog=branch: Created from *. [2ms]
2024-11-10 20:18:30.257 [info] > git symbolic-ref --short refs/remotes/origin/HEAD [2ms]
2024-11-10 20:18:30.257 [info] fatal: ref refs/remotes/origin/HEAD is not a symbolic ref
2024-11-10 20:18:30.257 [info] GitHistoryProvider:resolveHistoryItemGroupBase - Failed to resolve history item group base for 'refs/heads/main'
2024-11-10 20:18:30.257 [info] GitHistoryProvider:resolveHistoryItemGroupCommonAncestor - Failed to resolve history item group base for 'refs/heads/main'
2024-11-10 20:18:34.730 [info] > git config --get commit.template [23ms]
2024-11-10 20:18:34.731 [info] > git for-each-ref --format=%(refname)%00%(upstream:short)%00%(objectname)%00%(upstream:track)%00%(upstream:remotename)%00%(upstream:remoteref) refs/heads/main refs/remotes/main [2ms]
2024-11-10 20:18:34.768 [info] > git status -z -uall [16ms]
2024-11-10 20:18:39.836 [info] > git config --get commit.template [21ms]
2024-11-10 20:18:39.837 [info] > git for-each-ref --format=%(refname)%00%(upstream:short)%00%(objectname)%00%(upstream:track)%00%(upstream:remotename)%00%(upstream:remoteref) refs/heads/main refs/remotes/main [3ms]
2024-11-10 20:18:39.874 [info] > git status -z -uall [16ms]
2024-11-10 20:18:44.941 [info] > git config --get commit.template [23ms]
2024-11-10 20:18:44.942 [info] > git for-each-ref --format=%(refname)%00%(upstream:short)%00%(objectname)%00%(upstream:track)%00%(upstream:remotename)%00%(upstream:remoteref) refs/heads/main refs/remotes/main [2ms]
2024-11-10 20:18:44.978 [info] > git status -z -uall [16ms]
2024-11-10 20:18:46.814 [info] > git push [2ms]
2024-11-10 20:18:46.814 [info] fatal: The current branch main has no upstream branch.
To push the current branch and set the remote as upstream, use

    git push --set-upstream origin main

To have this happen automatically for branches without a tracking
upstream, see 'push.autoSetupRemote' in 'git help config'.
2024-11-10 20:18:46.858 [info] > git config --get commit.template [23ms]
2024-11-10 20:18:46.859 [info] > git for-each-ref --format=%(refname)%00%(upstream:short)%00%(objectname)%00%(upstream:track)%00%(upstream:remotename)%00%(upstream:remoteref) refs/heads/main refs/remotes/main [2ms]
2024-11-10 20:18:46.896 [info] > git status -z -uall [15ms]
2024-11-10 20:18:46.948 [info] > git for-each-ref --format=%(refname)%00%(upstream:short)%00%(objectname)%00%(upstream:track)%00%(upstream:remotename)%00%(upstream:remoteref) refs/heads/main [2ms]
2024-11-10 20:18:46.971 [info] > git for-each-ref --format=%(refname)%00%(upstream:short)%00%(objectname)%00%(upstream:track)%00%(upstream:remotename)%00%(upstream:remoteref) refs/heads/main [2ms]
2024-11-10 20:18:46.996 [info] > git config --local branch.main.vscode-merge-base [2ms]
2024-11-10 20:18:46.996 [warning] git config failed: Failed to execute git
2024-11-10 20:18:47.183 [info] > git reflog refs/heads/main --grep-reflog=branch: Created from *. [164ms]
2024-11-10 20:18:47.206 [info] > git symbolic-ref --short refs/remotes/origin/HEAD [2ms]
2024-11-10 20:18:47.206 [info] fatal: ref refs/remotes/origin/HEAD is not a symbolic ref
2024-11-10 20:18:47.207 [info] GitHistoryProvider:resolveHistoryItemGroupBase - Failed to resolve history item group base for 'refs/heads/main'
2024-11-10 20:18:47.207 [info] GitHistoryProvider:resolveHistoryItemGroupCommonAncestor - Failed to resolve history item group base for 'refs/heads/main'
2024-11-10 20:18:47.348 [info] > git for-each-ref --format=%(refname)%00%(upstream:short)%00%(objectname)%00%(upstream:track)%00%(upstream:remotename)%00%(upstream:remoteref) refs/heads/main [2ms]
2024-11-10 20:18:47.373 [info] > git for-each-ref --format=%(refname)%00%(upstream:short)%00%(objectname)%00%(upstream:track)%00%(upstream:remotename)%00%(upstream:remoteref) refs/heads/main [2ms]
2024-11-10 20:18:47.397 [info] > git config --local branch.main.vscode-merge-base [1ms]
2024-11-10 20:18:47.397 [warning] git config failed: Failed to execute git
2024-11-10 20:18:47.421 [info] > git reflog refs/heads/main --grep-reflog=branch: Created from *. [3ms]
2024-11-10 20:18:47.444 [info] > git symbolic-ref --short refs/remotes/origin/HEAD [2ms]
2024-11-10 20:18:47.444 [info] fatal: ref refs/remotes/origin/HEAD is not a symbolic ref
2024-11-10 20:18:47.444 [info] GitHistoryProvider:resolveHistoryItemGroupBase - Failed to resolve history item group base for 'refs/heads/main'
2024-11-10 20:18:47.444 [info] GitHistoryProvider:resolveHistoryItemGroupCommonAncestor - Failed to resolve history item group base for 'refs/heads/main'
2024-11-10 20:18:50.052 [info] > git config --get commit.template [23ms]
2024-11-10 20:18:50.052 [info] > git for-each-ref --format=%(refname)%00%(upstream:short)%00%(objectname)%00%(upstream:track)%00%(upstream:remotename)%00%(upstream:remoteref) refs/heads/main refs/remotes/main [2ms]
2024-11-10 20:18:50.089 [info] > git status -z -uall [15ms]
2024-11-10 20:18:53.166 [info] > git for-each-ref --format=%(refname)%00%(upstream:short)%00%(objectname)%00%(upstream:track)%00%(upstream:remotename)%00%(upstream:remoteref) refs/heads/main [3ms]
2024-11-10 20:18:53.191 [info] > git for-each-ref --format=%(refname)%00%(upstream:short)%00%(objectname)%00%(upstream:track)%00%(upstream:remotename)%00%(upstream:remoteref) refs/heads/main [3ms]
2024-11-10 20:18:53.215 [info] > git config --local branch.main.vscode-merge-base [2ms]
2024-11-10 20:18:53.215 [warning] git config failed: Failed to execute git
2024-11-10 20:18:53.239 [info] > git reflog refs/heads/main --grep-reflog=branch: Created from *. [2ms]
2024-11-10 20:18:53.262 [info] > git symbolic-ref --short refs/remotes/origin/HEAD [1ms]
2024-11-10 20:18:53.262 [info] fatal: ref refs/remotes/origin/HEAD is not a symbolic ref
2024-11-10 20:18:53.262 [info] GitHistoryProvider:resolveHistoryItemGroupBase - Failed to resolve history item group base for 'refs/heads/main'
2024-11-10 20:18:53.262 [info] GitHistoryProvider:resolveHistoryItemGroupCommonAncestor - Failed to resolve history item group base for 'refs/heads/main'
2024-11-10 20:18:53.633 [info] > git for-each-ref --format=%(refname)%00%(upstream:short)%00%(objectname)%00%(upstream:track)%00%(upstream:remotename)%00%(upstream:remoteref) refs/heads/main [1ms]
2024-11-10 20:18:53.657 [info] > git for-each-ref --format=%(refname)%00%(upstream:short)%00%(objectname)%00%(upstream:track)%00%(upstream:remotename)%00%(upstream:remoteref) refs/heads/main [2ms]
2024-11-10 20:18:53.681 [info] > git config --local branch.main.vscode-merge-base [1ms]
2024-11-10 20:18:53.681 [warning] git config failed: Failed to execute git
2024-11-10 20:18:53.704 [info] > git reflog refs/heads/main --grep-reflog=branch: Created from *. [3ms]
2024-11-10 20:18:53.726 [info] > git symbolic-ref --short refs/remotes/origin/HEAD [2ms]
2024-11-10 20:18:53.726 [info] fatal: ref refs/remotes/origin/HEAD is not a symbolic ref
2024-11-10 20:18:53.726 [info] GitHistoryProvider:resolveHistoryItemGroupBase - Failed to resolve history item group base for 'refs/heads/main'
2024-11-10 20:18:53.726 [info] GitHistoryProvider:resolveHistoryItemGroupCommonAncestor - Failed to resolve history item group base for 'refs/heads/main'
2024-11-10 20:19:49.720 [info] > git push -u origin main [56626ms]
2024-11-10 20:19:49.720 [info] To https://github.com/davidelom/test.git
 * [new branch]      main -> main
2024-11-10 20:19:49.752 [info] > git config --get commit.template [5ms]
2024-11-10 20:19:49.776 [info] > git for-each-ref --format=%(refname)%00%(upstream:short)%00%(objectname)%00%(upstream:track)%00%(upstream:remotename)%00%(upstream:remoteref) refs/heads/main refs/remotes/main [4ms]
2024-11-10 20:19:49.825 [info] > git status -z -uall [27ms]
2024-11-10 20:19:49.879 [info] > git merge-base refs/heads/main refs/remotes/origin/main [27ms]
2024-11-10 20:19:49.901 [info] > git for-each-ref --format=%(refname)%00%(upstream:short)%00%(objectname)%00%(upstream:track)%00%(upstream:remotename)%00%(upstream:remoteref) refs/heads/main [79ms]
2024-11-10 20:19:49.924 [info] > git rev-list --count --left-right refs/heads/main...refs/remotes/origin/main [24ms]
2024-11-10 20:19:50.122 [info] > git diff --name-status -z --diff-filter=ADMR 5b71241ec8ffa6b42415f5f0330e6d2514ad479a...refs/remotes/origin/main [176ms]
2024-11-10 20:19:50.123 [info] > git merge-base refs/heads/main refs/remotes/origin/main [200ms]
2024-11-10 20:19:50.147 [info] > git rev-list --count --left-right refs/heads/main...refs/remotes/origin/main [2ms]
2024-11-10 20:19:52.412 [info] > git config --get commit.template [45ms]
2024-11-10 20:19:52.413 [info] > git ls-files --stage -- /home/davidelom_gnaglo/kubernates/service.yaml [23ms]
2024-11-10 20:19:52.415 [info] > git for-each-ref --format=%(refname)%00%(upstream:short)%00%(objectname)%00%(upstream:track)%00%(upstream:remotename)%00%(upstream:remoteref) refs/heads/main refs/remotes/main [3ms]
2024-11-10 20:19:52.473 [info] > git status -z -uall [37ms]
2024-11-10 20:19:52.473 [info] > git show --textconv :kubernates/service.yaml [2ms]
2024-11-10 20:19:55.072 [info] > git fetch [317ms]
2024-11-10 20:19:55.120 [info] > git config --get commit.template [26ms]
2024-11-10 20:19:55.121 [info] > git for-each-ref --format=%(refname)%00%(upstream:short)%00%(objectname)%00%(upstream:track)%00%(upstream:remotename)%00%(upstream:remoteref) refs/heads/main refs/remotes/main [2ms]
2024-11-10 20:19:55.160 [info] > git status -z -uall [16ms]
2024-11-10 20:19:55.459 [info] > git fetch [733ms]
2024-11-10 20:19:55.497 [info] > git config --get commit.template [3ms]
2024-11-10 20:19:55.533 [info] > git for-each-ref --format %(refname) %(objectname) %(*objectname) refs/tags [6ms]
2024-11-10 20:19:55.875 [info] > git status -z -uall [307ms]
2024-11-10 20:19:56.850 [info] > git ls-files --stage -- /home/davidelom_gnaglo/kubernates/service.yaml [2ms]
2024-11-10 20:19:56.895 [info] > git show --textconv :kubernates/service.yaml [2ms]
2024-11-10 20:19:57.548 [info] > git config --get commit.template [22ms]
2024-11-10 20:19:57.549 [info] > git for-each-ref --format=%(refname)%00%(upstream:short)%00%(objectname)%00%(upstream:track)%00%(upstream:remotename)%00%(upstream:remoteref) refs/heads/main refs/remotes/main [2ms]
2024-11-10 20:19:57.589 [info] > git status -z -uall [17ms]
2024-11-10 20:20:02.659 [info] > git config --get commit.template [23ms]
2024-11-10 20:20:02.660 [info] > git for-each-ref --format=%(refname)%00%(upstream:short)%00%(objectname)%00%(upstream:track)%00%(upstream:remotename)%00%(upstream:remoteref) refs/heads/main refs/remotes/main [2ms]
2024-11-10 20:20:02.699 [info] > git status -z -uall [16ms]
2024-11-10 20:20:07.770 [info] > git config --get commit.template [25ms]
2024-11-10 20:20:07.771 [info] > git for-each-ref --format=%(refname)%00%(upstream:short)%00%(objectname)%00%(upstream:track)%00%(upstream:remotename)%00%(upstream:remoteref) refs/heads/main refs/remotes/main [2ms]
2024-11-10 20:20:07.811 [info] > git status -z -uall [16ms]
