2024-11-07 13:39:18.042 [info] Extension host with pid 10750 started
2024-11-07 13:39:18.068 [info] Lock '/home/davidelom_gnaglo/.codeoss/data/User/workspaceStorage/-34f7ea98/vscode.lock': Lock acquired.
2024-11-07 13:39:18.441 [info] ExtensionService#_doActivateExtension vscode.emmet, startup: false, activationEvent: 'onLanguage'
2024-11-07 13:39:19.446 [info] ExtensionService#_doActivateExtension vscode.git-base, startup: true, activationEvent: '*', root cause: vscode.git
2024-11-07 13:39:19.708 [error] No bundle location found for extension vscode.emmet
2024-11-07 13:39:20.034 [error] No bundle location found for extension vscode.git-base
2024-11-07 13:39:20.052 [info] ExtensionService#_doActivateExtension vscode.git, startup: true, activationEvent: '*'
2024-11-07 13:39:20.054 [info] ExtensionService#_doActivateExtension vscode.github, startup: true, activationEvent: '*'
2024-11-07 13:39:20.099 [info] ExtensionService#_doActivateExtension redhat.fabric8-analytics, startup: true, activationEvent: 'workspaceContains:**/package.json,**/pom.xml,**/go.mod,**/requirements.txt'
2024-11-07 13:39:20.100 [info] ExtensionService#_doActivateExtension hashicorp.terraform, startup: true, activationEvent: 'workspaceContains:**/*.tf,**/*.tfvars'
2024-11-07 13:39:20.325 [error] No bundle location found for extension vscode.git
2024-11-07 13:39:20.514 [warning] Using default string since no string found in i18n bundle that has the key: Log level: {0}
2024-11-07 13:39:20.535 [warning] Using default string since no string found in i18n bundle that has the key: Validating found git in: "{0}"
2024-11-07 13:39:20.576 [error] No bundle location found for extension vscode.github
2024-11-07 13:39:20.576 [error] No bundle location found for extension redhat.fabric8-analytics
2024-11-07 13:39:20.577 [error] No bundle location found for extension hashicorp.terraform
2024-11-07 13:39:21.237 [warning] Using default string since no string found in i18n bundle that has the key: Log level: {0}
2024-11-07 13:39:21.260 [warning] Using default string since no string found in i18n bundle that has the key: Enables the following features: {0}
2024-11-07 13:39:21.261 [warning] Using default string since no string found in i18n bundle that has the key: Using git "{0}" from "{1}"
2024-11-07 13:39:21.285 [warning] Using default string since no string found in i18n bundle that has the key: Git History
2024-11-07 13:39:21.293 [warning] Using default string since no string found in i18n bundle that has the key: Copy vscode.dev Link
2024-11-07 13:39:21.597 [info] Eager extensions activated
2024-11-07 13:39:21.597 [info] ExtensionService#_doActivateExtension EditorConfig.EditorConfig, startup: false, activationEvent: 'onStartupFinished'
2024-11-07 13:39:21.599 [info] ExtensionService#_doActivateExtension google.cloud-shell, startup: false, activationEvent: 'onStartupFinished'
2024-11-07 13:39:21.599 [info] ExtensionService#_doActivateExtension googlecloudtools.cloudcode, startup: false, activationEvent: 'onStartupFinished'
2024-11-07 13:39:21.601 [info] ExtensionService#_doActivateExtension vscode.debug-auto-launch, startup: false, activationEvent: 'onStartupFinished'
2024-11-07 13:39:21.602 [info] ExtensionService#_doActivateExtension vscode.merge-conflict, startup: false, activationEvent: 'onStartupFinished'
2024-11-07 13:39:21.974 [error] No bundle location found for extension googlecloudtools.cloudcode
2024-11-07 13:39:21.974 [error] No bundle location found for extension vscode.merge-conflict
2024-11-07 13:39:27.498 [warning] Using default string since no string found in i18n bundle that has the key: (Current Change)
2024-11-07 13:39:27.498 [warning] Using default string since no string found in i18n bundle that has the key: (Incoming Change)
2024-11-07 13:39:27.618 [error] No bundle location found for extension vscode.debug-auto-launch
2024-11-07 13:39:27.618 [error] No bundle location found for extension google.cloud-shell
2024-11-07 13:39:27.618 [error] No bundle location found for extension EditorConfig.EditorConfig
2024-11-07 13:39:27.628 [warning] Using default string since no string found in i18n bundle that has the key: Auto Attach: Disabled
2024-11-07 13:39:27.628 [warning] Using default string since no string found in i18n bundle that has the key: Auto Attach: Always
2024-11-07 13:39:27.628 [warning] Using default string since no string found in i18n bundle that has the key: Auto Attach: Smart
2024-11-07 13:39:27.628 [warning] Using default string since no string found in i18n bundle that has the key: Auto Attach: With Flag
2024-11-07 13:39:27.628 [warning] Using default string since no string found in i18n bundle that has the key: Disabled
2024-11-07 13:39:27.629 [warning] Using default string since no string found in i18n bundle that has the key: Always
2024-11-07 13:39:27.629 [warning] Using default string since no string found in i18n bundle that has the key: Smart
2024-11-07 13:39:27.629 [warning] Using default string since no string found in i18n bundle that has the key: Only With Flag
2024-11-07 13:39:27.629 [warning] Using default string since no string found in i18n bundle that has the key: Auto attach is disabled and not shown in status bar
2024-11-07 13:39:27.629 [warning] Using default string since no string found in i18n bundle that has the key: Auto attach to every Node.js process launched in the terminal
2024-11-07 13:39:27.629 [warning] Using default string since no string found in i18n bundle that has the key: Auto attach when running scripts that aren't in a node_modules folder
2024-11-07 13:39:27.629 [warning] Using default string since no string found in i18n bundle that has the key: Only auto attach when the `--inspect` flag is given
2024-11-07 13:39:27.629 [warning] Using default string since no string found in i18n bundle that has the key: Toggle auto attach in this workspace
2024-11-07 13:39:27.629 [warning] Using default string since no string found in i18n bundle that has the key: Toggle auto attach on this machine
2024-11-07 13:39:27.629 [warning] Using default string since no string found in i18n bundle that has the key: Temporarily disable auto attach in this session
2024-11-07 13:39:27.629 [warning] Using default string since no string found in i18n bundle that has the key: Re-enable auto attach
2024-11-07 13:39:27.629 [warning] Using default string since no string found in i18n bundle that has the key: Auto Attach: Disabled
2024-11-07 13:39:27.813 [warning] Using default string since no string found in i18n bundle that has the key: (Current Change)
2024-11-07 13:39:27.813 [warning] Using default string since no string found in i18n bundle that has the key: (Incoming Change)
2024-11-07 13:39:28.084 [info] ExtensionService#_doActivateExtension vscode.json-language-features, startup: false, activationEvent: 'onLanguage:jsonc'
2024-11-07 13:39:28.085 [info] ExtensionService#_doActivateExtension vscode.typescript-language-features, startup: false, activationEvent: 'onLanguage:jsonc'
2024-11-07 13:39:28.807 [error] No bundle location found for extension vscode.json-language-features
2024-11-07 13:39:28.959 [warning] Using default string since no string found in i18n bundle that has the key: Configure
2024-11-07 13:39:28.960 [warning] Using default string since no string found in i18n bundle that has the key: JSON Language Server
2024-11-07 13:39:29.018 [error] No bundle location found for extension vscode.typescript-language-features
2024-11-07 13:39:29.154 [warning] Using default string since no string found in i18n bundle that has the key: Learn more about managing TypeScript versions
2024-11-07 13:39:29.245 [warning] Using default string since no string found in i18n bundle that has the key: JSON: Schema Resolution Error
2024-11-07 13:39:29.627 [warning] Using default string since no string found in i18n bundle that has the key: Unable to resolve schema. Click to retry.
2024-11-07 13:39:29.628 [warning] Using default string since no string found in i18n bundle that has the key: JSON Validation Status
2024-11-07 13:39:29.629 [warning] Using default string since no string found in i18n bundle that has the key: Loading JSON info
2024-11-07 13:39:29.645 [warning] Using default string since no string found in i18n bundle that has the key: No Schema Validation
2024-11-07 13:39:29.646 [warning] Using default string since no string found in i18n bundle that has the key: no JSON schema configured
2024-11-07 13:39:29.646 [warning] Using default string since no string found in i18n bundle that has the key: Show Schemas
2024-11-07 13:47:18.523 [info] Extension host terminating: received terminate message from renderer
2024-11-07 13:47:18.525 [info] Lock '/home/davidelom_gnaglo/.codeoss/data/User/workspaceStorage/-34f7ea98/vscode.lock': Marking the lockfile as scheduled to be released in 6000 ms.
2024-11-07 13:47:18.586 [info] Extension host with pid 10750 exiting with code 0
