2024-11-07 13:39:21.403 [info] Log level: Info
2024-11-07 13:39:21.403 [info] Validating found git in: "git"
2024-11-07 13:39:21.403 [info] Using git "2.43.0" from "git"
2024-11-07 13:39:21.403 [info] > git rev-parse --show-toplevel [26ms]
2024-11-07 13:39:21.403 [info] fatal: not a git repository (or any parent up to mount point /)
Stopping at filesystem boundary (GIT_DISCOVERY_ACROSS_FILESYSTEM not set).
2024-11-07 13:39:21.403 [info] > git rev-parse --show-toplevel [20ms]
2024-11-07 13:39:21.403 [info] fatal: not a git repository (or any parent up to mount point /)
Stopping at filesystem boundary (GIT_DISCOVERY_ACROSS_FILESYSTEM not set).
2024-11-07 13:39:21.460 [info] > git rev-parse --show-toplevel [38ms]
2024-11-07 13:39:21.460 [info] fatal: not a git repository (or any parent up to mount point /)
Stopping at filesystem boundary (GIT_DISCOVERY_ACROSS_FILESYSTEM not set).
2024-11-07 13:39:21.606 [info] > git rev-parse --show-toplevel [85ms]
2024-11-07 13:39:21.606 [info] fatal: not a git repository (or any parent up to mount point /)
Stopping at filesystem boundary (GIT_DISCOVERY_ACROSS_FILESYSTEM not set).
2024-11-07 13:39:21.630 [info] > git rev-parse --show-toplevel [9ms]
2024-11-07 13:39:21.630 [info] fatal: not a git repository (or any parent up to mount point /)
Stopping at filesystem boundary (GIT_DISCOVERY_ACROSS_FILESYSTEM not set).
2024-11-07 13:39:21.658 [info] > git rev-parse --show-toplevel [12ms]
2024-11-07 13:39:21.658 [info] fatal: not a git repository (or any parent up to mount point /)
Stopping at filesystem boundary (GIT_DISCOVERY_ACROSS_FILESYSTEM not set).
2024-11-07 13:39:21.698 [info] > git rev-parse --show-toplevel [13ms]
2024-11-07 13:39:21.698 [info] fatal: not a git repository (or any parent up to mount point /)
Stopping at filesystem boundary (GIT_DISCOVERY_ACROSS_FILESYSTEM not set).
2024-11-07 13:39:21.737 [info] > git rev-parse --show-toplevel [7ms]
2024-11-07 13:39:21.737 [info] fatal: not a git repository (or any parent up to mount point /)
Stopping at filesystem boundary (GIT_DISCOVERY_ACROSS_FILESYSTEM not set).
2024-11-07 13:39:21.780 [info] > git rev-parse --show-toplevel [14ms]
2024-11-07 13:39:21.780 [info] fatal: not a git repository (or any parent up to mount point /)
Stopping at filesystem boundary (GIT_DISCOVERY_ACROSS_FILESYSTEM not set).
2024-11-07 13:39:21.823 [info] > git rev-parse --show-toplevel [5ms]
2024-11-07 13:39:21.823 [info] fatal: not a git repository (or any parent up to mount point /)
Stopping at filesystem boundary (GIT_DISCOVERY_ACROSS_FILESYSTEM not set).
2024-11-07 13:39:21.859 [info] > git rev-parse --show-toplevel [5ms]
2024-11-07 13:39:21.859 [info] fatal: not a git repository (or any parent up to mount point /)
Stopping at filesystem boundary (GIT_DISCOVERY_ACROSS_FILESYSTEM not set).
2024-11-07 13:39:21.911 [info] > git rev-parse --show-toplevel [13ms]
2024-11-07 13:39:21.911 [info] fatal: not a git repository (or any parent up to mount point /)
Stopping at filesystem boundary (GIT_DISCOVERY_ACROSS_FILESYSTEM not set).
2024-11-07 13:39:21.941 [info] > git rev-parse --show-toplevel [10ms]
2024-11-07 13:39:21.941 [info] fatal: not a git repository (or any parent up to mount point /)
Stopping at filesystem boundary (GIT_DISCOVERY_ACROSS_FILESYSTEM not set).
2024-11-07 13:39:27.995 [info] > git rev-parse --show-toplevel [116ms]
2024-11-07 13:39:27.995 [info] fatal: not a git repository (or any parent up to mount point /)
Stopping at filesystem boundary (GIT_DISCOVERY_ACROSS_FILESYSTEM not set).
2024-11-07 13:39:28.074 [info] > git rev-parse --show-toplevel [18ms]
2024-11-07 13:39:28.075 [info] fatal: not a git repository (or any parent up to mount point /)
Stopping at filesystem boundary (GIT_DISCOVERY_ACROSS_FILESYSTEM not set).
