2024-11-08 08:43:01.988 [info] Log level: Info
2024-11-08 08:43:01.988 [info] Validating found git in: "git"
2024-11-08 08:43:01.988 [info] Using git "2.43.0" from "git"
2024-11-08 08:43:01.988 [info] > git rev-parse --show-toplevel [27ms]
2024-11-08 08:43:01.988 [info] fatal: not a git repository (or any parent up to mount point /)
Stopping at filesystem boundary (GIT_DISCOVERY_ACROSS_FILESYSTEM not set).
2024-11-08 08:43:01.988 [info] > git rev-parse --show-toplevel [5ms]
2024-11-08 08:43:01.988 [info] fatal: not a git repository (or any parent up to mount point /)
Stopping at filesystem boundary (GIT_DISCOVERY_ACROSS_FILESYSTEM not set).
2024-11-08 08:43:02.054 [info] > git rev-parse --show-toplevel [67ms]
2024-11-08 08:43:02.054 [info] fatal: not a git repository (or any parent up to mount point /)
Stopping at filesystem boundary (GIT_DISCOVERY_ACROSS_FILESYSTEM not set).
2024-11-08 08:43:02.098 [info] > git rev-parse --show-toplevel [10ms]
2024-11-08 08:43:02.098 [info] fatal: not a git repository (or any parent up to mount point /)
Stopping at filesystem boundary (GIT_DISCOVERY_ACROSS_FILESYSTEM not set).
2024-11-08 08:43:02.118 [info] > git rev-parse --show-toplevel [6ms]
2024-11-08 08:43:02.118 [info] fatal: not a git repository (or any parent up to mount point /)
Stopping at filesystem boundary (GIT_DISCOVERY_ACROSS_FILESYSTEM not set).
2024-11-08 08:43:02.137 [info] > git rev-parse --show-toplevel [5ms]
2024-11-08 08:43:02.137 [info] fatal: not a git repository (or any parent up to mount point /)
Stopping at filesystem boundary (GIT_DISCOVERY_ACROSS_FILESYSTEM not set).
2024-11-08 08:43:02.154 [info] > git rev-parse --show-toplevel [4ms]
2024-11-08 08:43:02.154 [info] fatal: not a git repository (or any parent up to mount point /)
Stopping at filesystem boundary (GIT_DISCOVERY_ACROSS_FILESYSTEM not set).
2024-11-08 08:43:02.176 [info] > git rev-parse --show-toplevel [5ms]
2024-11-08 08:43:02.176 [info] fatal: not a git repository (or any parent up to mount point /)
Stopping at filesystem boundary (GIT_DISCOVERY_ACROSS_FILESYSTEM not set).
2024-11-08 08:43:02.198 [info] > git rev-parse --show-toplevel [6ms]
2024-11-08 08:43:02.198 [info] fatal: not a git repository (or any parent up to mount point /)
Stopping at filesystem boundary (GIT_DISCOVERY_ACROSS_FILESYSTEM not set).
2024-11-08 08:43:02.216 [info] > git rev-parse --show-toplevel [4ms]
2024-11-08 08:43:02.216 [info] fatal: not a git repository (or any parent up to mount point /)
Stopping at filesystem boundary (GIT_DISCOVERY_ACROSS_FILESYSTEM not set).
2024-11-08 08:43:02.237 [info] > git rev-parse --show-toplevel [6ms]
2024-11-08 08:43:02.237 [info] fatal: not a git repository (or any parent up to mount point /)
Stopping at filesystem boundary (GIT_DISCOVERY_ACROSS_FILESYSTEM not set).
2024-11-08 08:43:02.256 [info] > git rev-parse --show-toplevel [5ms]
2024-11-08 08:43:02.256 [info] fatal: not a git repository (or any parent up to mount point /)
Stopping at filesystem boundary (GIT_DISCOVERY_ACROSS_FILESYSTEM not set).
2024-11-08 08:43:02.275 [info] > git rev-parse --show-toplevel [5ms]
2024-11-08 08:43:02.275 [info] fatal: not a git repository (or any parent up to mount point /)
Stopping at filesystem boundary (GIT_DISCOVERY_ACROSS_FILESYSTEM not set).
2024-11-08 08:43:02.294 [info] > git rev-parse --show-toplevel [4ms]
2024-11-08 08:43:02.294 [info] fatal: not a git repository (or any parent up to mount point /)
Stopping at filesystem boundary (GIT_DISCOVERY_ACROSS_FILESYSTEM not set).
2024-11-08 08:43:02.339 [info] > git rev-parse --show-toplevel [31ms]
2024-11-08 08:43:02.394 [info] > git rev-parse --git-dir --git-common-dir [41ms]
2024-11-08 08:43:02.436 [info] Open repository: /home/davidelom_gnaglo/prometheus
2024-11-08 08:43:02.516 [info] > git config --get commit.template [45ms]
2024-11-08 08:43:03.752 [info] > git check-ignore -v -z --stdin [664ms]
2024-11-08 08:43:04.334 [info] > git for-each-ref --format %(refname) %(objectname) %(*objectname) refs/tags [1827ms]
2024-11-08 08:43:30.070 [info] > git status -z -uall [25718ms]
2024-11-08 08:43:30.145 [info] > git config --get commit.template [32ms]
2024-11-08 08:43:30.154 [info] > git for-each-ref --format %(refname) %(objectname) %(*objectname) refs/tags [10ms]
2024-11-08 08:43:31.772 [info] > git status -z -uall [1584ms]
2024-11-08 08:55:37.590 [info] > git config --get commit.template [3ms]
2024-11-08 08:55:37.612 [info] > git for-each-ref --format %(refname) %(objectname) %(*objectname) refs/tags [4ms]
2024-11-08 08:55:38.280 [info] > git status -z -uall [650ms]
2024-11-08 08:55:43.332 [info] > git config --get commit.template [23ms]
2024-11-08 08:55:43.343 [info] > git for-each-ref --format %(refname) %(objectname) %(*objectname) refs/tags [11ms]
2024-11-08 08:55:44.009 [info] > git status -z -uall [648ms]
2024-11-08 08:55:44.592 [info] > git rev-parse --show-toplevel [5ms]
2024-11-08 08:55:44.592 [info] fatal: not a git repository (or any parent up to mount point /)
Stopping at filesystem boundary (GIT_DISCOVERY_ACROSS_FILESYSTEM not set).
2024-11-08 09:08:05.215 [info] > git config --get commit.template [25ms]
2024-11-08 09:08:05.221 [info] > git for-each-ref --format %(refname) %(objectname) %(*objectname) refs/tags [9ms]
2024-11-08 09:08:05.577 [info] > git status -z -uall [338ms]
2024-11-08 09:08:09.128 [info] > git rev-parse --show-toplevel [5ms]
2024-11-08 09:08:09.128 [info] fatal: not a git repository (or any parent up to mount point /)
Stopping at filesystem boundary (GIT_DISCOVERY_ACROSS_FILESYSTEM not set).
2024-11-08 09:08:10.622 [info] > git config --get commit.template [21ms]
2024-11-08 09:08:10.625 [info] > git for-each-ref --format %(refname) %(objectname) %(*objectname) refs/tags [4ms]
2024-11-08 09:08:11.000 [info] > git status -z -uall [351ms]
2024-11-08 09:08:18.656 [info] > git config --get commit.template [25ms]
2024-11-08 09:08:18.661 [info] > git for-each-ref --format %(refname) %(objectname) %(*objectname) refs/tags [7ms]
2024-11-08 09:08:19.024 [info] > git status -z -uall [344ms]
2024-11-08 09:12:05.964 [info] > git config --get commit.template [2ms]
2024-11-08 09:12:05.985 [info] > git for-each-ref --format %(refname) %(objectname) %(*objectname) refs/tags [4ms]
2024-11-08 09:12:06.358 [info] > git status -z -uall [354ms]
2024-11-08 09:12:11.406 [info] > git config --get commit.template [23ms]
2024-11-08 09:12:11.407 [info] > git for-each-ref --format %(refname) %(objectname) %(*objectname) refs/tags [5ms]
2024-11-08 09:12:11.772 [info] > git status -z -uall [348ms]
2024-11-08 09:12:18.666 [info] > git config --get commit.template [25ms]
2024-11-08 09:12:18.668 [info] > git for-each-ref --format %(refname) %(objectname) %(*objectname) refs/tags [4ms]
2024-11-08 09:12:19.071 [info] > git status -z -uall [383ms]
2024-11-08 09:12:33.645 [info] > git config --get commit.template [21ms]
2024-11-08 09:12:33.647 [info] > git for-each-ref --format %(refname) %(objectname) %(*objectname) refs/tags [4ms]
2024-11-08 09:12:34.036 [info] > git status -z -uall [371ms]
2024-11-08 09:12:48.702 [info] > git config --get commit.template [39ms]
2024-11-08 09:12:48.710 [info] > git for-each-ref --format %(refname) %(objectname) %(*objectname) refs/tags [11ms]
2024-11-08 09:12:49.119 [info] > git status -z -uall [390ms]
2024-11-08 09:13:03.659 [info] > git config --get commit.template [23ms]
2024-11-08 09:13:03.663 [info] > git for-each-ref --format %(refname) %(objectname) %(*objectname) refs/tags [5ms]
2024-11-08 09:13:04.136 [info] > git status -z -uall [453ms]
2024-11-08 09:13:06.658 [info] > git rev-parse --show-toplevel [3ms]
2024-11-08 09:13:06.658 [info] fatal: not a git repository (or any parent up to mount point /)
Stopping at filesystem boundary (GIT_DISCOVERY_ACROSS_FILESYSTEM not set).
2024-11-08 09:13:18.667 [info] > git config --get commit.template [29ms]
2024-11-08 09:13:18.673 [info] > git for-each-ref --format %(refname) %(objectname) %(*objectname) refs/tags [8ms]
2024-11-08 09:13:19.071 [info] > git status -z -uall [378ms]
2024-11-08 09:13:33.677 [info] > git config --get commit.template [40ms]
2024-11-08 09:13:33.680 [info] > git for-each-ref --format %(refname) %(objectname) %(*objectname) refs/tags [5ms]
2024-11-08 09:13:34.128 [info] > git status -z -uall [423ms]
2024-11-08 09:13:37.826 [info] > git rev-parse --show-toplevel [5ms]
2024-11-08 09:13:37.826 [info] fatal: not a git repository (or any parent up to mount point /)
Stopping at filesystem boundary (GIT_DISCOVERY_ACROSS_FILESYSTEM not set).
2024-11-08 09:13:48.707 [info] > git config --get commit.template [30ms]
2024-11-08 09:13:48.712 [info] > git for-each-ref --format %(refname) %(objectname) %(*objectname) refs/tags [7ms]
2024-11-08 09:13:49.119 [info] > git status -z -uall [387ms]
2024-11-08 09:13:52.958 [info] > git rev-parse --show-toplevel [3ms]
2024-11-08 09:13:52.959 [info] fatal: not a git repository (or any parent up to mount point /)
Stopping at filesystem boundary (GIT_DISCOVERY_ACROSS_FILESYSTEM not set).
2024-11-08 09:13:59.195 [info] > git rev-parse --show-toplevel [5ms]
2024-11-08 09:13:59.195 [info] fatal: not a git repository (or any parent up to mount point /)
Stopping at filesystem boundary (GIT_DISCOVERY_ACROSS_FILESYSTEM not set).
2024-11-08 09:14:03.639 [info] > git config --get commit.template [3ms]
2024-11-08 09:14:03.666 [info] > git for-each-ref --format %(refname) %(objectname) %(*objectname) refs/tags [4ms]
2024-11-08 09:14:04.101 [info] > git status -z -uall [416ms]
2024-11-08 09:14:18.675 [info] > git config --get commit.template [26ms]
2024-11-08 09:14:18.678 [info] > git for-each-ref --format %(refname) %(objectname) %(*objectname) refs/tags [5ms]
2024-11-08 09:14:19.099 [info] > git status -z -uall [398ms]
2024-11-08 09:14:20.164 [info] > git rev-parse --show-toplevel [3ms]
2024-11-08 09:14:20.164 [info] fatal: not a git repository (or any parent up to mount point /)
Stopping at filesystem boundary (GIT_DISCOVERY_ACROSS_FILESYSTEM not set).
2024-11-08 09:14:28.443 [info] > git rev-parse --show-toplevel [4ms]
2024-11-08 09:14:28.443 [info] fatal: not a git repository (or any parent up to mount point /)
Stopping at filesystem boundary (GIT_DISCOVERY_ACROSS_FILESYSTEM not set).
2024-11-08 09:14:32.930 [info] > git rev-parse --show-toplevel [3ms]
2024-11-08 09:14:32.931 [info] fatal: not a git repository (or any parent up to mount point /)
Stopping at filesystem boundary (GIT_DISCOVERY_ACROSS_FILESYSTEM not set).
2024-11-08 09:14:33.663 [info] > git config --get commit.template [29ms]
2024-11-08 09:14:33.666 [info] > git for-each-ref --format %(refname) %(objectname) %(*objectname) refs/tags [5ms]
2024-11-08 09:14:34.148 [info] > git status -z -uall [459ms]
2024-11-08 09:14:34.641 [info] > git rev-parse --show-toplevel [9ms]
2024-11-08 09:14:34.641 [info] fatal: not a git repository (or any parent up to mount point /)
Stopping at filesystem boundary (GIT_DISCOVERY_ACROSS_FILESYSTEM not set).
2024-11-08 09:14:48.670 [info] > git config --get commit.template [28ms]
2024-11-08 09:14:48.673 [info] > git for-each-ref --format %(refname) %(objectname) %(*objectname) refs/tags [5ms]
2024-11-08 09:14:49.071 [info] > git status -z -uall [378ms]
2024-11-08 09:15:03.568 [info] > git config --get commit.template [4ms]
2024-11-08 09:15:03.599 [info] > git for-each-ref --format %(refname) %(objectname) %(*objectname) refs/tags [9ms]
2024-11-08 09:15:04.059 [info] > git status -z -uall [436ms]
2024-11-08 09:15:18.626 [info] > git config --get commit.template [35ms]
2024-11-08 09:15:18.630 [info] > git for-each-ref --format %(refname) %(objectname) %(*objectname) refs/tags [6ms]
2024-11-08 09:15:19.012 [info] > git status -z -uall [362ms]
2024-11-08 09:15:33.591 [info] > git config --get commit.template [3ms]
2024-11-08 09:15:33.617 [info] > git for-each-ref --format %(refname) %(objectname) %(*objectname) refs/tags [6ms]
2024-11-08 09:15:34.013 [info] > git status -z -uall [373ms]
2024-11-08 09:15:48.624 [info] > git config --get commit.template [35ms]
2024-11-08 09:15:48.626 [info] > git for-each-ref --format %(refname) %(objectname) %(*objectname) refs/tags [3ms]
2024-11-08 09:15:49.068 [info] > git status -z -uall [416ms]
2024-11-08 09:16:07.184 [info] > git config --get commit.template [22ms]
2024-11-08 09:16:07.187 [info] > git for-each-ref --format %(refname) %(objectname) %(*objectname) refs/tags [5ms]
2024-11-08 09:16:07.562 [info] > git status -z -uall [354ms]
2024-11-08 09:16:09.171 [info] > git rev-parse --show-toplevel [2ms]
2024-11-08 09:16:09.171 [info] fatal: not a git repository (or any parent up to mount point /)
Stopping at filesystem boundary (GIT_DISCOVERY_ACROSS_FILESYSTEM not set).
2024-11-08 09:16:11.732 [info] > git rev-parse --show-toplevel [5ms]
2024-11-08 09:16:11.732 [info] fatal: not a git repository (or any parent up to mount point /)
Stopping at filesystem boundary (GIT_DISCOVERY_ACROSS_FILESYSTEM not set).
2024-11-08 09:16:13.218 [info] > git rev-parse --show-toplevel [4ms]
2024-11-08 09:16:13.218 [info] fatal: not a git repository (or any parent up to mount point /)
Stopping at filesystem boundary (GIT_DISCOVERY_ACROSS_FILESYSTEM not set).
2024-11-08 09:16:22.522 [info] > git config --get commit.template [3ms]
2024-11-08 09:16:22.552 [info] > git for-each-ref --format %(refname) %(objectname) %(*objectname) refs/tags [4ms]
2024-11-08 09:16:22.947 [info] > git status -z -uall [362ms]
2024-11-08 09:16:30.449 [info] > git rev-parse --show-toplevel [3ms]
2024-11-08 09:16:30.450 [info] fatal: not a git repository (or any parent up to mount point /)
Stopping at filesystem boundary (GIT_DISCOVERY_ACROSS_FILESYSTEM not set).
2024-11-08 09:16:33.613 [info] > git config --get commit.template [27ms]
2024-11-08 09:16:33.616 [info] > git for-each-ref --format %(refname) %(objectname) %(*objectname) refs/tags [5ms]
2024-11-08 09:16:34.031 [info] > git status -z -uall [391ms]
2024-11-08 09:16:50.022 [info] > git config --get commit.template [25ms]
2024-11-08 09:16:50.027 [info] > git for-each-ref --format %(refname) %(objectname) %(*objectname) refs/tags [8ms]
2024-11-08 09:16:50.467 [info] > git status -z -uall [413ms]
2024-11-08 09:17:03.605 [info] > git config --get commit.template [21ms]
2024-11-08 09:17:03.608 [info] > git for-each-ref --format %(refname) %(objectname) %(*objectname) refs/tags [4ms]
2024-11-08 09:17:03.974 [info] > git status -z -uall [344ms]
2024-11-08 09:17:18.629 [info] > git config --get commit.template [37ms]
2024-11-08 09:17:18.636 [info] > git for-each-ref --format %(refname) %(objectname) %(*objectname) refs/tags [10ms]
2024-11-08 09:17:19.026 [info] > git status -z -uall [366ms]
2024-11-08 09:18:47.058 [info] > git config --get commit.template [21ms]
2024-11-08 09:18:47.060 [info] > git for-each-ref --format %(refname) %(objectname) %(*objectname) refs/tags [4ms]
2024-11-08 09:18:47.428 [info] > git status -z -uall [347ms]
2024-11-08 09:18:49.044 [info] > git rev-parse --show-toplevel [5ms]
2024-11-08 09:18:49.044 [info] fatal: not a git repository (or any parent up to mount point /)
Stopping at filesystem boundary (GIT_DISCOVERY_ACROSS_FILESYSTEM not set).
2024-11-08 09:18:52.477 [info] > git config --get commit.template [26ms]
2024-11-08 09:18:52.478 [info] > git for-each-ref --format %(refname) %(objectname) %(*objectname) refs/tags [7ms]
2024-11-08 09:18:52.967 [info] > git status -z -uall [471ms]
2024-11-08 09:19:03.586 [info] > git config --get commit.template [4ms]
2024-11-08 09:19:03.613 [info] > git for-each-ref --format %(refname) %(objectname) %(*objectname) refs/tags [5ms]
2024-11-08 09:19:03.997 [info] > git status -z -uall [367ms]
2024-11-08 09:19:07.387 [info] > git rev-parse --show-toplevel [4ms]
2024-11-08 09:19:07.387 [info] fatal: not a git repository (or any parent up to mount point /)
Stopping at filesystem boundary (GIT_DISCOVERY_ACROSS_FILESYSTEM not set).
2024-11-08 09:19:18.618 [info] > git config --get commit.template [27ms]
2024-11-08 09:19:18.626 [info] > git for-each-ref --format %(refname) %(objectname) %(*objectname) refs/tags [9ms]
2024-11-08 09:19:19.019 [info] > git status -z -uall [373ms]
2024-11-08 09:19:33.613 [info] > git config --get commit.template [27ms]
2024-11-08 09:19:33.616 [info] > git for-each-ref --format %(refname) %(objectname) %(*objectname) refs/tags [4ms]
2024-11-08 09:19:34.039 [info] > git status -z -uall [404ms]
2024-11-08 09:19:35.679 [info] > git rev-parse --show-toplevel [4ms]
2024-11-08 09:19:35.679 [info] fatal: not a git repository (or any parent up to mount point /)
Stopping at filesystem boundary (GIT_DISCOVERY_ACROSS_FILESYSTEM not set).
2024-11-08 09:19:48.628 [info] > git config --get commit.template [36ms]
2024-11-08 09:19:48.638 [info] > git for-each-ref --format %(refname) %(objectname) %(*objectname) refs/tags [12ms]
2024-11-08 09:19:48.844 [info] > git rev-parse --show-toplevel [9ms]
2024-11-08 09:19:48.844 [info] fatal: not a git repository (or any parent up to mount point /)
Stopping at filesystem boundary (GIT_DISCOVERY_ACROSS_FILESYSTEM not set).
2024-11-08 09:19:49.064 [info] > git status -z -uall [406ms]
2024-11-08 09:19:50.322 [info] > git rev-parse --show-toplevel [6ms]
2024-11-08 09:19:50.323 [info] fatal: not a git repository (or any parent up to mount point /)
Stopping at filesystem boundary (GIT_DISCOVERY_ACROSS_FILESYSTEM not set).
2024-11-08 09:20:03.349 [info] > git rev-parse --show-toplevel [3ms]
2024-11-08 09:20:03.350 [info] fatal: not a git repository (or any parent up to mount point /)
Stopping at filesystem boundary (GIT_DISCOVERY_ACROSS_FILESYSTEM not set).
2024-11-08 09:20:03.617 [info] > git config --get commit.template [27ms]
2024-11-08 09:20:03.618 [info] > git for-each-ref --format %(refname) %(objectname) %(*objectname) refs/tags [6ms]
2024-11-08 09:20:04.000 [info] > git status -z -uall [364ms]
2024-11-08 09:20:20.431 [info] > git config --get commit.template [20ms]
2024-11-08 09:20:20.434 [info] > git for-each-ref --format %(refname) %(objectname) %(*objectname) refs/tags [4ms]
2024-11-08 09:20:20.808 [info] > git status -z -uall [355ms]
2024-11-08 09:20:22.602 [info] > git rev-parse --show-toplevel [4ms]
2024-11-08 09:20:22.602 [info] fatal: not a git repository (or any parent up to mount point /)
Stopping at filesystem boundary (GIT_DISCOVERY_ACROSS_FILESYSTEM not set).
2024-11-08 09:20:37.839 [info] > git config --get commit.template [22ms]
2024-11-08 09:20:37.842 [info] > git for-each-ref --format %(refname) %(objectname) %(*objectname) refs/tags [4ms]
2024-11-08 09:20:38.208 [info] > git status -z -uall [348ms]
2024-11-08 09:20:48.623 [info] > git rev-parse --show-toplevel [40ms]
2024-11-08 09:20:48.624 [info] fatal: not a git repository (or any parent up to mount point /)
Stopping at filesystem boundary (GIT_DISCOVERY_ACROSS_FILESYSTEM not set).
2024-11-08 09:20:48.624 [info] > git config --get commit.template [5ms]
2024-11-08 09:20:48.646 [info] > git for-each-ref --format %(refname) %(objectname) %(*objectname) refs/tags [4ms]
2024-11-08 09:20:49.032 [info] > git status -z -uall [367ms]
2024-11-08 09:21:01.399 [info] > git rev-parse --show-toplevel [4ms]
2024-11-08 09:21:01.400 [info] fatal: not a git repository (or any parent up to mount point /)
Stopping at filesystem boundary (GIT_DISCOVERY_ACROSS_FILESYSTEM not set).
2024-11-08 09:21:03.612 [info] > git config --get commit.template [24ms]
2024-11-08 09:21:03.616 [info] > git for-each-ref --format %(refname) %(objectname) %(*objectname) refs/tags [7ms]
2024-11-08 09:21:03.989 [info] > git status -z -uall [355ms]
2024-11-08 09:21:18.620 [info] > git config --get commit.template [30ms]
2024-11-08 09:21:18.626 [info] > git for-each-ref --format %(refname) %(objectname) %(*objectname) refs/tags [7ms]
2024-11-08 09:21:19.002 [info] > git status -z -uall [357ms]
2024-11-08 09:21:29.303 [info] > git rev-parse --show-toplevel [4ms]
2024-11-08 09:21:29.303 [info] fatal: not a git repository (or any parent up to mount point /)
Stopping at filesystem boundary (GIT_DISCOVERY_ACROSS_FILESYSTEM not set).
2024-11-08 09:21:36.510 [info] > git config --get commit.template [21ms]
2024-11-08 09:21:36.512 [info] > git for-each-ref --format %(refname) %(objectname) %(*objectname) refs/tags [4ms]
2024-11-08 09:21:36.887 [info] > git status -z -uall [354ms]
2024-11-08 09:23:30.985 [info] > git config --get commit.template [21ms]
2024-11-08 09:23:30.987 [info] > git for-each-ref --format %(refname) %(objectname) %(*objectname) refs/tags [4ms]
2024-11-08 09:23:31.353 [info] > git status -z -uall [346ms]
2024-11-08 09:23:39.882 [info] > git config --get commit.template [21ms]
2024-11-08 09:23:39.885 [info] > git for-each-ref --format %(refname) %(objectname) %(*objectname) refs/tags [4ms]
2024-11-08 09:23:40.243 [info] > git status -z -uall [339ms]
2024-11-08 09:23:41.771 [info] > git rev-parse --show-toplevel [4ms]
2024-11-08 09:23:41.771 [info] fatal: not a git repository (or any parent up to mount point /)
Stopping at filesystem boundary (GIT_DISCOVERY_ACROSS_FILESYSTEM not set).
2024-11-08 09:23:48.416 [info] > git rev-parse --show-toplevel [4ms]
2024-11-08 09:23:48.416 [info] fatal: not a git repository (or any parent up to mount point /)
Stopping at filesystem boundary (GIT_DISCOVERY_ACROSS_FILESYSTEM not set).
2024-11-08 09:23:48.621 [info] > git config --get commit.template [33ms]
2024-11-08 09:23:48.630 [info] > git for-each-ref --format %(refname) %(objectname) %(*objectname) refs/tags [12ms]
2024-11-08 09:23:48.992 [info] > git status -z -uall [342ms]
2024-11-08 09:23:53.458 [info] > git rev-parse --show-toplevel [5ms]
2024-11-08 09:23:53.458 [info] fatal: not a git repository (or any parent up to mount point /)
Stopping at filesystem boundary (GIT_DISCOVERY_ACROSS_FILESYSTEM not set).
2024-11-08 09:23:57.271 [info] > git rev-parse --show-toplevel [6ms]
2024-11-08 09:23:57.271 [info] fatal: not a git repository (or any parent up to mount point /)
Stopping at filesystem boundary (GIT_DISCOVERY_ACROSS_FILESYSTEM not set).
2024-11-08 09:24:01.782 [info] > git rev-parse --show-toplevel [4ms]
2024-11-08 09:24:01.782 [info] fatal: not a git repository (or any parent up to mount point /)
Stopping at filesystem boundary (GIT_DISCOVERY_ACROSS_FILESYSTEM not set).
2024-11-08 09:24:03.594 [info] > git config --get commit.template [21ms]
2024-11-08 09:24:03.597 [info] > git for-each-ref --format %(refname) %(objectname) %(*objectname) refs/tags [3ms]
2024-11-08 09:24:03.953 [info] > git status -z -uall [337ms]
2024-11-08 09:24:08.147 [info] > git rev-parse --show-toplevel [4ms]
2024-11-08 09:24:08.147 [info] fatal: not a git repository (or any parent up to mount point /)
Stopping at filesystem boundary (GIT_DISCOVERY_ACROSS_FILESYSTEM not set).
2024-11-08 09:25:45.733 [info] > git config --get commit.template [21ms]
2024-11-08 09:25:45.736 [info] > git for-each-ref --format %(refname) %(objectname) %(*objectname) refs/tags [6ms]
2024-11-08 09:25:46.106 [info] > git status -z -uall [347ms]
2024-11-08 09:30:54.390 [info] > git config --get commit.template [22ms]
2024-11-08 09:30:54.392 [info] > git for-each-ref --format %(refname) %(objectname) %(*objectname) refs/tags [5ms]
2024-11-08 09:30:54.776 [info] > git status -z -uall [365ms]
2024-11-08 09:30:59.823 [info] > git config --get commit.template [20ms]
2024-11-08 09:30:59.826 [info] > git for-each-ref --format %(refname) %(objectname) %(*objectname) refs/tags [4ms]
2024-11-08 09:31:00.246 [info] > git status -z -uall [403ms]
2024-11-08 09:31:03.574 [info] > git rev-parse --show-toplevel [6ms]
2024-11-08 09:31:03.574 [info] fatal: not a git repository (or any parent up to mount point /)
Stopping at filesystem boundary (GIT_DISCOVERY_ACROSS_FILESYSTEM not set).
2024-11-08 09:31:05.296 [info] > git config --get commit.template [23ms]
2024-11-08 09:31:05.300 [info] > git for-each-ref --format %(refname) %(objectname) %(*objectname) refs/tags [5ms]
2024-11-08 09:31:05.669 [info] > git status -z -uall [350ms]
2024-11-08 09:31:13.077 [info] > git rev-parse --show-toplevel [4ms]
2024-11-08 09:31:13.077 [info] fatal: not a git repository (or any parent up to mount point /)
Stopping at filesystem boundary (GIT_DISCOVERY_ACROSS_FILESYSTEM not set).
2024-11-08 09:31:18.657 [info] > git config --get commit.template [23ms]
2024-11-08 09:31:18.660 [info] > git for-each-ref --format %(refname) %(objectname) %(*objectname) refs/tags [4ms]
2024-11-08 09:31:19.037 [info] > git status -z -uall [358ms]
2024-11-08 09:31:35.975 [info] > git config --get commit.template [21ms]
2024-11-08 09:31:35.977 [info] > git for-each-ref --format %(refname) %(objectname) %(*objectname) refs/tags [4ms]
2024-11-08 09:31:36.369 [info] > git status -z -uall [373ms]
2024-11-08 09:31:48.654 [info] > git config --get commit.template [22ms]
2024-11-08 09:31:48.658 [info] > git for-each-ref --format %(refname) %(objectname) %(*objectname) refs/tags [4ms]
2024-11-08 09:31:49.038 [info] > git status -z -uall [361ms]
2024-11-08 09:32:03.650 [info] > git config --get commit.template [21ms]
2024-11-08 09:32:03.653 [info] > git for-each-ref --format %(refname) %(objectname) %(*objectname) refs/tags [4ms]
2024-11-08 09:32:04.017 [info] > git status -z -uall [344ms]
2024-11-08 09:32:06.003 [info] > git rev-parse --show-toplevel [4ms]
2024-11-08 09:32:06.003 [info] fatal: not a git repository (or any parent up to mount point /)
Stopping at filesystem boundary (GIT_DISCOVERY_ACROSS_FILESYSTEM not set).
2024-11-08 09:32:18.676 [info] > git config --get commit.template [33ms]
2024-11-08 09:32:18.678 [info] > git for-each-ref --format %(refname) %(objectname) %(*objectname) refs/tags [4ms]
2024-11-08 09:32:19.083 [info] > git status -z -uall [384ms]
2024-11-08 09:32:49.849 [info] > git config --get commit.template [36ms]
2024-11-08 09:32:49.853 [info] > git for-each-ref --format %(refname) %(objectname) %(*objectname) refs/tags [5ms]
2024-11-08 09:32:50.345 [info] > git status -z -uall [458ms]
2024-11-08 09:33:02.881 [info] > git config --get commit.template [35ms]
2024-11-08 09:33:02.884 [info] > git for-each-ref --format %(refname) %(objectname) %(*objectname) refs/tags [5ms]
2024-11-08 09:33:03.423 [info] > git status -z -uall [506ms]
2024-11-08 09:33:13.733 [info] > git config --get commit.template [2ms]
2024-11-08 09:33:13.758 [info] > git for-each-ref --format %(refname) %(objectname) %(*objectname) refs/tags [5ms]
2024-11-08 09:33:14.164 [info] > git status -z -uall [383ms]
2024-11-08 09:33:19.208 [info] > git config --get commit.template [21ms]
2024-11-08 09:33:19.214 [info] > git for-each-ref --format %(refname) %(objectname) %(*objectname) refs/tags [7ms]
2024-11-08 09:33:19.602 [info] > git status -z -uall [369ms]
2024-11-08 09:33:20.320 [info] > git rev-parse --show-toplevel [6ms]
2024-11-08 09:33:20.320 [info] fatal: not a git repository (or any parent up to mount point /)
Stopping at filesystem boundary (GIT_DISCOVERY_ACROSS_FILESYSTEM not set).
2024-11-08 09:33:40.360 [info] > git config --get commit.template [21ms]
2024-11-08 09:33:40.363 [info] > git for-each-ref --format %(refname) %(objectname) %(*objectname) refs/tags [4ms]
2024-11-08 09:33:40.726 [info] > git status -z -uall [342ms]
2024-11-08 09:43:44.714 [info] > git config --get commit.template [24ms]
2024-11-08 09:43:44.717 [info] > git for-each-ref --format %(refname) %(objectname) %(*objectname) refs/tags [5ms]
2024-11-08 09:43:45.089 [info] > git status -z -uall [352ms]
2024-11-08 09:43:50.140 [info] > git config --get commit.template [25ms]
2024-11-08 09:43:50.142 [info] > git for-each-ref --format %(refname) %(objectname) %(*objectname) refs/tags [4ms]
2024-11-08 09:43:50.518 [info] > git status -z -uall [353ms]
2024-11-08 09:43:59.504 [info] > git rev-parse --show-toplevel [34ms]
2024-11-08 09:43:59.532 [info] > git rev-parse --git-dir --git-common-dir [1ms]
2024-11-08 09:43:59.555 [info] Open repository: /home/davidelom_gnaglo/app/ianna-project-exam
2024-11-08 09:43:59.619 [info] > git config --get commit.template [37ms]
2024-11-08 09:43:59.691 [info] > git for-each-ref --format=%(refname)%00%(upstream:short)%00%(objectname)%00%(upstream:track)%00%(upstream:remotename)%00%(upstream:remoteref) refs/heads/main refs/remotes/main [84ms]
2024-11-08 09:43:59.712 [warning] ENOENT: no such file or directory, open '/home/davidelom_gnaglo/app/ianna-project-exam/.git/refs/remotes/origin/main'
2024-11-08 09:43:59.714 [info] > git rev-parse refs/remotes/origin/main [2ms]
2024-11-08 09:43:59.893 [info] > git status -z -uall [160ms]
2024-11-08 09:43:59.953 [info] > git merge-base refs/heads/main refs/remotes/origin/main [35ms]
2024-11-08 09:43:59.976 [info] > git config --get commit.template [25ms]
2024-11-08 09:44:00.003 [info] > git rev-list --count --left-right refs/heads/main...refs/remotes/origin/main [28ms]
2024-11-08 09:44:00.033 [info] > git diff --name-status -z --diff-filter=ADMR 2252bce86e90580bbc525120fa8de46ad38a9aab...refs/remotes/origin/main [3ms]
2024-11-08 09:44:00.034 [info] > git for-each-ref --format=%(refname)%00%(upstream:short)%00%(objectname)%00%(upstream:track)%00%(upstream:remotename)%00%(upstream:remoteref) refs/heads/main refs/remotes/main [37ms]
2024-11-08 09:44:00.055 [warning] ENOENT: no such file or directory, open '/home/davidelom_gnaglo/app/ianna-project-exam/.git/refs/remotes/origin/main'
2024-11-08 09:44:00.057 [info] > git rev-parse refs/remotes/origin/main [3ms]
2024-11-08 09:44:00.180 [info] > git status -z -uall [102ms]
2024-11-08 09:44:00.180 [info] > git show --textconv :views/index.ejs [75ms]
2024-11-08 09:44:00.181 [info] > git check-ignore -v -z --stdin [27ms]
2024-11-08 09:44:00.183 [info] > git ls-files --stage -- /home/davidelom_gnaglo/app/ianna-project-exam/views/index.ejs [55ms]
2024-11-08 09:44:00.223 [info] > git check-ignore -v -z --stdin [47ms]
2024-11-08 09:44:00.225 [info] > git cat-file -s a981fd9d6dbfc6bd7b20adb361fe71e35b3a1d7d [12ms]
2024-11-08 09:44:03.658 [info] > git config --get commit.template [5ms]
2024-11-08 09:44:03.685 [info] > git for-each-ref --format %(refname) %(objectname) %(*objectname) refs/tags [5ms]
2024-11-08 09:44:04.246 [info] > git status -z -uall [539ms]
2024-11-08 09:44:06.097 [info] > git config --get commit.template [23ms]
2024-11-08 09:44:06.099 [info] > git for-each-ref --format=%(refname)%00%(upstream:short)%00%(objectname)%00%(upstream:track)%00%(upstream:remotename)%00%(upstream:remoteref) refs/heads/main refs/remotes/main [3ms]
2024-11-08 09:44:06.118 [warning] ENOENT: no such file or directory, open '/home/davidelom_gnaglo/app/ianna-project-exam/.git/refs/remotes/origin/main'
2024-11-08 09:44:06.125 [info] > git rev-parse refs/remotes/origin/main [7ms]
2024-11-08 09:44:06.156 [info] > git status -z -uall [11ms]
2024-11-08 09:44:17.422 [info] > git config --get commit.template [3ms]
2024-11-08 09:44:17.456 [info] > git for-each-ref --format=%(refname)%00%(upstream:short)%00%(objectname)%00%(upstream:track)%00%(upstream:remotename)%00%(upstream:remoteref) refs/heads/main refs/remotes/main [2ms]
2024-11-08 09:44:17.488 [warning] ENOENT: no such file or directory, open '/home/davidelom_gnaglo/app/ianna-project-exam/.git/refs/remotes/origin/main'
2024-11-08 09:44:17.490 [info] > git rev-parse refs/remotes/origin/main [2ms]
2024-11-08 09:44:17.522 [info] > git status -z -uall [12ms]
2024-11-08 09:44:18.722 [info] > git config --get commit.template [21ms]
2024-11-08 09:44:18.724 [info] > git for-each-ref --format %(refname) %(objectname) %(*objectname) refs/tags [4ms]
2024-11-08 09:44:19.097 [info] > git status -z -uall [352ms]
2024-11-08 09:44:35.660 [info] > git config --get commit.template [22ms]
2024-11-08 09:44:35.663 [info] > git for-each-ref --format %(refname) %(objectname) %(*objectname) refs/tags [5ms]
2024-11-08 09:44:36.039 [info] > git status -z -uall [355ms]
2024-11-08 09:45:28.988 [info] > git config --get commit.template [26ms]
2024-11-08 09:45:28.991 [info] > git for-each-ref --format %(refname) %(objectname) %(*objectname) refs/tags [5ms]
2024-11-08 09:45:29.404 [info] > git status -z -uall [388ms]
2024-11-08 09:46:07.663 [info] > git config --get commit.template [24ms]
2024-11-08 09:46:07.667 [info] > git for-each-ref --format %(refname) %(objectname) %(*objectname) refs/tags [5ms]
2024-11-08 09:46:08.041 [info] > git status -z -uall [354ms]
2024-11-08 09:46:13.087 [info] > git config --get commit.template [21ms]
2024-11-08 09:46:13.089 [info] > git for-each-ref --format %(refname) %(objectname) %(*objectname) refs/tags [5ms]
2024-11-08 09:46:13.448 [info] > git status -z -uall [340ms]
