0 verbose cli /usr/local/nvm/versions/node/v22.11.0/bin/node /usr/local/nvm/versions/node/v22.11.0/bin/npm
1 info using npm@10.9.0
2 info using node@v22.11.0
3 silly config load:file:/usr/local/nvm/versions/node/v22.11.0/lib/node_modules/npm/npmrc
4 silly config load:file:/home/davidelom_gnaglo/.cache/typescript/5.4/.npmrc
5 silly config load:file:/home/davidelom_gnaglo/.npmrc
6 silly config load:file:/usr/local/nvm/versions/node/v22.11.0/etc/npmrc
7 verbose title npm install @types/ejs@ts5.4 @types/express@ts5.4 @types/express-session@ts5.4 @types/nodemon@ts5.4
8 verbose argv "install" "--ignore-scripts" "@types/ejs@ts5.4" "@types/express@ts5.4" "@types/express-session@ts5.4" "@types/nodemon@ts5.4" "--save-dev" "--user-agent" "typesInstaller/5.4.5"
9 verbose logfile logs-max:10 dir:/home/davidelom_gnaglo/.npm/_logs/2024-11-07T13_54_05_395Z-
10 verbose logfile /home/davidelom_gnaglo/.npm/_logs/2024-11-07T13_54_05_395Z-debug-0.log
11 silly logfile done cleaning log files
12 silly packumentCache heap:2197815296 maxSize:549453824 maxEntrySize:274726912
13 silly packumentCache corgi:https://registry.npmjs.org/@types%2fejs cache-miss
14 silly packumentCache corgi:https://registry.npmjs.org/@types%2fexpress cache-miss
15 silly packumentCache corgi:https://registry.npmjs.org/@types%2fexpress-session cache-miss
16 silly packumentCache corgi:https://registry.npmjs.org/@types%2fnodemon cache-miss
17 http fetch GET 200 https://registry.npmjs.org/@types%2fejs 80ms (cache hit)
18 silly packumentCache corgi:https://registry.npmjs.org/@types%2fejs set size:32706 disposed:false
19 http fetch GET 200 https://registry.npmjs.org/@types%2fexpress 83ms (cache hit)
20 silly packumentCache corgi:https://registry.npmjs.org/@types%2fexpress set size:47900 disposed:false
21 http fetch GET 200 https://registry.npmjs.org/@types%2fexpress-session 86ms (cache hit)
22 silly packumentCache corgi:https://registry.npmjs.org/@types%2fexpress-session set size:40384 disposed:false
23 http fetch GET 200 https://registry.npmjs.org/@types%2fnodemon 89ms (cache hit)
24 silly packumentCache corgi:https://registry.npmjs.org/@types%2fnodemon set size:7413 disposed:false
25 silly idealTree buildDeps
26 silly fetch manifest @types/ejs@3.1.5
27 silly packumentCache full:https://registry.npmjs.org/@types%2fejs cache-miss
28 http fetch GET 200 https://registry.npmjs.org/@types%2fejs 11ms (cache hit)
29 silly packumentCache full:https://registry.npmjs.org/@types%2fejs set size:65262 disposed:false
30 silly fetch manifest @types/express@5.0.0
31 silly packumentCache full:https://registry.npmjs.org/@types%2fexpress cache-miss
32 http fetch GET 200 https://registry.npmjs.org/@types%2fexpress 18ms (cache hit)
33 silly packumentCache full:https://registry.npmjs.org/@types%2fexpress set size:92801 disposed:false
34 silly fetch manifest @types/express-session@1.18.0
35 silly packumentCache full:https://registry.npmjs.org/@types%2fexpress-session cache-miss
36 http fetch GET 200 https://registry.npmjs.org/@types%2fexpress-session 6ms (cache hit)
37 silly packumentCache full:https://registry.npmjs.org/@types%2fexpress-session set size:86956 disposed:false
38 silly fetch manifest @types/nodemon@1.19.6
39 silly packumentCache full:https://registry.npmjs.org/@types%2fnodemon cache-miss
40 http fetch GET 200 https://registry.npmjs.org/@types%2fnodemon 10ms (cache hit)
41 silly packumentCache full:https://registry.npmjs.org/@types%2fnodemon set size:14387 disposed:false
42 silly placeDep ROOT @types/ejs@3.1.5 REPLACE for:  want: 3.1.5
43 silly placeDep ROOT @types/express@5.0.0 REPLACE for:  want: 5.0.0
44 silly placeDep ROOT @types/express-session@1.18.0 REPLACE for:  want: 1.18.0
45 silly placeDep ROOT @types/nodemon@1.19.6 REPLACE for:  want: 1.19.6
46 silly reify moves {}
47 silly audit bulk request {
47 silly audit   '@types/body-parser': [ '1.19.5' ],
47 silly audit   '@types/connect': [ '3.4.38' ],
47 silly audit   '@types/express-serve-static-core': [ '5.0.1' ],
47 silly audit   '@types/http-errors': [ '2.0.4' ],
47 silly audit   '@types/mime': [ '1.3.5' ],
47 silly audit   '@types/node': [ '22.9.0' ],
47 silly audit   '@types/qs': [ '6.9.17' ],
47 silly audit   '@types/range-parser': [ '1.2.7' ],
47 silly audit   '@types/send': [ '0.17.4' ],
47 silly audit   '@types/serve-static': [ '1.15.7' ],
47 silly audit   'types-registry': [ '0.1.693' ],
47 silly audit   'undici-types': [ '6.19.8' ],
47 silly audit   '@types/ejs': [ '3.1.5' ],
47 silly audit   '@types/express': [ '5.0.0' ],
47 silly audit   '@types/express-session': [ '1.18.0' ],
47 silly audit   '@types/nodemon': [ '1.19.6' ]
47 silly audit }
48 http fetch POST 200 https://registry.npmjs.org/-/npm/v1/security/advisories/bulk 546ms
49 silly audit report {}
50 verbose cwd /home/davidelom_gnaglo/.cache/typescript/5.4
51 verbose os Linux 6.1.112+
52 verbose node v22.11.0
53 verbose npm  v10.9.0
54 verbose exit 0
55 info ok
