0 verbose cli /usr/local/nvm/versions/node/v22.11.0/bin/node /usr/local/nvm/versions/node/v22.11.0/bin/npm
1 info using npm@10.9.0
2 info using node@v22.11.0
3 silly config load:file:/usr/local/nvm/versions/node/v22.11.0/lib/node_modules/npm/npmrc
4 silly config load:file:/home/davidelom_gnaglo/.cache/typescript/5.4/.npmrc
5 silly config load:file:/home/davidelom_gnaglo/.npmrc
6 silly config load:file:/usr/local/nvm/versions/node/v22.11.0/etc/npmrc
7 verbose title npm install @types/ejs@ts5.4 @types/express@ts5.4 @types/express-session@ts5.4 @types/nodemon@ts5.4
8 verbose argv "install" "--ignore-scripts" "@types/ejs@ts5.4" "@types/express@ts5.4" "@types/express-session@ts5.4" "@types/nodemon@ts5.4" "--save-dev" "--user-agent" "typesInstaller/5.4.5"
9 verbose logfile logs-max:10 dir:/home/davidelom_gnaglo/.npm/_logs/2024-11-07T14_21_37_623Z-
10 verbose logfile /home/davidelom_gnaglo/.npm/_logs/2024-11-07T14_21_37_623Z-debug-0.log
11 silly logfile start cleaning logs, removing 1 files
12 silly logfile done cleaning log files
13 silly packumentCache heap:2197815296 maxSize:549453824 maxEntrySize:274726912
14 silly packumentCache corgi:https://registry.npmjs.org/@types%2fejs cache-miss
15 silly packumentCache corgi:https://registry.npmjs.org/@types%2fexpress cache-miss
16 silly packumentCache corgi:https://registry.npmjs.org/@types%2fexpress-session cache-miss
17 silly packumentCache corgi:https://registry.npmjs.org/@types%2fnodemon cache-miss
18 http fetch GET 200 https://registry.npmjs.org/@types%2fexpress-session 177ms (cache revalidated)
19 silly packumentCache corgi:https://registry.npmjs.org/@types%2fexpress-session set size:40384 disposed:false
20 http fetch GET 200 https://registry.npmjs.org/@types%2fexpress 180ms (cache revalidated)
21 silly packumentCache corgi:https://registry.npmjs.org/@types%2fexpress set size:47900 disposed:false
22 http fetch GET 200 https://registry.npmjs.org/@types%2fejs 183ms (cache revalidated)
23 silly packumentCache corgi:https://registry.npmjs.org/@types%2fejs set size:32706 disposed:false
24 http fetch GET 200 https://registry.npmjs.org/@types%2fnodemon 183ms (cache revalidated)
25 silly packumentCache corgi:https://registry.npmjs.org/@types%2fnodemon set size:7413 disposed:false
26 silly idealTree buildDeps
27 silly fetch manifest @types/ejs@3.1.5
28 silly packumentCache full:https://registry.npmjs.org/@types%2fejs cache-miss
29 http fetch GET 200 https://registry.npmjs.org/@types%2fejs 48ms (cache revalidated)
30 silly packumentCache full:https://registry.npmjs.org/@types%2fejs set size:65262 disposed:false
31 silly fetch manifest @types/express@5.0.0
32 silly packumentCache full:https://registry.npmjs.org/@types%2fexpress cache-miss
33 http fetch GET 200 https://registry.npmjs.org/@types%2fexpress 58ms (cache revalidated)
34 silly packumentCache full:https://registry.npmjs.org/@types%2fexpress set size:92801 disposed:false
35 silly fetch manifest @types/express-session@1.18.0
36 silly packumentCache full:https://registry.npmjs.org/@types%2fexpress-session cache-miss
37 http fetch GET 200 https://registry.npmjs.org/@types%2fexpress-session 45ms (cache revalidated)
38 silly packumentCache full:https://registry.npmjs.org/@types%2fexpress-session set size:86956 disposed:false
39 silly fetch manifest @types/nodemon@1.19.6
40 silly packumentCache full:https://registry.npmjs.org/@types%2fnodemon cache-miss
41 http fetch GET 200 https://registry.npmjs.org/@types%2fnodemon 48ms (cache revalidated)
42 silly packumentCache full:https://registry.npmjs.org/@types%2fnodemon set size:14387 disposed:false
43 silly placeDep ROOT @types/ejs@3.1.5 REPLACE for:  want: 3.1.5
44 silly placeDep ROOT @types/express@5.0.0 REPLACE for:  want: 5.0.0
45 silly placeDep ROOT @types/express-session@1.18.0 REPLACE for:  want: 1.18.0
46 silly placeDep ROOT @types/nodemon@1.19.6 REPLACE for:  want: 1.19.6
47 silly reify moves {}
48 silly audit bulk request {
48 silly audit   '@types/body-parser': [ '1.19.5' ],
48 silly audit   '@types/connect': [ '3.4.38' ],
48 silly audit   '@types/express-serve-static-core': [ '5.0.1' ],
48 silly audit   '@types/http-errors': [ '2.0.4' ],
48 silly audit   '@types/mime': [ '1.3.5' ],
48 silly audit   '@types/node': [ '22.9.0' ],
48 silly audit   '@types/qs': [ '6.9.17' ],
48 silly audit   '@types/range-parser': [ '1.2.7' ],
48 silly audit   '@types/send': [ '0.17.4' ],
48 silly audit   '@types/serve-static': [ '1.15.7' ],
48 silly audit   'types-registry': [ '0.1.693' ],
48 silly audit   'undici-types': [ '6.19.8' ],
48 silly audit   '@types/ejs': [ '3.1.5' ],
48 silly audit   '@types/express': [ '5.0.0' ],
48 silly audit   '@types/express-session': [ '1.18.0' ],
48 silly audit   '@types/nodemon': [ '1.19.6' ]
48 silly audit }
49 http fetch POST 200 https://registry.npmjs.org/-/npm/v1/security/advisories/bulk 188ms
50 silly audit report {}
51 verbose cwd /home/davidelom_gnaglo/.cache/typescript/5.4
52 verbose os Linux 6.1.112+
53 verbose node v22.11.0
54 verbose npm  v10.9.0
55 verbose exit 0
56 info ok
