0 verbose cli /usr/local/nvm/versions/node/v22.11.0/bin/node /usr/local/nvm/versions/node/v22.11.0/bin/npm
1 info using npm@10.9.0
2 info using node@v22.11.0
3 silly config load:file:/usr/local/nvm/versions/node/v22.11.0/lib/node_modules/npm/npmrc
4 silly config load:file:/home/davidelom_gnaglo/.cache/typescript/5.4/.npmrc
5 silly config load:file:/home/davidelom_gnaglo/.npmrc
6 silly config load:file:/usr/local/nvm/versions/node/v22.11.0/etc/npmrc
7 verbose title npm install types-registry@latest
8 verbose argv "install" "--ignore-scripts" "types-registry@latest"
9 verbose logfile logs-max:10 dir:/home/davidelom_gnaglo/.npm/_logs/2024-11-07T13_54_03_467Z-
10 verbose logfile /home/davidelom_gnaglo/.npm/_logs/2024-11-07T13_54_03_467Z-debug-0.log
11 silly logfile done cleaning log files
12 silly packumentCache heap:2197815296 maxSize:549453824 maxEntrySize:274726912
13 silly packumentCache corgi:https://registry.npmjs.org/types-registry cache-miss
14 http fetch GET 200 https://registry.npmjs.org/types-registry 45ms (cache hit)
15 silly packumentCache corgi:https://registry.npmjs.org/types-registry set size:583952 disposed:false
16 silly idealTree buildDeps
17 silly fetch manifest types-registry@0.1.693
18 silly packumentCache full:https://registry.npmjs.org/types-registry cache-miss
19 http fetch GET 200 https://registry.npmjs.org/types-registry 16ms (cache hit)
20 silly packumentCache full:https://registry.npmjs.org/types-registry set size:1217388 disposed:false
21 silly placeDep ROOT types-registry@0.1.693 REPLACE for:  want: 0.1.693
22 silly reify moves {}
23 silly audit bulk request {
23 silly audit   '@types/body-parser': [ '1.19.5' ],
23 silly audit   '@types/connect': [ '3.4.38' ],
23 silly audit   '@types/ejs': [ '3.1.5' ],
23 silly audit   '@types/express': [ '5.0.0' ],
23 silly audit   '@types/express-serve-static-core': [ '5.0.1' ],
23 silly audit   '@types/express-session': [ '1.18.0' ],
23 silly audit   '@types/http-errors': [ '2.0.4' ],
23 silly audit   '@types/mime': [ '1.3.5' ],
23 silly audit   '@types/node': [ '22.9.0' ],
23 silly audit   '@types/nodemon': [ '1.19.6' ],
23 silly audit   '@types/qs': [ '6.9.17' ],
23 silly audit   '@types/range-parser': [ '1.2.7' ],
23 silly audit   '@types/send': [ '0.17.4' ],
23 silly audit   '@types/serve-static': [ '1.15.7' ],
23 silly audit   'undici-types': [ '6.19.8' ],
23 silly audit   'types-registry': [ '0.1.693' ]
23 silly audit }
24 http fetch POST 200 https://registry.npmjs.org/-/npm/v1/security/advisories/bulk 358ms
25 silly audit report {}
26 verbose cwd /home/davidelom_gnaglo/.cache/typescript/5.4
27 verbose os Linux 6.1.112+
28 verbose node v22.11.0
29 verbose npm  v10.9.0
30 verbose exit 0
31 info ok
