Initializing document watcher...
Document watcher initialized
davidelom_gnaglo/main.tf: {}
davidelom_gnaglo/main.tf: {}
davidelom_gnaglo/main.tf: {}
davidelom_gnaglo/main.tf: {}
davidelom_gnaglo/main.tf: {}
davidelom_gnaglo/variables.tf: {}
davidelom_gnaglo/variables.tf: {}
davidelom_gnaglo/main.tf: {}
davidelom_gnaglo/main.tf: Using EditorConfig core...
davidelom_gnaglo/main.tf: {}
davidelom_gnaglo/variables.tf: {}
davidelom_gnaglo/variables.tf: Using EditorConfig core...
davidelom_gnaglo/main.tf: {}
davidelom_gnaglo/main.tf: {}
davidelom_gnaglo/main.tf: {}
davidelom_gnaglo/variables.tf: {}
davidelom_gnaglo/main.tf: {}
davidelom_gnaglo/main.tf: {}
davidelom_gnaglo/main.tf: {}
davidelom_gnaglo/main.tf: {}
davidelom_gnaglo/main.tf: {}
davidelom_gnaglo/main.tf: {}
davidelom_gnaglo/main.tf: {}
davidelom_gnaglo/main.tf: Using EditorConfig core...
davidelom_gnaglo/main.tf: Using EditorConfig core...
davidelom_gnaglo/main.tf: {}
davidelom_gnaglo/main.tf: {}
davidelom_gnaglo/main.tf: Using EditorConfig core...
davidelom_gnaglo/main.tf: Using EditorConfig core...
davidelom_gnaglo/main.tf: {}
davidelom_gnaglo/main.tf: {}
davidelom_gnaglo/variables.tf: {}
davidelom_gnaglo/main.tf: {}
davidelom_gnaglo/main.tf: {}
