2024-11-08 14:33:50.798 [info] Extension host with pid 1939 started
2024-11-08 14:33:50.798 [error] Error: EEXIST: file already exists, open '/home/davidelom_gnaglo/.codeoss/data/User/workspaceStorage/-34f7ea98/vscode.lock'
2024-11-08 14:33:50.834 [info] Lock '/home/davidelom_gnaglo/.codeoss/data/User/workspaceStorage/-34f7ea98/vscode.lock': Could not acquire lock, checking if the file is stale.
2024-11-08 14:33:50.839 [info] Lock '/home/davidelom_gnaglo/.codeoss/data/User/workspaceStorage/-34f7ea98/vscode.lock': The pid 6457 appears to be gone.
2024-11-08 14:33:50.839 [info] Lock '/home/davidelom_gnaglo/.codeoss/data/User/workspaceStorage/-34f7ea98/vscode.lock': Deleting a stale lock.
2024-11-08 14:33:50.846 [info] Lock '/home/davidelom_gnaglo/.codeoss/data/User/workspaceStorage/-34f7ea98/vscode.lock': Lock acquired.
2024-11-08 14:33:51.044 [info] ExtensionService#_doActivateExtension vscode.emmet, startup: false, activationEvent: 'onLanguage'
2024-11-08 14:33:52.047 [info] ExtensionService#_doActivateExtension vscode.git-base, startup: true, activationEvent: '*', root cause: vscode.git
2024-11-08 14:33:52.282 [info] ExtensionService#_doActivateExtension hashicorp.terraform, startup: true, activationEvent: 'workspaceContains:**/*.tf,**/*.tfvars'
2024-11-08 14:33:52.327 [info] ExtensionService#_doActivateExtension redhat.fabric8-analytics, startup: true, activationEvent: 'workspaceContains:**/package.json,**/pom.xml,**/go.mod,**/requirements.txt'
2024-11-08 14:33:52.529 [error] No bundle location found for extension vscode.emmet
2024-11-08 14:33:52.651 [error] No bundle location found for extension vscode.git-base
2024-11-08 14:33:52.652 [error] No bundle location found for extension hashicorp.terraform
2024-11-08 14:33:52.835 [info] ExtensionService#_doActivateExtension vscode.git, startup: true, activationEvent: '*'
2024-11-08 14:33:52.837 [info] ExtensionService#_doActivateExtension vscode.github, startup: true, activationEvent: '*'
2024-11-08 14:33:52.841 [error] No bundle location found for extension redhat.fabric8-analytics
2024-11-08 14:33:53.335 [error] No bundle location found for extension vscode.git
2024-11-08 14:33:53.335 [error] No bundle location found for extension vscode.github
2024-11-08 14:33:53.577 [warning] Using default string since no string found in i18n bundle that has the key: Log level: {0}
2024-11-08 14:33:53.587 [warning] Using default string since no string found in i18n bundle that has the key: Validating found git in: "{0}"
2024-11-08 14:33:53.613 [warning] Using default string since no string found in i18n bundle that has the key: Log level: {0}
2024-11-08 14:33:53.675 [warning] Using default string since no string found in i18n bundle that has the key: Enables the following features: {0}
2024-11-08 14:33:53.676 [warning] Using default string since no string found in i18n bundle that has the key: Using git "{0}" from "{1}"
2024-11-08 14:33:53.714 [warning] Using default string since no string found in i18n bundle that has the key: Git History
2024-11-08 14:33:53.720 [warning] Using default string since no string found in i18n bundle that has the key: Copy vscode.dev Link
2024-11-08 14:33:53.721 [info] Eager extensions activated
2024-11-08 14:33:53.722 [info] ExtensionService#_doActivateExtension EditorConfig.EditorConfig, startup: false, activationEvent: 'onStartupFinished'
2024-11-08 14:33:53.723 [info] ExtensionService#_doActivateExtension google.cloud-shell, startup: false, activationEvent: 'onStartupFinished'
2024-11-08 14:33:53.724 [info] ExtensionService#_doActivateExtension googlecloudtools.cloudcode, startup: false, activationEvent: 'onStartupFinished'
2024-11-08 14:33:53.725 [info] ExtensionService#_doActivateExtension vscode.debug-auto-launch, startup: false, activationEvent: 'onStartupFinished'
2024-11-08 14:33:53.726 [info] ExtensionService#_doActivateExtension vscode.merge-conflict, startup: false, activationEvent: 'onStartupFinished'
2024-11-08 14:33:54.130 [error] No bundle location found for extension EditorConfig.EditorConfig
2024-11-08 14:33:54.207 [error] No bundle location found for extension googlecloudtools.cloudcode
2024-11-08 14:33:54.207 [error] No bundle location found for extension vscode.merge-conflict
2024-11-08 14:33:57.335 [warning] Using default string since no string found in i18n bundle that has the key: (Current Change)
2024-11-08 14:33:57.335 [warning] Using default string since no string found in i18n bundle that has the key: (Incoming Change)
2024-11-08 14:33:57.365 [error] No bundle location found for extension google.cloud-shell
2024-11-08 14:33:57.365 [error] No bundle location found for extension vscode.debug-auto-launch
2024-11-08 14:33:57.411 [warning] Using default string since no string found in i18n bundle that has the key: Auto Attach: Disabled
2024-11-08 14:33:57.411 [warning] Using default string since no string found in i18n bundle that has the key: Auto Attach: Always
2024-11-08 14:33:57.411 [warning] Using default string since no string found in i18n bundle that has the key: Auto Attach: Smart
2024-11-08 14:33:57.411 [warning] Using default string since no string found in i18n bundle that has the key: Auto Attach: With Flag
2024-11-08 14:33:57.411 [warning] Using default string since no string found in i18n bundle that has the key: Disabled
2024-11-08 14:33:57.411 [warning] Using default string since no string found in i18n bundle that has the key: Always
2024-11-08 14:33:57.411 [warning] Using default string since no string found in i18n bundle that has the key: Smart
2024-11-08 14:33:57.411 [warning] Using default string since no string found in i18n bundle that has the key: Only With Flag
2024-11-08 14:33:57.411 [warning] Using default string since no string found in i18n bundle that has the key: Auto attach is disabled and not shown in status bar
2024-11-08 14:33:57.411 [warning] Using default string since no string found in i18n bundle that has the key: Auto attach to every Node.js process launched in the terminal
2024-11-08 14:33:57.411 [warning] Using default string since no string found in i18n bundle that has the key: Auto attach when running scripts that aren't in a node_modules folder
2024-11-08 14:33:57.411 [warning] Using default string since no string found in i18n bundle that has the key: Only auto attach when the `--inspect` flag is given
2024-11-08 14:33:57.411 [warning] Using default string since no string found in i18n bundle that has the key: Toggle auto attach in this workspace
2024-11-08 14:33:57.411 [warning] Using default string since no string found in i18n bundle that has the key: Toggle auto attach on this machine
2024-11-08 14:33:57.411 [warning] Using default string since no string found in i18n bundle that has the key: Temporarily disable auto attach in this session
2024-11-08 14:33:57.411 [warning] Using default string since no string found in i18n bundle that has the key: Re-enable auto attach
2024-11-08 14:33:57.411 [warning] Using default string since no string found in i18n bundle that has the key: Auto Attach: Disabled
2024-11-08 14:33:57.498 [warning] Using default string since no string found in i18n bundle that has the key: Git local working changes
2024-11-08 14:33:57.499 [warning] Using default string since no string found in i18n bundle that has the key: Commit
2024-11-08 14:33:57.500 [warning] Using default string since no string found in i18n bundle that has the key: Message ({0} to commit)
2024-11-08 14:33:57.500 [warning] Using default string since no string found in i18n bundle that has the key: Merge Changes
2024-11-08 14:33:57.500 [warning] Using default string since no string found in i18n bundle that has the key: Staged Changes
2024-11-08 14:33:57.500 [warning] Using default string since no string found in i18n bundle that has the key: Changes
2024-11-08 14:33:57.500 [warning] Using default string since no string found in i18n bundle that has the key: Untracked Changes
2024-11-08 14:33:57.504 [warning] Using default string since no string found in i18n bundle that has the key: Checkout Branch/Tag...
2024-11-08 14:33:57.504 [warning] Using default string since no string found in i18n bundle that has the key: Publish to {0}
2024-11-08 14:33:57.511 [warning] Using default string since no string found in i18n bundle that has the key: Checkout Branch/Tag...
2024-11-08 14:33:57.511 [warning] Using default string since no string found in i18n bundle that has the key: Publish to {0}
2024-11-08 14:33:57.511 [warning] Using default string since no string found in i18n bundle that has the key: Checkout Branch/Tag...
2024-11-08 14:33:57.511 [warning] Using default string since no string found in i18n bundle that has the key: Publish to {0}
2024-11-08 14:33:57.513 [warning] Using default string since no string found in i18n bundle that has the key: Checkout Branch/Tag...
2024-11-08 14:33:57.513 [warning] Using default string since no string found in i18n bundle that has the key: Publish to {0}
2024-11-08 14:33:57.597 [info] ExtensionService#_doActivateExtension vscode.json-language-features, startup: false, activationEvent: 'onLanguage:jsonc'
2024-11-08 14:33:57.598 [info] ExtensionService#_doActivateExtension vscode.typescript-language-features, startup: false, activationEvent: 'onLanguage:jsonc'
2024-11-08 14:33:58.337 [warning] Using default string since no string found in i18n bundle that has the key: Checkout Branch/Tag...
2024-11-08 14:33:58.338 [warning] Using default string since no string found in i18n bundle that has the key: Publish to {0}
2024-11-08 14:33:58.338 [warning] Using default string since no string found in i18n bundle that has the key: Checkout Branch/Tag...
2024-11-08 14:33:58.338 [warning] Using default string since no string found in i18n bundle that has the key: Publish to {0}
2024-11-08 14:33:58.568 [error] No bundle location found for extension vscode.json-language-features
2024-11-08 14:33:58.692 [warning] Using default string since no string found in i18n bundle that has the key: Configure
2024-11-08 14:33:58.692 [warning] Using default string since no string found in i18n bundle that has the key: JSON Language Server
2024-11-08 14:33:58.724 [error] No bundle location found for extension vscode.typescript-language-features
2024-11-08 14:33:58.855 [warning] Using default string since no string found in i18n bundle that has the key: Learn more about managing TypeScript versions
2024-11-08 14:33:58.946 [warning] Using default string since no string found in i18n bundle that has the key: Checkout Branch/Tag...
2024-11-08 14:33:58.946 [warning] Using default string since no string found in i18n bundle that has the key: Publish to {0}
2024-11-08 14:33:58.946 [warning] Using default string since no string found in i18n bundle that has the key: Checkout Branch/Tag...
2024-11-08 14:33:58.946 [warning] Using default string since no string found in i18n bundle that has the key: Publish to {0}
2024-11-08 14:33:59.335 [warning] Using default string since no string found in i18n bundle that has the key: JSON: Schema Resolution Error
2024-11-08 14:34:00.411 [warning] Using default string since no string found in i18n bundle that has the key: Unable to resolve schema. Click to retry.
2024-11-08 14:34:00.416 [warning] Using default string since no string found in i18n bundle that has the key: JSON Validation Status
2024-11-08 14:34:00.417 [warning] Using default string since no string found in i18n bundle that has the key: Loading JSON info
2024-11-08 14:34:00.470 [warning] Using default string since no string found in i18n bundle that has the key: No Schema Validation
2024-11-08 14:34:00.474 [warning] Using default string since no string found in i18n bundle that has the key: no JSON schema configured
2024-11-08 14:34:00.474 [warning] Using default string since no string found in i18n bundle that has the key: Show Schemas
2024-11-08 14:34:01.157 [warning] Using default string since no string found in i18n bundle that has the key: Message ({0} to commit on "{1}")
2024-11-08 14:34:01.161 [warning] Using default string since no string found in i18n bundle that has the key: Checkout Branch/Tag...
2024-11-08 14:34:01.162 [warning] Using default string since no string found in i18n bundle that has the key: Publish Branch
2024-11-08 14:34:01.163 [warning] Using default string since no string found in i18n bundle that has the key: Checkout Branch/Tag...
2024-11-08 14:34:01.163 [warning] Using default string since no string found in i18n bundle that has the key: Publish Branch
2024-11-08 14:34:01.167 [warning] Using default string since no string found in i18n bundle that has the key: {0} Commit
2024-11-08 14:34:01.167 [warning] Using default string since no string found in i18n bundle that has the key: Commit Changes
2024-11-08 14:34:01.168 [warning] Using default string since no string found in i18n bundle that has the key: Untracked
2024-11-08 14:34:01.169 [warning] Using default string since no string found in i18n bundle that has the key: Untracked
2024-11-08 14:34:01.169 [warning] Using default string since no string found in i18n bundle that has the key: Untracked
2024-11-08 14:34:01.169 [warning] Using default string since no string found in i18n bundle that has the key: Untracked
2024-11-08 14:34:01.169 [warning] Using default string since no string found in i18n bundle that has the key: Untracked
2024-11-08 14:34:01.170 [warning] Using default string since no string found in i18n bundle that has the key: Checkout Branch/Tag...
2024-11-08 14:34:01.171 [warning] Using default string since no string found in i18n bundle that has the key: Publish Branch
2024-11-08 14:34:01.171 [warning] Using default string since no string found in i18n bundle that has the key: Checkout Branch/Tag...
2024-11-08 14:34:01.171 [warning] Using default string since no string found in i18n bundle that has the key: Publish Branch
2024-11-08 14:34:01.173 [warning] Using default string since no string found in i18n bundle that has the key: Checkout Branch/Tag...
2024-11-08 14:34:01.173 [warning] Using default string since no string found in i18n bundle that has the key: Publish Branch
2024-11-08 14:34:01.173 [warning] Using default string since no string found in i18n bundle that has the key: Checkout Branch/Tag...
2024-11-08 14:34:01.174 [warning] Using default string since no string found in i18n bundle that has the key: Publish Branch
2024-11-08 14:34:01.307 [warning] Using default string since no string found in i18n bundle that has the key: {0} (Untracked)
2024-11-08 14:34:01.308 [warning] Using default string since no string found in i18n bundle that has the key: Open
2024-11-08 14:34:01.309 [warning] Using default string since no string found in i18n bundle that has the key: Untracked
2024-11-08 14:34:01.310 [warning] Using default string since no string found in i18n bundle that has the key: Untracked
2024-11-08 14:34:01.310 [warning] Using default string since no string found in i18n bundle that has the key: Untracked
2024-11-08 14:34:01.311 [warning] Using default string since no string found in i18n bundle that has the key: Untracked
2024-11-08 14:34:01.311 [warning] Using default string since no string found in i18n bundle that has the key: Untracked
2024-11-08 14:34:01.311 [warning] Using default string since no string found in i18n bundle that has the key: Untracked
2024-11-08 14:34:01.311 [warning] Using default string since no string found in i18n bundle that has the key: Untracked
2024-11-08 14:34:01.312 [warning] Using default string since no string found in i18n bundle that has the key: Untracked
2024-11-08 14:34:01.312 [warning] Using default string since no string found in i18n bundle that has the key: Untracked
2024-11-08 14:34:01.312 [warning] Using default string since no string found in i18n bundle that has the key: Untracked
2024-11-08 14:34:01.313 [warning] Using default string since no string found in i18n bundle that has the key: Untracked
2024-11-08 14:34:01.313 [warning] Using default string since no string found in i18n bundle that has the key: {0} (Untracked)
2024-11-08 14:34:01.314 [warning] Using default string since no string found in i18n bundle that has the key: Open
2024-11-08 14:34:01.314 [warning] Using default string since no string found in i18n bundle that has the key: Untracked
2024-11-08 14:34:01.314 [warning] Using default string since no string found in i18n bundle that has the key: Untracked
2024-11-08 14:34:01.315 [warning] Using default string since no string found in i18n bundle that has the key: Untracked
2024-11-08 14:34:01.315 [warning] Using default string since no string found in i18n bundle that has the key: Untracked
2024-11-08 14:34:01.315 [warning] Using default string since no string found in i18n bundle that has the key: Untracked
2024-11-08 14:34:01.315 [warning] Using default string since no string found in i18n bundle that has the key: Untracked
2024-11-08 14:34:01.315 [warning] Using default string since no string found in i18n bundle that has the key: Untracked
2024-11-08 14:34:01.315 [warning] Using default string since no string found in i18n bundle that has the key: Untracked
2024-11-08 14:34:01.315 [warning] Using default string since no string found in i18n bundle that has the key: Untracked
2024-11-08 14:34:01.315 [warning] Using default string since no string found in i18n bundle that has the key: Untracked
2024-11-08 14:34:01.315 [warning] Using default string since no string found in i18n bundle that has the key: Untracked
2024-11-08 14:34:01.315 [warning] Using default string since no string found in i18n bundle that has the key: {0} (Untracked)
2024-11-08 14:34:01.315 [warning] Using default string since no string found in i18n bundle that has the key: Open
2024-11-08 14:34:01.315 [warning] Using default string since no string found in i18n bundle that has the key: Untracked
2024-11-08 14:34:01.315 [warning] Using default string since no string found in i18n bundle that has the key: Untracked
2024-11-08 14:34:01.315 [warning] Using default string since no string found in i18n bundle that has the key: Untracked
2024-11-08 14:34:01.315 [warning] Using default string since no string found in i18n bundle that has the key: Untracked
2024-11-08 14:34:01.316 [warning] Using default string since no string found in i18n bundle that has the key: Untracked
2024-11-08 14:34:01.316 [warning] Using default string since no string found in i18n bundle that has the key: Untracked
2024-11-08 14:34:01.316 [warning] Using default string since no string found in i18n bundle that has the key: Untracked
2024-11-08 14:34:01.316 [warning] Using default string since no string found in i18n bundle that has the key: Untracked
2024-11-08 14:34:01.316 [warning] Using default string since no string found in i18n bundle that has the key: Untracked
2024-11-08 14:34:01.316 [warning] Using default string since no string found in i18n bundle that has the key: Untracked
2024-11-08 14:34:01.316 [warning] Using default string since no string found in i18n bundle that has the key: Untracked
2024-11-08 14:34:01.316 [warning] Using default string since no string found in i18n bundle that has the key: {0} (Untracked)
2024-11-08 14:34:01.316 [warning] Using default string since no string found in i18n bundle that has the key: Open
2024-11-08 14:34:01.316 [warning] Using default string since no string found in i18n bundle that has the key: Untracked
2024-11-08 14:34:01.316 [warning] Using default string since no string found in i18n bundle that has the key: Untracked
2024-11-08 14:34:01.316 [warning] Using default string since no string found in i18n bundle that has the key: Untracked
2024-11-08 14:34:01.316 [warning] Using default string since no string found in i18n bundle that has the key: Untracked
2024-11-08 14:34:01.316 [warning] Using default string since no string found in i18n bundle that has the key: Untracked
2024-11-08 14:34:01.316 [warning] Using default string since no string found in i18n bundle that has the key: Untracked
2024-11-08 14:34:01.316 [warning] Using default string since no string found in i18n bundle that has the key: Untracked
2024-11-08 14:34:01.316 [warning] Using default string since no string found in i18n bundle that has the key: Untracked
2024-11-08 14:34:01.316 [warning] Using default string since no string found in i18n bundle that has the key: Untracked
2024-11-08 14:34:01.316 [warning] Using default string since no string found in i18n bundle that has the key: Untracked
2024-11-08 14:34:01.316 [warning] Using default string since no string found in i18n bundle that has the key: Untracked
2024-11-08 14:34:01.317 [warning] Using default string since no string found in i18n bundle that has the key: {0} (Untracked)
2024-11-08 14:34:01.317 [warning] Using default string since no string found in i18n bundle that has the key: Open
2024-11-08 14:34:01.342 [warning] Using default string since no string found in i18n bundle that has the key: Untracked
2024-11-08 14:34:01.342 [warning] Using default string since no string found in i18n bundle that has the key: Untracked
2024-11-08 14:34:01.343 [warning] Using default string since no string found in i18n bundle that has the key: Untracked
2024-11-08 14:34:01.343 [warning] Using default string since no string found in i18n bundle that has the key: Untracked
2024-11-08 14:34:01.343 [warning] Using default string since no string found in i18n bundle that has the key: Untracked
2024-11-08 14:34:01.344 [warning] Using default string since no string found in i18n bundle that has the key: Untracked
2024-11-08 14:34:01.344 [warning] Using default string since no string found in i18n bundle that has the key: Untracked
2024-11-08 14:34:01.344 [warning] Using default string since no string found in i18n bundle that has the key: Untracked
2024-11-08 14:34:01.344 [warning] Using default string since no string found in i18n bundle that has the key: Untracked
2024-11-08 14:34:01.345 [warning] Using default string since no string found in i18n bundle that has the key: Untracked
2024-11-08 14:34:01.345 [warning] Using default string since no string found in i18n bundle that has the key: Untracked
2024-11-08 14:34:01.373 [info] ExtensionService#_doActivateExtension vscode.github-authentication, startup: false, activationEvent: 'onAuthenticationRequest:github'
2024-11-08 14:34:01.867 [error] No bundle location found for extension vscode.github-authentication
2024-11-08 14:34:01.994 [warning] Using default string since no string found in i18n bundle that has the key: url handler
2024-11-08 14:34:02.003 [warning] Using default string since no string found in i18n bundle that has the key: local server
2024-11-08 14:34:02.003 [warning] Using default string since no string found in i18n bundle that has the key: device code
2024-11-08 14:34:02.003 [warning] Using default string since no string found in i18n bundle that has the key: personal access token
2024-11-08 14:34:02.012 [warning] Using default string since no string found in i18n bundle that has the key: Message ({0} to commit on "{1}")
2024-11-08 14:34:02.013 [warning] Using default string since no string found in i18n bundle that has the key: Checkout Branch/Tag...
2024-11-08 14:34:02.013 [warning] Using default string since no string found in i18n bundle that has the key: Publish Branch
2024-11-08 14:34:02.013 [warning] Using default string since no string found in i18n bundle that has the key: Checkout Branch/Tag...
2024-11-08 14:34:02.014 [warning] Using default string since no string found in i18n bundle that has the key: Publish Branch
2024-11-08 14:34:02.014 [warning] Using default string since no string found in i18n bundle that has the key: Untracked
2024-11-08 14:34:02.015 [warning] Using default string since no string found in i18n bundle that has the key: Untracked
2024-11-08 14:34:02.015 [warning] Using default string since no string found in i18n bundle that has the key: Untracked
2024-11-08 14:34:02.015 [warning] Using default string since no string found in i18n bundle that has the key: Untracked
2024-11-08 14:34:02.015 [warning] Using default string since no string found in i18n bundle that has the key: Untracked
2024-11-08 14:34:02.016 [warning] Using default string since no string found in i18n bundle that has the key: Checkout Branch/Tag...
2024-11-08 14:34:02.016 [warning] Using default string since no string found in i18n bundle that has the key: Publish Branch
2024-11-08 14:34:02.017 [warning] Using default string since no string found in i18n bundle that has the key: Checkout Branch/Tag...
2024-11-08 14:34:02.017 [warning] Using default string since no string found in i18n bundle that has the key: Publish Branch
2024-11-08 14:34:02.113 [warning] Using default string since no string found in i18n bundle that has the key: {0} (Untracked)
2024-11-08 14:34:02.114 [warning] Using default string since no string found in i18n bundle that has the key: Open
2024-11-08 14:34:02.114 [warning] Using default string since no string found in i18n bundle that has the key: Untracked
2024-11-08 14:34:02.115 [warning] Using default string since no string found in i18n bundle that has the key: Untracked
2024-11-08 14:34:02.115 [warning] Using default string since no string found in i18n bundle that has the key: Untracked
2024-11-08 14:34:02.115 [warning] Using default string since no string found in i18n bundle that has the key: Untracked
2024-11-08 14:34:02.116 [warning] Using default string since no string found in i18n bundle that has the key: {0} (Untracked)
2024-11-08 14:34:02.116 [warning] Using default string since no string found in i18n bundle that has the key: Open
2024-11-08 14:34:02.117 [warning] Using default string since no string found in i18n bundle that has the key: Untracked
2024-11-08 14:34:02.117 [warning] Using default string since no string found in i18n bundle that has the key: Untracked
2024-11-08 14:34:02.117 [warning] Using default string since no string found in i18n bundle that has the key: Untracked
2024-11-08 14:34:02.117 [warning] Using default string since no string found in i18n bundle that has the key: Untracked
2024-11-08 14:34:02.118 [warning] Using default string since no string found in i18n bundle that has the key: {0} (Untracked)
2024-11-08 14:34:02.118 [warning] Using default string since no string found in i18n bundle that has the key: Open
2024-11-08 14:34:02.119 [warning] Using default string since no string found in i18n bundle that has the key: Untracked
2024-11-08 14:34:02.119 [warning] Using default string since no string found in i18n bundle that has the key: Untracked
2024-11-08 14:34:02.119 [warning] Using default string since no string found in i18n bundle that has the key: Untracked
2024-11-08 14:34:02.119 [warning] Using default string since no string found in i18n bundle that has the key: Untracked
2024-11-08 14:34:02.120 [warning] Using default string since no string found in i18n bundle that has the key: {0} (Untracked)
2024-11-08 14:34:02.120 [warning] Using default string since no string found in i18n bundle that has the key: Open
2024-11-08 14:34:02.121 [warning] Using default string since no string found in i18n bundle that has the key: Untracked
2024-11-08 14:34:02.121 [warning] Using default string since no string found in i18n bundle that has the key: Untracked
2024-11-08 14:34:02.121 [warning] Using default string since no string found in i18n bundle that has the key: Untracked
2024-11-08 14:34:02.121 [warning] Using default string since no string found in i18n bundle that has the key: Untracked
2024-11-08 14:34:02.122 [warning] Using default string since no string found in i18n bundle that has the key: {0} (Untracked)
2024-11-08 14:34:02.122 [warning] Using default string since no string found in i18n bundle that has the key: Open
2024-11-08 14:34:02.123 [warning] Using default string since no string found in i18n bundle that has the key: Untracked
2024-11-08 14:34:02.123 [warning] Using default string since no string found in i18n bundle that has the key: Untracked
2024-11-08 14:34:02.123 [warning] Using default string since no string found in i18n bundle that has the key: Untracked
2024-11-08 14:34:02.123 [warning] Using default string since no string found in i18n bundle that has the key: Untracked
2024-11-08 14:34:06.178 [error] [hashicorp.terraform] provider FAILED
2024-11-08 14:34:06.188 [error] Error: main.tf (18,20): position outside of any attribute name, value or block
    at /google/devshell/editor/code-oss-for-cloud-shell/extensions/hashicorp.terraform-2.31.0@linux/out/extension.js:2:437683
    at re (/google/devshell/editor/code-oss-for-cloud-shell/extensions/hashicorp.terraform-2.31.0@linux/out/extension.js:2:437977)
    at /google/devshell/editor/code-oss-for-cloud-shell/extensions/hashicorp.terraform-2.31.0@linux/out/extension.js:2:432761
    at Immediate.<anonymous> (/google/devshell/editor/code-oss-for-cloud-shell/extensions/hashicorp.terraform-2.31.0@linux/out/extension.js:2:432781)
    at processImmediate (node:internal/timers:476:21)
2024-11-08 14:34:07.333 [error] [hashicorp.terraform] provider FAILED
2024-11-08 14:34:07.333 [error] Error: main.tf (19,22): position outside of any attribute name, value or block
    at /google/devshell/editor/code-oss-for-cloud-shell/extensions/hashicorp.terraform-2.31.0@linux/out/extension.js:2:437683
    at re (/google/devshell/editor/code-oss-for-cloud-shell/extensions/hashicorp.terraform-2.31.0@linux/out/extension.js:2:437977)
    at /google/devshell/editor/code-oss-for-cloud-shell/extensions/hashicorp.terraform-2.31.0@linux/out/extension.js:2:432761
    at Immediate.<anonymous> (/google/devshell/editor/code-oss-for-cloud-shell/extensions/hashicorp.terraform-2.31.0@linux/out/extension.js:2:432781)
    at processImmediate (node:internal/timers:476:21)
2024-11-08 14:34:13.393 [error] [hashicorp.terraform] provider FAILED
2024-11-08 14:34:13.394 [error] Error: main.tf (23,6): position outside of any attribute name, value or block
    at /google/devshell/editor/code-oss-for-cloud-shell/extensions/hashicorp.terraform-2.31.0@linux/out/extension.js:2:437683
    at re (/google/devshell/editor/code-oss-for-cloud-shell/extensions/hashicorp.terraform-2.31.0@linux/out/extension.js:2:437977)
    at /google/devshell/editor/code-oss-for-cloud-shell/extensions/hashicorp.terraform-2.31.0@linux/out/extension.js:2:432761
    at Immediate.<anonymous> (/google/devshell/editor/code-oss-for-cloud-shell/extensions/hashicorp.terraform-2.31.0@linux/out/extension.js:2:432781)
    at processImmediate (node:internal/timers:476:21)
2024-11-08 14:34:13.863 [error] [hashicorp.terraform] provider FAILED
2024-11-08 14:34:13.864 [error] Error: main.tf (22,4): position outside of any attribute name, value or block
    at /google/devshell/editor/code-oss-for-cloud-shell/extensions/hashicorp.terraform-2.31.0@linux/out/extension.js:2:437683
    at re (/google/devshell/editor/code-oss-for-cloud-shell/extensions/hashicorp.terraform-2.31.0@linux/out/extension.js:2:437977)
    at /google/devshell/editor/code-oss-for-cloud-shell/extensions/hashicorp.terraform-2.31.0@linux/out/extension.js:2:432761
    at Immediate.<anonymous> (/google/devshell/editor/code-oss-for-cloud-shell/extensions/hashicorp.terraform-2.31.0@linux/out/extension.js:2:432781)
    at processImmediate (node:internal/timers:476:21)
2024-11-08 14:34:23.884 [error] [hashicorp.terraform] provider FAILED
2024-11-08 14:34:23.885 [error] Error: main.tf (1,11): position outside of "terraform" body
    at /google/devshell/editor/code-oss-for-cloud-shell/extensions/hashicorp.terraform-2.31.0@linux/out/extension.js:2:437683
    at re (/google/devshell/editor/code-oss-for-cloud-shell/extensions/hashicorp.terraform-2.31.0@linux/out/extension.js:2:437977)
    at /google/devshell/editor/code-oss-for-cloud-shell/extensions/hashicorp.terraform-2.31.0@linux/out/extension.js:2:432761
    at Immediate.<anonymous> (/google/devshell/editor/code-oss-for-cloud-shell/extensions/hashicorp.terraform-2.31.0@linux/out/extension.js:2:432781)
    at processImmediate (node:internal/timers:476:21)
2024-11-08 14:34:37.634 [warning] Using default string since no string found in i18n bundle that has the key: Unable to compute used schemas: No document
2024-11-08 14:34:37.776 [warning] Using default string since no string found in i18n bundle that has the key: Loading JSON info
2024-11-08 14:34:37.801 [warning] Using default string since no string found in i18n bundle that has the key: No Schema Validation
2024-11-08 14:34:37.801 [warning] Using default string since no string found in i18n bundle that has the key: no JSON schema configured
2024-11-08 14:34:37.801 [warning] Using default string since no string found in i18n bundle that has the key: Show Schemas
2024-11-08 14:35:09.253 [warning] Using default string since no string found in i18n bundle that has the key: Unable to compute used schemas: No document
2024-11-08 14:35:09.262 [warning] Using default string since no string found in i18n bundle that has the key: Loading JSON info
2024-11-08 14:35:09.293 [warning] Using default string since no string found in i18n bundle that has the key: No Schema Validation
2024-11-08 14:35:09.294 [warning] Using default string since no string found in i18n bundle that has the key: no JSON schema configured
2024-11-08 14:35:09.294 [warning] Using default string since no string found in i18n bundle that has the key: Show Schemas
2024-11-08 14:35:45.306 [warning] Using default string since no string found in i18n bundle that has the key: Unable to compute used schemas: No document
2024-11-08 14:35:45.389 [warning] Using default string since no string found in i18n bundle that has the key: Loading JSON info
2024-11-08 14:35:45.412 [warning] Using default string since no string found in i18n bundle that has the key: No Schema Validation
2024-11-08 14:35:45.413 [warning] Using default string since no string found in i18n bundle that has the key: no JSON schema configured
2024-11-08 14:35:45.413 [warning] Using default string since no string found in i18n bundle that has the key: Show Schemas
2024-11-08 14:35:51.778 [warning] Using default string since no string found in i18n bundle that has the key: Unable to compute used schemas: No document
2024-11-08 14:35:51.899 [warning] Using default string since no string found in i18n bundle that has the key: Loading JSON info
2024-11-08 14:35:51.920 [warning] Using default string since no string found in i18n bundle that has the key: No Schema Validation
2024-11-08 14:35:51.920 [warning] Using default string since no string found in i18n bundle that has the key: no JSON schema configured
2024-11-08 14:35:51.920 [warning] Using default string since no string found in i18n bundle that has the key: Show Schemas
2024-11-08 14:35:56.259 [warning] Using default string since no string found in i18n bundle that has the key: Unable to compute used schemas: No document
2024-11-08 14:35:56.349 [warning] Using default string since no string found in i18n bundle that has the key: Loading JSON info
2024-11-08 14:35:56.370 [warning] Using default string since no string found in i18n bundle that has the key: No Schema Validation
2024-11-08 14:35:56.370 [warning] Using default string since no string found in i18n bundle that has the key: no JSON schema configured
2024-11-08 14:35:56.371 [warning] Using default string since no string found in i18n bundle that has the key: Show Schemas
2024-11-08 14:37:18.821 [info] Extension host terminating: received terminate message from renderer
2024-11-08 14:37:18.822 [info] Lock '/home/davidelom_gnaglo/.codeoss/data/User/workspaceStorage/-34f7ea98/vscode.lock': Marking the lockfile as scheduled to be released in 6000 ms.
2024-11-08 14:37:18.912 [error] Canceled: Canceled
    at new L (/google/devshell/editor/code-oss-for-cloud-shell/out/vs/workbench/api/node/extensionHostProcess.js:143:47131)
    at c.U (/google/devshell/editor/code-oss-for-cloud-shell/out/vs/workbench/api/node/extensionHostProcess.js:150:5542)
    at Proxy.F.<computed>.z.charCodeAt.F.<computed> (/google/devshell/editor/code-oss-for-cloud-shell/out/vs/workbench/api/node/extensionHostProcess.js:150:2993)
    at r.g (/google/devshell/editor/code-oss-for-cloud-shell/out/vs/workbench/api/node/extensionHostProcess.js:153:188926)
    at r.executeCommand (/google/devshell/editor/code-oss-for-cloud-shell/out/vs/workbench/api/node/extensionHostProcess.js:153:188364)
    at k.registerCommand.description (/google/devshell/editor/code-oss-for-cloud-shell/out/vs/workbench/api/node/extensionHostProcess.js:153:187688)
    at r.h (/google/devshell/editor/code-oss-for-cloud-shell/out/vs/workbench/api/node/extensionHostProcess.js:153:189465)
    at r.g (/google/devshell/editor/code-oss-for-cloud-shell/out/vs/workbench/api/node/extensionHostProcess.js:153:188457)
    at r.executeCommand (/google/devshell/editor/code-oss-for-cloud-shell/out/vs/workbench/api/node/extensionHostProcess.js:153:188364)
    at Object.executeCommand (/google/devshell/editor/code-oss-for-cloud-shell/out/vs/workbench/api/node/extensionHostProcess.js:163:22673)
    at a.O [as value] (/google/devshell/editor/code-oss-for-cloud-shell/extensions/git/dist/main.js:2:167800)
    at o.y (/google/devshell/editor/code-oss-for-cloud-shell/out/vs/workbench/api/node/extensionHostProcess.js:82:660)
    at o.z (/google/devshell/editor/code-oss-for-cloud-shell/out/vs/workbench/api/node/extensionHostProcess.js:82:730)
    at o.fire (/google/devshell/editor/code-oss-for-cloud-shell/out/vs/workbench/api/node/extensionHostProcess.js:82:946)
    at Object.p [as dispose] (/google/devshell/editor/code-oss-for-cloud-shell/extensions/git/dist/main.js:2:186884)
    at /google/devshell/editor/code-oss-for-cloud-shell/extensions/git/dist/main.js:2:192922
    at Array.forEach (<anonymous>)
    at f.dispose (/google/devshell/editor/code-oss-for-cloud-shell/extensions/git/dist/main.js:2:192908)
    at h.<anonymous> (/google/devshell/editor/code-oss-for-cloud-shell/out/vs/workbench/api/node/extensionHostProcess.js:151:3955)
    at h.dispose (/google/devshell/editor/code-oss-for-cloud-shell/out/vs/workbench/api/node/extensionHostProcess.js:151:4052)
    at h.<anonymous> (/google/devshell/editor/code-oss-for-cloud-shell/extensions/git/dist/main.js:2:170057)
    at h.dispose (/google/devshell/editor/code-oss-for-cloud-shell/out/vs/workbench/api/node/extensionHostProcess.js:151:4052)
    at a (/google/devshell/editor/code-oss-for-cloud-shell/out/vs/workbench/api/node/extensionHostProcess.js:30:744)
    at f.eb (/google/devshell/editor/code-oss-for-cloud-shell/out/vs/workbench/api/node/extensionHostProcess.js:159:9975)
    at /google/devshell/editor/code-oss-for-cloud-shell/out/vs/workbench/api/node/extensionHostProcess.js:159:7824
    at Array.map (<anonymous>)
    at f.$ (/google/devshell/editor/code-oss-for-cloud-shell/out/vs/workbench/api/node/extensionHostProcess.js:159:7811)
    at f.terminate (/google/devshell/editor/code-oss-for-cloud-shell/out/vs/workbench/api/node/extensionHostProcess.js:159:8085)
    at a.terminate (/google/devshell/editor/code-oss-for-cloud-shell/out/vs/workbench/api/node/extensionHostProcess.js:163:1513)
    at t (/google/devshell/editor/code-oss-for-cloud-shell/out/vs/workbench/api/node/extensionHostProcess.js:176:9922)
    at a.value (/google/devshell/editor/code-oss-for-cloud-shell/out/vs/workbench/api/node/extensionHostProcess.js:176:7969)
    at o.y (/google/devshell/editor/code-oss-for-cloud-shell/out/vs/workbench/api/node/extensionHostProcess.js:82:660)
    at o.fire (/google/devshell/editor/code-oss-for-cloud-shell/out/vs/workbench/api/node/extensionHostProcess.js:82:877)
    at u.fire (/google/devshell/editor/code-oss-for-cloud-shell/out/vs/workbench/api/node/extensionHostProcess.js:107:14175)
    at r.z (/google/devshell/editor/code-oss-for-cloud-shell/out/vs/workbench/api/node/extensionHostProcess.js:107:17240)
    at a.value (/google/devshell/editor/code-oss-for-cloud-shell/out/vs/workbench/api/node/extensionHostProcess.js:107:15692)
    at o.y (/google/devshell/editor/code-oss-for-cloud-shell/out/vs/workbench/api/node/extensionHostProcess.js:82:660)
    at o.fire (/google/devshell/editor/code-oss-for-cloud-shell/out/vs/workbench/api/node/extensionHostProcess.js:82:877)
    at f.acceptChunk (/google/devshell/editor/code-oss-for-cloud-shell/out/vs/workbench/api/node/extensionHostProcess.js:107:11949)
    at a.value (/google/devshell/editor/code-oss-for-cloud-shell/out/vs/workbench/api/node/extensionHostProcess.js:107:11236)
    at o.y (/google/devshell/editor/code-oss-for-cloud-shell/out/vs/workbench/api/node/extensionHostProcess.js:82:660)
    at o.fire (/google/devshell/editor/code-oss-for-cloud-shell/out/vs/workbench/api/node/extensionHostProcess.js:82:877)
    at i.z (/google/devshell/editor/code-oss-for-cloud-shell/out/vs/workbench/api/node/extensionHostProcess.js:173:19732)
    at i.acceptFrame (/google/devshell/editor/code-oss-for-cloud-shell/out/vs/workbench/api/node/extensionHostProcess.js:173:19538)
    at n (/google/devshell/editor/code-oss-for-cloud-shell/out/vs/workbench/api/node/extensionHostProcess.js:173:18037)
    at /google/devshell/editor/code-oss-for-cloud-shell/out/vs/workbench/api/node/extensionHostProcess.js:173:15257
    at Socket.S (/google/devshell/editor/code-oss-for-cloud-shell/out/vs/workbench/api/node/extensionHostProcess.js:173:13162)
    at Socket.emit (node:events:517:28)
    at addChunk (node:internal/streams/readable:335:12)
    at readableAddChunk (node:internal/streams/readable:308:9)
    at Socket.Readable.push (node:internal/streams/readable:245:10)
    at TCP.onStreamRead (node:internal/stream_base_commons:190:23) setContext undefined
2024-11-08 14:37:18.918 [error] Canceled: Canceled
    at new L (/google/devshell/editor/code-oss-for-cloud-shell/out/vs/workbench/api/node/extensionHostProcess.js:143:47131)
    at c.U (/google/devshell/editor/code-oss-for-cloud-shell/out/vs/workbench/api/node/extensionHostProcess.js:150:5542)
    at Proxy.F.<computed>.z.charCodeAt.F.<computed> (/google/devshell/editor/code-oss-for-cloud-shell/out/vs/workbench/api/node/extensionHostProcess.js:150:2993)
    at r.g (/google/devshell/editor/code-oss-for-cloud-shell/out/vs/workbench/api/node/extensionHostProcess.js:153:188926)
    at r.executeCommand (/google/devshell/editor/code-oss-for-cloud-shell/out/vs/workbench/api/node/extensionHostProcess.js:153:188364)
    at k.registerCommand.description (/google/devshell/editor/code-oss-for-cloud-shell/out/vs/workbench/api/node/extensionHostProcess.js:153:187688)
    at r.h (/google/devshell/editor/code-oss-for-cloud-shell/out/vs/workbench/api/node/extensionHostProcess.js:153:189465)
    at r.g (/google/devshell/editor/code-oss-for-cloud-shell/out/vs/workbench/api/node/extensionHostProcess.js:153:188457)
    at r.executeCommand (/google/devshell/editor/code-oss-for-cloud-shell/out/vs/workbench/api/node/extensionHostProcess.js:153:188364)
    at Object.executeCommand (/google/devshell/editor/code-oss-for-cloud-shell/out/vs/workbench/api/node/extensionHostProcess.js:163:22673)
    at a.VscodeDevShareProvider.set hasGitHubRepositories [as hasGitHubRepositories] (/google/devshell/editor/code-oss-for-cloud-shell/extensions/github/dist/extension.js:2:25681)
    at /google/devshell/editor/code-oss-for-cloud-shell/extensions/github/dist/extension.js:2:26640
    at a.value (/google/devshell/editor/code-oss-for-cloud-shell/extensions/git/dist/main.js:2:273373)
    at o.y (/google/devshell/editor/code-oss-for-cloud-shell/out/vs/workbench/api/node/extensionHostProcess.js:82:660)
    at o.z (/google/devshell/editor/code-oss-for-cloud-shell/out/vs/workbench/api/node/extensionHostProcess.js:82:730)
    at o.fire (/google/devshell/editor/code-oss-for-cloud-shell/out/vs/workbench/api/node/extensionHostProcess.js:82:946)
    at Object.p [as dispose] (/google/devshell/editor/code-oss-for-cloud-shell/extensions/git/dist/main.js:2:186884)
    at /google/devshell/editor/code-oss-for-cloud-shell/extensions/git/dist/main.js:2:192922
    at Array.forEach (<anonymous>)
    at f.dispose (/google/devshell/editor/code-oss-for-cloud-shell/extensions/git/dist/main.js:2:192908)
    at h.<anonymous> (/google/devshell/editor/code-oss-for-cloud-shell/out/vs/workbench/api/node/extensionHostProcess.js:151:3955)
    at h.dispose (/google/devshell/editor/code-oss-for-cloud-shell/out/vs/workbench/api/node/extensionHostProcess.js:151:4052)
    at h.<anonymous> (/google/devshell/editor/code-oss-for-cloud-shell/extensions/git/dist/main.js:2:170057)
    at h.dispose (/google/devshell/editor/code-oss-for-cloud-shell/out/vs/workbench/api/node/extensionHostProcess.js:151:4052)
    at a (/google/devshell/editor/code-oss-for-cloud-shell/out/vs/workbench/api/node/extensionHostProcess.js:30:744)
    at f.eb (/google/devshell/editor/code-oss-for-cloud-shell/out/vs/workbench/api/node/extensionHostProcess.js:159:9975)
    at /google/devshell/editor/code-oss-for-cloud-shell/out/vs/workbench/api/node/extensionHostProcess.js:159:7824
    at Array.map (<anonymous>)
    at f.$ (/google/devshell/editor/code-oss-for-cloud-shell/out/vs/workbench/api/node/extensionHostProcess.js:159:7811)
    at f.terminate (/google/devshell/editor/code-oss-for-cloud-shell/out/vs/workbench/api/node/extensionHostProcess.js:159:8085)
    at a.terminate (/google/devshell/editor/code-oss-for-cloud-shell/out/vs/workbench/api/node/extensionHostProcess.js:163:1513)
    at t (/google/devshell/editor/code-oss-for-cloud-shell/out/vs/workbench/api/node/extensionHostProcess.js:176:9922)
    at a.value (/google/devshell/editor/code-oss-for-cloud-shell/out/vs/workbench/api/node/extensionHostProcess.js:176:7969)
    at o.y (/google/devshell/editor/code-oss-for-cloud-shell/out/vs/workbench/api/node/extensionHostProcess.js:82:660)
    at o.fire (/google/devshell/editor/code-oss-for-cloud-shell/out/vs/workbench/api/node/extensionHostProcess.js:82:877)
    at u.fire (/google/devshell/editor/code-oss-for-cloud-shell/out/vs/workbench/api/node/extensionHostProcess.js:107:14175)
    at r.z (/google/devshell/editor/code-oss-for-cloud-shell/out/vs/workbench/api/node/extensionHostProcess.js:107:17240)
    at a.value (/google/devshell/editor/code-oss-for-cloud-shell/out/vs/workbench/api/node/extensionHostProcess.js:107:15692)
    at o.y (/google/devshell/editor/code-oss-for-cloud-shell/out/vs/workbench/api/node/extensionHostProcess.js:82:660)
    at o.fire (/google/devshell/editor/code-oss-for-cloud-shell/out/vs/workbench/api/node/extensionHostProcess.js:82:877)
    at f.acceptChunk (/google/devshell/editor/code-oss-for-cloud-shell/out/vs/workbench/api/node/extensionHostProcess.js:107:11949)
    at a.value (/google/devshell/editor/code-oss-for-cloud-shell/out/vs/workbench/api/node/extensionHostProcess.js:107:11236)
    at o.y (/google/devshell/editor/code-oss-for-cloud-shell/out/vs/workbench/api/node/extensionHostProcess.js:82:660)
    at o.fire (/google/devshell/editor/code-oss-for-cloud-shell/out/vs/workbench/api/node/extensionHostProcess.js:82:877)
    at i.z (/google/devshell/editor/code-oss-for-cloud-shell/out/vs/workbench/api/node/extensionHostProcess.js:173:19732)
    at i.acceptFrame (/google/devshell/editor/code-oss-for-cloud-shell/out/vs/workbench/api/node/extensionHostProcess.js:173:19538)
    at n (/google/devshell/editor/code-oss-for-cloud-shell/out/vs/workbench/api/node/extensionHostProcess.js:173:18037)
    at /google/devshell/editor/code-oss-for-cloud-shell/out/vs/workbench/api/node/extensionHostProcess.js:173:15257
    at Socket.S (/google/devshell/editor/code-oss-for-cloud-shell/out/vs/workbench/api/node/extensionHostProcess.js:173:13162)
    at Socket.emit (node:events:517:28)
    at addChunk (node:internal/streams/readable:335:12)
    at readableAddChunk (node:internal/streams/readable:308:9)
    at Socket.Readable.push (node:internal/streams/readable:245:10)
    at TCP.onStreamRead (node:internal/stream_base_commons:190:23) setContext undefined
2024-11-08 14:37:18.934 [info] Extension host with pid 1939 exiting with code 0
