Initializing document watcher...
Document watcher initialized
davidelom_gnaglo/main.tf: {}
davidelom_gnaglo/main.tf: {}
davidelom_gnaglo/main.tf: {}
davidelom_gnaglo/main.tf: {}
davidelom_gnaglo/main.tf: Using EditorConfig core...
davidelom_gnaglo/main.tf: {}
davidelom_gnaglo/main.tf: Using EditorConfig core...
davidelom_gnaglo/main.tf: {}
davidelom_gnaglo/main.tf: {}
davidelom_gnaglo/main.tf: Using EditorConfig core...
davidelom_gnaglo/main.tf: {}
davidelom_gnaglo/main.tf: {}
davidelom_gnaglo/main.tf: {}
davidelom_gnaglo/main.tf: {}
davidelom_gnaglo/main.tf: {}
davidelom_gnaglo/app/Dockerfile: {}
davidelom_gnaglo/app/Dockerfile: {}
davidelom_gnaglo/app/Dockerfile: {}
davidelom_gnaglo/app/Dockerfile: Using EditorConfig core...
davidelom_gnaglo/app/ianna-project-exam/package.json: {}
davidelom_gnaglo/app/ianna-project-exam/package.json: {}
davidelom_gnaglo/app/ianna-project-exam/package.json: {}
davidelom_gnaglo/app/ianna-project-exam/package.json: {}
davidelom_gnaglo/app/Dockerfile: {}
davidelom_gnaglo/app/Dockerfile: Using EditorConfig core...
davidelom_gnaglo/app/Dockerfile: {}
davidelom_gnaglo/app/Dockerfile: {}
davidelom_gnaglo/app/Dockerfile: {}
davidelom_gnaglo/app/Dockerfile: {}
davidelom_gnaglo/app/Dockerfile: {}
davidelom_gnaglo/app/Dockerfile: {}
davidelom_gnaglo/app/Dockerfile: {}
davidelom_gnaglo/app/Dockerfile: {}
davidelom_gnaglo/app/Dockerfile: {}
davidelom_gnaglo/app/Dockerfile: {}
davidelom_gnaglo/app/Dockerfile: Using EditorConfig core...
davidelom_gnaglo/app/Dockerfile: {}
davidelom_gnaglo/app/Dockerfile: Using EditorConfig core...
davidelom_gnaglo/app/Dockerfile: Using EditorConfig core...
davidelom_gnaglo/app/Dockerfile: {}
davidelom_gnaglo/app/Dockerfile: {}
davidelom_gnaglo/app/Dockerfile: {}
davidelom_gnaglo/app/Dockerfile: {}
davidelom_gnaglo/app/Dockerfile: {}
davidelom_gnaglo/app/Dockerfile: {}
davidelom_gnaglo/main.tf: {}
davidelom_gnaglo/main.tf: Using EditorConfig core...
davidelom_gnaglo/main.tf: {}
davidelom_gnaglo/main.tf: {}
davidelom_gnaglo/main.tf: {}
davidelom_gnaglo/main.tf: Using EditorConfig core...
davidelom_gnaglo/main.tf: Using EditorConfig core...
davidelom_gnaglo/main.tf: Using EditorConfig core...
davidelom_gnaglo/main.tf: Using EditorConfig core...
davidelom_gnaglo/main.tf: Using EditorConfig core...
davidelom_gnaglo/main.tf: Using EditorConfig core...
davidelom_gnaglo/main.tf: Using EditorConfig core...
davidelom_gnaglo/main.tf: Using EditorConfig core...
davidelom_gnaglo/main.tf: Using EditorConfig core...
davidelom_gnaglo/main.tf: Using EditorConfig core...
davidelom_gnaglo/main.tf: Using EditorConfig core...
davidelom_gnaglo/main.tf: Using EditorConfig core...
davidelom_gnaglo/main.tf: Using EditorConfig core...
davidelom_gnaglo/main.tf: {}
davidelom_gnaglo/main.tf: {}
davidelom_gnaglo/main.tf: {}
davidelom_gnaglo/main.tf: {}
davidelom_gnaglo/terraform.tfstate.backup: {}
davidelom_gnaglo/main.tf: {}
davidelom_gnaglo/terraform.tfstate: {}
davidelom_gnaglo/main.tf: {}
davidelom_gnaglo/main.tf: {}
davidelom_gnaglo/main.tf: {}
davidelom_gnaglo/app/Dockerfile: {}
davidelom_gnaglo/app/Dockerfile: {}
davidelom_gnaglo/app/Dockerfile: {}
davidelom_gnaglo/terraform.tfstate: {}
davidelom_gnaglo/terraform.tfstate: {}
davidelom_gnaglo/terraform.tfstate: {}
davidelom_gnaglo/main.tf: {}
davidelom_gnaglo/main.tf: {}
davidelom_gnaglo/main.tf: {}
davidelom_gnaglo/main.tf: {}
davidelom_gnaglo/main.tf: {}
davidelom_gnaglo/app/ianna-project-exam/app.js: {}
davidelom_gnaglo/app/ianna-project-exam/app.js: {}
davidelom_gnaglo/app/ianna-project-exam/app.js: {}
davidelom_gnaglo/app/ianna-project-exam/app.js: {}
davidelom_gnaglo/app/ianna-project-exam/app.js: {}
davidelom_gnaglo/app/ianna-project-exam/app.js: Using EditorConfig core...
davidelom_gnaglo/app/ianna-project-exam/app.js: {}
davidelom_gnaglo/app/ianna-project-exam/app.js: {}
davidelom_gnaglo/app/ianna-project-exam/.env: {}
davidelom_gnaglo/app/ianna-project-exam/app.js: {}
davidelom_gnaglo/app/ianna-project-exam/.env: {}
davidelom_gnaglo/app/ianna-project-exam/.env: Using EditorConfig core...
davidelom_gnaglo/app/ianna-project-exam/.env: Using EditorConfig core...
davidelom_gnaglo/app/ianna-project-exam/app.js: {}
davidelom_gnaglo/app/ianna-project-exam/.env: {}
davidelom_gnaglo/app/ianna-project-exam/.env: Using EditorConfig core...
davidelom_gnaglo/app/ianna-project-exam/.env: Using EditorConfig core...
davidelom_gnaglo/app/ianna-project-exam/.env: Using EditorConfig core...
davidelom_gnaglo/app/ianna-project-exam/.env: Using EditorConfig core...
davidelom_gnaglo/app/ianna-project-exam/app.js: {}
davidelom_gnaglo/app/ianna-project-exam/app.js: {}
davidelom_gnaglo/app/ianna-project-exam/.env: {}
davidelom_gnaglo/app/ianna-project-exam/.env: {}
davidelom_gnaglo/app/ianna-project-exam/.env: Using EditorConfig core...
davidelom_gnaglo/app/ianna-project-exam/.env: Using EditorConfig core...
davidelom_gnaglo/app/ianna-project-exam/.env: Using EditorConfig core...
davidelom_gnaglo/app/ianna-project-exam/app.js: {}
davidelom_gnaglo/app/ianna-project-exam/.env: {}
davidelom_gnaglo/app/ianna-project-exam/README.md: {}
davidelom_gnaglo/app/ianna-project-exam/.env: {}
davidelom_gnaglo/app/ianna-project-exam/app.js: {}
davidelom_gnaglo/app/ianna-project-exam/README.md: {}
davidelom_gnaglo/app/ianna-project-exam/.env: {}
davidelom_gnaglo/app/ianna-project-exam/.env: {}
davidelom_gnaglo/app/ianna-project-exam/.env: {}
davidelom_gnaglo/app/ianna-project-exam/.env: {}
davidelom_gnaglo/kubernates/deployment.yaml: {}
davidelom_gnaglo/kubernates/deployment.yaml: Using EditorConfig core...
davidelom_gnaglo/kubernates/deployment.yaml: Using EditorConfig core...
davidelom_gnaglo/kubernates/deployment.yaml: Using EditorConfig core...
davidelom_gnaglo/kubernates/deployment.yaml: Using EditorConfig core...
davidelom_gnaglo/kubernates/deployment.yaml: {}
davidelom_gnaglo/kubernates/deployment.yaml: {}
davidelom_gnaglo/kubernates/deployment.yaml: {}
davidelom_gnaglo/kubernates/deployment.yaml: {}
davidelom_gnaglo/kubernates/service.yaml: {}
davidelom_gnaglo/kubernates/service.yaml: Using EditorConfig core...
davidelom_gnaglo/kubernates/service.yaml: {}
davidelom_gnaglo/kubernates/service.yaml: {}
davidelom_gnaglo/kubernates/service.yaml: {}
davidelom_gnaglo/kubernates/deployment.yaml: {}
davidelom_gnaglo/kubernates/deployment.yaml: Using EditorConfig core...
davidelom_gnaglo/kubernates/deployment.yaml: Using EditorConfig core...
davidelom_gnaglo/kubernates/deployment.yaml: Using EditorConfig core...
davidelom_gnaglo/kubernates/deployment.yaml: Using EditorConfig core...
davidelom_gnaglo/kubernates/deployment.yaml: Using EditorConfig core...
davidelom_gnaglo/kubernates/deployment.yaml: Using EditorConfig core...
davidelom_gnaglo/kubernates/service.yaml: {}
davidelom_gnaglo/kubernates/service.yaml: Using EditorConfig core...
davidelom_gnaglo/kubernates/service.yaml: Using EditorConfig core...
davidelom_gnaglo/kubernates/service.yaml: Using EditorConfig core...
davidelom_gnaglo/kubernates/service.yaml: Using EditorConfig core...
davidelom_gnaglo/kubernates/service.yaml: Using EditorConfig core...
davidelom_gnaglo/kubernates/service.yaml: {}
davidelom_gnaglo/kubernates/service.yaml: {}
davidelom_gnaglo/kubernates/canary-deployment.yaml: {}
davidelom_gnaglo/kubernates/canary-deployment.yaml: Using EditorConfig core...
davidelom_gnaglo/kubernates/canary-deployment.yaml: Using EditorConfig core...
davidelom_gnaglo/kubernates/canary-deployment.yaml: Using EditorConfig core...
davidelom_gnaglo/kubernates/canary-deployment.yaml: Using EditorConfig core...
davidelom_gnaglo/kubernates/canary-deployment.yaml: Using EditorConfig core...
davidelom_gnaglo/kubernates/canary-deployment.yaml: Using EditorConfig core...
davidelom_gnaglo/kubernates/canary-deployment.yaml: Using EditorConfig core...
davidelom_gnaglo/kubernates/canary-deployment.yaml: Using EditorConfig core...
davidelom_gnaglo/kubernates/deployment.yaml: {}
davidelom_gnaglo/kubernates/service.yaml: {}
davidelom_gnaglo/kubernates/canary-deployment.yaml: {}
davidelom_gnaglo/kubernates/canary-deployment.yaml: Using EditorConfig core...
davidelom_gnaglo/kubernates/canary-deployment.yaml: Using EditorConfig core...
davidelom_gnaglo/kubernates/canary-deployment.yaml: Using EditorConfig core...
davidelom_gnaglo/kubernates/canary-deployment.yaml: Using EditorConfig core...
davidelom_gnaglo/kubernates/canary-deployment.yaml: {}
davidelom_gnaglo/kubernates/service.yaml: {}
davidelom_gnaglo/kubernates/service.yaml: Using EditorConfig core...
davidelom_gnaglo/kubernates/service.yaml: Using EditorConfig core...
davidelom_gnaglo/kubernates/service.yaml: Using EditorConfig core...
davidelom_gnaglo/kubernates/service.yaml: Using EditorConfig core...
davidelom_gnaglo/kubernates/service.yaml: Using EditorConfig core...
davidelom_gnaglo/kubernates/service.yaml: Using EditorConfig core...
davidelom_gnaglo/kubernates/service.yaml: Using EditorConfig core...
davidelom_gnaglo/kubernates/service.yaml: Using EditorConfig core...
davidelom_gnaglo/kubernates/service.yaml: Using EditorConfig core...
davidelom_gnaglo/kubernates/canary-deployment.yaml: {}
davidelom_gnaglo/kubernates/canary-deployment.yaml: {}
davidelom_gnaglo/kubernates/service.yaml: {}
davidelom_gnaglo/kubernates/deployment.yaml: {}
davidelom_gnaglo/kubernates/deployment.yaml: {}
davidelom_gnaglo/kubernates/service.yaml: {}
davidelom_gnaglo/kubernates/service.yaml: {}
davidelom_gnaglo/kubernates/service.yaml: {}
davidelom_gnaglo/kubernates/service.yaml: {}
davidelom_gnaglo/kubernates/blue-deployment.yaml: {}
davidelom_gnaglo/kubernates/blue-deployment.yaml: Using EditorConfig core...
davidelom_gnaglo/kubernates/deployment.yaml: {}
davidelom_gnaglo/kubernates/blue-deployment.yaml: {}
davidelom_gnaglo/kubernates/deployment.yaml: {}
davidelom_gnaglo/kubernates/blue-deployment.yaml: {}
davidelom_gnaglo/kubernates/canary-deployment.yaml: {}
davidelom_gnaglo/kubernates/blue-deployment.yaml: {}
davidelom_gnaglo/kubernates/blue-deployment.yaml: Using EditorConfig core...
davidelom_gnaglo/kubernates/blue-deployment.yaml: Using EditorConfig core...
davidelom_gnaglo/kubernates/blue-deployment.yaml: Using EditorConfig core...
davidelom_gnaglo/kubernates/blue-deployment.yaml: {}
davidelom_gnaglo/kubernates/green-deployment.yaml: {}
davidelom_gnaglo/kubernates/green-deployment.yaml: Using EditorConfig core...
davidelom_gnaglo/kubernates/blue-deployment.yaml: {}
davidelom_gnaglo/kubernates/green-deployment.yaml: {}
davidelom_gnaglo/kubernates/blue-deployment.yaml: {}
davidelom_gnaglo/kubernates/green-deployment.yaml: {}
davidelom_gnaglo/kubernates/green-deployment.yaml: Using EditorConfig core...
davidelom_gnaglo/kubernates/green-deployment.yaml: Using EditorConfig core...
davidelom_gnaglo/kubernates/deployment.yaml: {}
davidelom_gnaglo/kubernates/green-deployment.yaml: {}
davidelom_gnaglo/kubernates/deployment.yaml: {}
davidelom_gnaglo/kubernates/blue-deployment.yaml: {}
davidelom_gnaglo/kubernates/green-deployment.yaml: {}
davidelom_gnaglo/kubernates/blue-deployment.yaml: {}
davidelom_gnaglo/kubernates/green-deployment.yaml: {}
davidelom_gnaglo/kubernates/blue-deployment.yaml: {}
davidelom_gnaglo/kubernates/green-deployment.yaml: {}
davidelom_gnaglo/kubernates/green-deployment.yaml: Using EditorConfig core...
davidelom_gnaglo/kubernates/blue-deployment.yaml: {}
davidelom_gnaglo/kubernates/green-deployment.yaml: {}
davidelom_gnaglo/kubernates/green-deployment.yaml: Using EditorConfig core...
davidelom_gnaglo/kubernates/green-deployment.yaml: Using EditorConfig core...
davidelom_gnaglo/kubernates/blue-deployment.yaml: {}
davidelom_gnaglo/kubernates/green-deployment.yaml: {}
davidelom_gnaglo/kubernates/green-deployment.yaml: Using EditorConfig core...
davidelom_gnaglo/kubernates/green-deployment.yaml: Using EditorConfig core...
davidelom_gnaglo/kubernates/green-deployment.yaml: {}
davidelom_gnaglo/kubernates/deployment.yaml: {}
davidelom_gnaglo/kubernates/green-deployment.yaml: {}
davidelom_gnaglo/kubernates/deployment.yaml: {}
davidelom_gnaglo/kubernates/green-deployment.yaml: {}
davidelom_gnaglo/kubernates/deployment.yaml: {}
davidelom_gnaglo/kubernates/green-deployment.yaml: {}
davidelom_gnaglo/kubernates/green-deployment.yaml: Using EditorConfig core...
davidelom_gnaglo/kubernates/green-deployment.yaml: Using EditorConfig core...
davidelom_gnaglo/kubernates/green-deployment.yaml: Using EditorConfig core...
davidelom_gnaglo/kubernates/deployment.yaml: {}
davidelom_gnaglo/kubernates/green-deployment.yaml: {}
davidelom_gnaglo/kubernates/green-deployment.yaml: Using EditorConfig core...
davidelom_gnaglo/kubernates/green-deployment.yaml: Using EditorConfig core...
davidelom_gnaglo/kubernates/deployment.yaml: {}
davidelom_gnaglo/kubernates/green-deployment.yaml: {}
davidelom_gnaglo/kubernates/green-deployment.yaml: Using EditorConfig core...
davidelom_gnaglo/kubernates/green-deployment.yaml: Using EditorConfig core...
davidelom_gnaglo/kubernates/green-deployment.yaml: Using EditorConfig core...
davidelom_gnaglo/kubernates/deployment.yaml: {}
davidelom_gnaglo/kubernates/green-deployment.yaml: {}
davidelom_gnaglo/kubernates/blue-deployment.yaml: {}
davidelom_gnaglo/kubernates/green-deployment.yaml: {}
davidelom_gnaglo/kubernates/green-deployment.yaml: Using EditorConfig core...
davidelom_gnaglo/kubernates/green-deployment.yaml: Using EditorConfig core...
davidelom_gnaglo/kubernates/green-deployment.yaml: Using EditorConfig core...
davidelom_gnaglo/kubernates/green-deployment.yaml: Using EditorConfig core...
davidelom_gnaglo/kubernates/green-deployment.yaml: Using EditorConfig core...
davidelom_gnaglo/kubernates/green-deployment.yaml: Using EditorConfig core...
davidelom_gnaglo/kubernates/green-deployment.yaml: Using EditorConfig core...
davidelom_gnaglo/kubernates/green-deployment.yaml: Using EditorConfig core...
davidelom_gnaglo/kubernates/green-deployment.yaml: Using EditorConfig core...
davidelom_gnaglo/kubernates/green-deployment.yaml: Using EditorConfig core...
davidelom_gnaglo/kubernates/green-deployment.yaml: Using EditorConfig core...
davidelom_gnaglo/kubernates/green-deployment.yaml: Using EditorConfig core...
davidelom_gnaglo/kubernates/green-deployment.yaml: Using EditorConfig core...
davidelom_gnaglo/kubernates/green-deployment.yaml: Using EditorConfig core...
davidelom_gnaglo/kubernates/green-deployment.yaml: Using EditorConfig core...
davidelom_gnaglo/kubernates/green-deployment.yaml: Using EditorConfig core...
davidelom_gnaglo/kubernates/green-deployment.yaml: Using EditorConfig core...
davidelom_gnaglo/kubernates/green-deployment.yaml: Using EditorConfig core...
davidelom_gnaglo/kubernates/green-deployment.yaml: Using EditorConfig core...
davidelom_gnaglo/kubernates/green-deployment.yaml: {}
davidelom_gnaglo/kubernates/green-deployment.yaml: Using EditorConfig core...
davidelom_gnaglo/kubernates/green-deployment.yaml: {}
davidelom_gnaglo/kubernates/green-deployment.yaml: Using EditorConfig core...
davidelom_gnaglo/kubernates/green-deployment.yaml: Using EditorConfig core...
davidelom_gnaglo/kubernates/green-deployment.yaml: Using EditorConfig core...
davidelom_gnaglo/kubernates/blue-deployment.yaml: {}
davidelom_gnaglo/kubernates/blue-deployment.yaml: Using EditorConfig core...
davidelom_gnaglo/kubernates/blue-deployment.yaml: Using EditorConfig core...
davidelom_gnaglo/kubernates/blue-deployment.yaml: {}
davidelom_gnaglo/kubernates/blue-deployment.yaml: {}
davidelom_gnaglo/kubernates/blue-deployment.yaml: {}
davidelom_gnaglo/kubernates/blue-deployment.yaml: {}
davidelom_gnaglo/kubernates/green-deployment.yaml: {}
davidelom_gnaglo/kubernates/green-deployment.yaml: {}
davidelom_gnaglo/kubernates/green-deployment.yaml: {}
davidelom_gnaglo/kubernates/green-deployment.yaml: {}
davidelom_gnaglo/kubernates/green-deployment.yaml: {}
davidelom_gnaglo/kubernates/green-deployment.yaml: {}
davidelom_gnaglo/kubernates/green-deployment.yaml: {}
davidelom_gnaglo/kubernates/green-deployment.yaml: {}
davidelom_gnaglo/kubernates/green-deployment.yaml: {}
davidelom_gnaglo/kubernates/green-deployment.yaml: {}
davidelom_gnaglo/kubernates/green-deployment.yaml: {}
