Initializing document watcher...
Document watcher initialized
davidelom_gnaglo/app/ianna-project-exam/views/index.ejs: {}
davidelom_gnaglo/kubernates/deployment-strategies-green-blue/blue-deployment.yaml: {}
davidelom_gnaglo/kubernates/deployment-strategies-green-blue/blue-deployment.yaml: Using EditorConfig core...
davidelom_gnaglo/kubernates/deployment-strategies-green-blue/blue-deployment.yaml: Using EditorConfig core...
davidelom_gnaglo/kubernates/deployment-strategies-green-blue/blue-deployment.yaml: Using EditorConfig core...
davidelom_gnaglo/kubernates/deployment-strategies-green-blue/blue-deployment.yaml: Using EditorConfig core...
davidelom_gnaglo/kubernates/deployment-strategies-green-blue/blue-deployment.yaml: Using EditorConfig core...
davidelom_gnaglo/kubernates/deployment-strategies-green-blue/blue-deployment.yaml: Using EditorConfig core...
davidelom_gnaglo/kubernates/deployment-strategies-green-blue/blue-deployment.yaml: Using EditorConfig core...
davidelom_gnaglo/kubernates/deployment-strategies-green-blue/blue-deployment.yaml: Using EditorConfig core...
davidelom_gnaglo/kubernates/deployment-strategies-green-blue/blue-deployment.yaml: Using EditorConfig core...
davidelom_gnaglo/kubernates/deployment-strategies-green-blue/blue-deployment.yaml: Using EditorConfig core...
davidelom_gnaglo/kubernates/deployment-strategies-green-blue/blue-deployment.yaml: Using EditorConfig core...
davidelom_gnaglo/kubernates/deployment-strategies-green-blue/blue-deployment.yaml: Using EditorConfig core...
davidelom_gnaglo/kubernates/deployment-strategies-green-blue/blue-deployment.yaml: Using EditorConfig core...
davidelom_gnaglo/kubernates/deployment-strategies-green-blue/blue-deployment.yaml: Using EditorConfig core...
davidelom_gnaglo/kubernates/deployment-strategies-green-blue/blue-deployment.yaml: Using EditorConfig core...
davidelom_gnaglo/kubernates/deployment-strategies-green-blue/green-deployment.yaml: {}
davidelom_gnaglo/kubernates/deployment-strategies-green-blue/green-deployment.yaml: Using EditorConfig core...
davidelom_gnaglo/kubernates/deployment-strategies-green-blue/blue-deployment.yaml: {}
davidelom_gnaglo/kubernates/deployment-strategies-green-blue/blue-deployment.yaml: Using EditorConfig core...
davidelom_gnaglo/kubernates/deployment-strategies-green-blue/green-deployment.yaml: {}
davidelom_gnaglo/kubernates/deployment-strategies-green-blue/green-deployment.yaml: Using EditorConfig core...
davidelom_gnaglo/kubernates/deployment-strategies-green-blue/green-deployment.yaml: Using EditorConfig core...
davidelom_gnaglo/kubernates/deployment-strategies-green-blue/green-deployment.yaml: Using EditorConfig core...
davidelom_gnaglo/kubernates/deployment-strategies-green-blue/blue-service.yaml: {}
davidelom_gnaglo/kubernates/deployment-strategies-green-blue/blue-service.yaml: Using EditorConfig core...
davidelom_gnaglo/kubernates/deployment-strategies-green-blue/blue-service.yaml: Using EditorConfig core...
davidelom_gnaglo/kubernates/deployment-strategies-green-blue/green-service.yaml: {}
davidelom_gnaglo/kubernates/deployment-strategies-green-blue/blue-service.yaml: {}
davidelom_gnaglo/kubernates/deployment-strategies-green-blue/blue-service.yaml: Using EditorConfig core...
davidelom_gnaglo/kubernates/deployment-strategies-green-blue/green-service.yaml: {}
davidelom_gnaglo/kubernates/deployment-strategies-green-blue/green-service.yaml: Using EditorConfig core...
davidelom_gnaglo/kubernates/deployment-strategies-green-blue/green-service.yaml: Using EditorConfig core...
davidelom_gnaglo/kubernates/deployment-strategies-green-blue/blue-service.yaml: {}
davidelom_gnaglo/kubernates/deployment-strategies-green-blue/green-service.yaml: {}
davidelom_gnaglo/kubernates/deployment-strategies-green-blue/green-service.yaml: {}
davidelom_gnaglo/kubernates/deployment-strategies-green-blue/green-service.yaml: {}
davidelom_gnaglo/kubernates/deployment-strategies-green-blue/blue-deployment.yaml: {}
davidelom_gnaglo/kubernates/deployment-strategies-green-blue/blue-deployment.yaml: {}
davidelom_gnaglo/kubernates/deployment-strategies-green-blue/blue-deployment.yaml: {}
davidelom_gnaglo/kubernates/deployment-strategies-green-blue/blue-service.yaml: {}
davidelom_gnaglo/kubernates/deployment-strategies-green-blue/blue-service.yaml: {}
davidelom_gnaglo/kubernates/deployment-strategies-green-blue/blue-service.yaml: {}
davidelom_gnaglo/kubernates/deployment-strategies-green-blue/blue-deployment.yaml: {}
davidelom_gnaglo/kubernates/deployment-strategies-green-blue/blue-service.yaml: {}
davidelom_gnaglo/kubernates/deployment-strategies-green-blue/blue-service.yaml: Using EditorConfig core...
davidelom_gnaglo/kubernates/deployment-strategies-green-blue/green-deployment.yaml: {}
davidelom_gnaglo/kubernates/deployment-strategies-green-blue/green-deployment.yaml: Using EditorConfig core...
davidelom_gnaglo/kubernates/deployment-strategies-green-blue/green-service.yaml: {}
davidelom_gnaglo/kubernates/deployment-strategies-green-blue/green-service.yaml: Using EditorConfig core...
davidelom_gnaglo/kubernates/deployment-strategies-green-blue/green-service.yaml: {}
davidelom_gnaglo/kubernates/deployment-strategies-green-blue/green-service.yaml: {}
davidelom_gnaglo/kubernates/deployment-strategies-green-blue/green-service.yaml: {}
davidelom_gnaglo/kubernates/deployment-strategies-green-blue/green-service.yaml: {}
davidelom_gnaglo/kubernates/deployment-strategies-green-blue/green-service.yaml: {}
davidelom_gnaglo/kubernates/deployment-strategies-green-blue/blue-deployment.yaml: {}
davidelom_gnaglo/kubernates/deployment-strategies-green-blue/blue-deployment.yaml: {}
davidelom_gnaglo/kubernates/deployment.yaml: {}
davidelom_gnaglo/kubernates/deployment-strategies-green-blue/blue-deployment.yaml: {}
davidelom_gnaglo/kubernates/deployment.yaml: {}
davidelom_gnaglo/kubernates/deployment-strategies-green-blue/blue-deployment.yaml: {}
davidelom_gnaglo/kubernates/deployment-strategies-green-blue/blue-deployment.yaml: Using EditorConfig core...
davidelom_gnaglo/kubernates/deployment-strategies-green-blue/blue-deployment.yaml: Using EditorConfig core...
davidelom_gnaglo/kubernates/deployment-strategies-green-blue/blue-deployment.yaml: Using EditorConfig core...
davidelom_gnaglo/kubernates/deployment-strategies-green-blue/blue-deployment.yaml: Using EditorConfig core...
davidelom_gnaglo/kubernates/deployment-strategies-green-blue/blue-deployment.yaml: Using EditorConfig core...
davidelom_gnaglo/kubernates/deployment.yaml: {}
davidelom_gnaglo/kubernates/deployment-strategies-green-blue/blue-deployment.yaml: {}
davidelom_gnaglo/kubernates/deployment.yaml: {}
davidelom_gnaglo/kubernates/deployment-strategies-green-blue/blue-deployment.yaml: {}
davidelom_gnaglo/kubernates/deployment.yaml: {}
davidelom_gnaglo/kubernates/deployment-strategies-green-blue/blue-deployment.yaml: {}
davidelom_gnaglo/kubernates/deployment-strategies-green-blue/blue-deployment.yaml: Using EditorConfig core...
davidelom_gnaglo/kubernates/deployment-strategies-green-blue/blue-deployment.yaml: Using EditorConfig core...
davidelom_gnaglo/kubernates/deployment-strategies-green-blue/blue-service.yaml: {}
davidelom_gnaglo/kubernates/deployment-strategies-green-blue/green-deployment.yaml: {}
davidelom_gnaglo/kubernates/deployment-strategies-green-blue/green-deployment.yaml: Using EditorConfig core...
davidelom_gnaglo/kubernates/deployment-strategies-green-blue/green-deployment.yaml: Using EditorConfig core...
davidelom_gnaglo/kubernates/deployment-strategies-green-blue/green-deployment.yaml: Using EditorConfig core...
davidelom_gnaglo/kubernates/deployment-strategies-green-blue/green-deployment.yaml: Using EditorConfig core...
davidelom_gnaglo/kubernates/deployment-strategies-green-blue/blue-deployment.yaml: {}
davidelom_gnaglo/kubernates/deployment-strategies-green-blue/green-deployment.yaml: {}
davidelom_gnaglo/kubernates/deployment-strategies-green-blue/blue-deployment.yaml: {}
davidelom_gnaglo/kubernates/deployment-strategies-green-blue/blue-deployment.yaml: Using EditorConfig core...
davidelom_gnaglo/kubernates/deployment.yaml: {}
davidelom_gnaglo/kubernates/deployment-strategies-green-blue/blue-deployment.yaml: {}
davidelom_gnaglo/kubernates/deployment-strategies-green-blue/blue-deployment.yaml: Using EditorConfig core...
davidelom_gnaglo/kubernates/deployment-strategies-green-blue/blue-deployment.yaml: Using EditorConfig core...
davidelom_gnaglo/kubernates/deployment-strategies-green-blue/blue-deployment.yaml: Using EditorConfig core...
davidelom_gnaglo/kubernates/deployment-strategies-green-blue/blue-deployment.yaml: Using EditorConfig core...
davidelom_gnaglo/kubernates/deployment-strategies-green-blue/blue-deployment.yaml: Using EditorConfig core...
davidelom_gnaglo/kubernates/deployment-strategies-green-blue/blue-deployment.yaml: Using EditorConfig core...
davidelom_gnaglo/kubernates/deployment-strategies-green-blue/blue-deployment.yaml: Using EditorConfig core...
davidelom_gnaglo/kubernates/deployment-strategies-green-blue/blue-deployment.yaml: Using EditorConfig core...
davidelom_gnaglo/kubernates/deployment-strategies-green-blue/green-deployment.yaml: {}
davidelom_gnaglo/kubernates/deployment-strategies-green-blue/blue-deployment.yaml: {}
davidelom_gnaglo/kubernates/deployment-strategies-green-blue/green-deployment.yaml: {}
davidelom_gnaglo/kubernates/deployment-strategies-green-blue/green-deployment.yaml: Using EditorConfig core...
davidelom_gnaglo/kubernates/deployment-strategies-green-blue/green-deployment.yaml: Using EditorConfig core...
davidelom_gnaglo/kubernates/deployment-strategies-green-blue/blue-service.yaml: {}
davidelom_gnaglo/kubernates/deployment-strategies-green-blue/green-service.yaml: {}
davidelom_gnaglo/kubernates/deployment-strategies-green-blue/green-service.yaml: Using EditorConfig core...
davidelom_gnaglo/kubernates/deployment-strategies-green-blue/blue-service.yaml: {}
davidelom_gnaglo/kubernates/deployment-strategies-green-blue/blue-service.yaml: Using EditorConfig core...
davidelom_gnaglo/kubernates/deployment-strategies-green-blue/blue-service.yaml: {}
davidelom_gnaglo/kubernates/deployment-strategies-green-blue/blue-service.yaml: {}
davidelom_gnaglo/kubernates/deployment-strategies-green-blue/green-deployment.yaml: {}
davidelom_gnaglo/kubernates/deployment-strategies-green-blue/green-deployment.yaml: Using EditorConfig core...
davidelom_gnaglo/kubernates/deployment-strategies-green-blue/green-deployment.yaml: {}
davidelom_gnaglo/kubernates/deployment-strategies-green-blue/green-deployment.yaml: Using EditorConfig core...
davidelom_gnaglo/kubernates/deployment-strategies-green-blue/green-deployment.yaml: {}
davidelom_gnaglo/kubernates/deployment-strategies-green-blue/blue-deployment.yaml: {}
davidelom_gnaglo/kubernates/deployment-strategies-green-blue/green-deployment.yaml: {}
davidelom_gnaglo/kubernates/deployment-strategies-green-blue/blue-deployment.yaml: {}
davidelom_gnaglo/kubernates/deployment-strategies-green-blue/green-deployment.yaml: {}
davidelom_gnaglo/kubernates/deployment-strategies-green-blue/blue-deployment.yaml: {}
davidelom_gnaglo/kubernates/deployment-strategies-green-blue/green-deployment.yaml: {}
davidelom_gnaglo/kubernates/deployment-strategies-green-blue/green-deployment.yaml: Using EditorConfig core...
davidelom_gnaglo/kubernates/deployment-strategies-green-blue/green-deployment.yaml: Using EditorConfig core...
davidelom_gnaglo/kubernates/deployment-strategies-green-blue/green-deployment.yaml: Using EditorConfig core...
davidelom_gnaglo/kubernates/deployment-strategies-green-blue/green-deployment.yaml: Using EditorConfig core...
davidelom_gnaglo/kubernates/deployment-strategies-green-blue/blue-deployment.yaml: {}
davidelom_gnaglo/kubernates/deployment-strategies-green-blue/blue-deployment.yaml: Using EditorConfig core...
davidelom_gnaglo/kubernates/deployment-strategies-green-blue/blue-deployment.yaml: {}
davidelom_gnaglo/kubernates/deployment-strategies-green-blue/green-deployment.yaml: {}
davidelom_gnaglo/kubernates/deployment-strategies-green-blue/blue-deployment.yaml: {}
davidelom_gnaglo/kubernates/deployment-strategies-green-blue/blue-deployment.yaml: Using EditorConfig core...
davidelom_gnaglo/kubernates/deployment-strategies-green-blue/blue-deployment.yaml: Using EditorConfig core...
davidelom_gnaglo/kubernates/deployment-strategies-green-blue/blue-deployment.yaml: {}
davidelom_gnaglo/kubernates/deployment-strategies-green-blue/blue-deployment.yaml: {}
davidelom_gnaglo/kubernates/deployment-strategies-green-blue/blue-deployment.yaml: {}
davidelom_gnaglo/kubernates/deployment-strategies-green-blue/blue-deployment.yaml: Using EditorConfig core...
davidelom_gnaglo/kubernates/deployment-strategies-green-blue/blue-deployment.yaml: {}
davidelom_gnaglo/kubernates/deployment-strategies-green-blue/blue-deployment.yaml: {}
davidelom_gnaglo/kubernates/deployment-strategies-green-blue/blue-deployment.yaml: {}
davidelom_gnaglo/kubernates/deployment-strategies-green-blue/blue-deployment.yaml: Using EditorConfig core...
davidelom_gnaglo/kubernates/deployment-strategies-green-blue/blue-deployment.yaml: Using EditorConfig core...
davidelom_gnaglo/kubernates/deployment-strategies-green-blue/blue-deployment.yaml: Using EditorConfig core...
davidelom_gnaglo/kubernates/deployment-strategies-green-blue/blue-deployment.yaml: {}
