2024-11-07 13:52:06.472 [info] Extension host with pid 11288 started
2024-11-07 13:52:06.503 [info] Lock '/home/davidelom_gnaglo/.codeoss/data/User/workspaceStorage/-34f7ea98/vscode.lock': Lock acquired.
2024-11-07 13:52:06.875 [info] ExtensionService#_doActivateExtension vscode.emmet, startup: false, activationEvent: 'onLanguage'
2024-11-07 13:52:07.878 [info] ExtensionService#_doActivateExtension vscode.git-base, startup: true, activationEvent: '*', root cause: vscode.git
2024-11-07 13:52:08.184 [error] No bundle location found for extension vscode.emmet
2024-11-07 13:52:08.416 [error] No bundle location found for extension vscode.git-base
2024-11-07 13:52:08.422 [info] ExtensionService#_doActivateExtension vscode.git, startup: true, activationEvent: '*'
2024-11-07 13:52:08.423 [info] ExtensionService#_doActivateExtension vscode.github, startup: true, activationEvent: '*'
2024-11-07 13:52:08.555 [info] ExtensionService#_doActivateExtension redhat.fabric8-analytics, startup: true, activationEvent: 'workspaceContains:**/package.json,**/pom.xml,**/go.mod,**/requirements.txt'
2024-11-07 13:52:08.556 [info] ExtensionService#_doActivateExtension hashicorp.terraform, startup: true, activationEvent: 'workspaceContains:**/*.tf,**/*.tfvars'
2024-11-07 13:52:08.800 [error] No bundle location found for extension vscode.git
2024-11-07 13:52:08.932 [warning] Using default string since no string found in i18n bundle that has the key: Log level: {0}
2024-11-07 13:52:08.939 [warning] Using default string since no string found in i18n bundle that has the key: Validating found git in: "{0}"
2024-11-07 13:52:08.953 [error] No bundle location found for extension vscode.github
2024-11-07 13:52:08.954 [error] No bundle location found for extension redhat.fabric8-analytics
2024-11-07 13:52:08.954 [error] No bundle location found for extension hashicorp.terraform
2024-11-07 13:52:09.570 [warning] Using default string since no string found in i18n bundle that has the key: Log level: {0}
2024-11-07 13:52:09.592 [warning] Using default string since no string found in i18n bundle that has the key: Enables the following features: {0}
2024-11-07 13:52:09.593 [warning] Using default string since no string found in i18n bundle that has the key: Using git "{0}" from "{1}"
2024-11-07 13:52:09.615 [warning] Using default string since no string found in i18n bundle that has the key: Git History
2024-11-07 13:52:09.621 [warning] Using default string since no string found in i18n bundle that has the key: Copy vscode.dev Link
2024-11-07 13:52:09.964 [info] Eager extensions activated
2024-11-07 13:52:09.965 [info] ExtensionService#_doActivateExtension EditorConfig.EditorConfig, startup: false, activationEvent: 'onStartupFinished'
2024-11-07 13:52:09.966 [info] ExtensionService#_doActivateExtension google.cloud-shell, startup: false, activationEvent: 'onStartupFinished'
2024-11-07 13:52:09.967 [info] ExtensionService#_doActivateExtension googlecloudtools.cloudcode, startup: false, activationEvent: 'onStartupFinished'
2024-11-07 13:52:09.969 [info] ExtensionService#_doActivateExtension vscode.debug-auto-launch, startup: false, activationEvent: 'onStartupFinished'
2024-11-07 13:52:09.970 [info] ExtensionService#_doActivateExtension vscode.merge-conflict, startup: false, activationEvent: 'onStartupFinished'
2024-11-07 13:52:10.434 [error] No bundle location found for extension EditorConfig.EditorConfig
2024-11-07 13:52:10.571 [error] No bundle location found for extension vscode.merge-conflict
2024-11-07 13:52:10.697 [warning] Using default string since no string found in i18n bundle that has the key: (Current Change)
2024-11-07 13:52:10.704 [warning] Using default string since no string found in i18n bundle that has the key: (Incoming Change)
2024-11-07 13:52:10.745 [error] No bundle location found for extension googlecloudtools.cloudcode
2024-11-07 13:52:10.749 [error] No bundle location found for extension vscode.debug-auto-launch
2024-11-07 13:52:10.749 [error] No bundle location found for extension google.cloud-shell
2024-11-07 13:52:14.558 [warning] Using default string since no string found in i18n bundle that has the key: Auto Attach: Disabled
2024-11-07 13:52:14.559 [warning] Using default string since no string found in i18n bundle that has the key: Auto Attach: Always
2024-11-07 13:52:14.559 [warning] Using default string since no string found in i18n bundle that has the key: Auto Attach: Smart
2024-11-07 13:52:14.559 [warning] Using default string since no string found in i18n bundle that has the key: Auto Attach: With Flag
2024-11-07 13:52:14.559 [warning] Using default string since no string found in i18n bundle that has the key: Disabled
2024-11-07 13:52:14.559 [warning] Using default string since no string found in i18n bundle that has the key: Always
2024-11-07 13:52:14.559 [warning] Using default string since no string found in i18n bundle that has the key: Smart
2024-11-07 13:52:14.559 [warning] Using default string since no string found in i18n bundle that has the key: Only With Flag
2024-11-07 13:52:14.559 [warning] Using default string since no string found in i18n bundle that has the key: Auto attach is disabled and not shown in status bar
2024-11-07 13:52:14.559 [warning] Using default string since no string found in i18n bundle that has the key: Auto attach to every Node.js process launched in the terminal
2024-11-07 13:52:14.559 [warning] Using default string since no string found in i18n bundle that has the key: Auto attach when running scripts that aren't in a node_modules folder
2024-11-07 13:52:14.559 [warning] Using default string since no string found in i18n bundle that has the key: Only auto attach when the `--inspect` flag is given
2024-11-07 13:52:14.559 [warning] Using default string since no string found in i18n bundle that has the key: Toggle auto attach in this workspace
2024-11-07 13:52:14.559 [warning] Using default string since no string found in i18n bundle that has the key: Toggle auto attach on this machine
2024-11-07 13:52:14.559 [warning] Using default string since no string found in i18n bundle that has the key: Temporarily disable auto attach in this session
2024-11-07 13:52:14.559 [warning] Using default string since no string found in i18n bundle that has the key: Re-enable auto attach
2024-11-07 13:52:14.559 [warning] Using default string since no string found in i18n bundle that has the key: Auto Attach: Disabled
2024-11-07 13:52:14.797 [info] ExtensionService#_doActivateExtension vscode.json-language-features, startup: false, activationEvent: 'onLanguage:jsonc'
2024-11-07 13:52:14.798 [info] ExtensionService#_doActivateExtension vscode.typescript-language-features, startup: false, activationEvent: 'onLanguage:jsonc'
2024-11-07 13:52:15.693 [error] No bundle location found for extension vscode.typescript-language-features
2024-11-07 13:52:15.820 [warning] Using default string since no string found in i18n bundle that has the key: Learn more about managing TypeScript versions
2024-11-07 13:52:15.868 [error] No bundle location found for extension vscode.json-language-features
2024-11-07 13:52:15.979 [warning] Using default string since no string found in i18n bundle that has the key: Configure
2024-11-07 13:52:15.980 [warning] Using default string since no string found in i18n bundle that has the key: JSON Language Server
2024-11-07 13:52:16.189 [warning] Using default string since no string found in i18n bundle that has the key: JSON: Schema Resolution Error
2024-11-07 13:52:16.595 [warning] Using default string since no string found in i18n bundle that has the key: Unable to resolve schema. Click to retry.
2024-11-07 13:52:16.596 [warning] Using default string since no string found in i18n bundle that has the key: JSON Validation Status
2024-11-07 13:52:16.597 [warning] Using default string since no string found in i18n bundle that has the key: Loading JSON info
2024-11-07 13:52:16.611 [warning] Using default string since no string found in i18n bundle that has the key: No Schema Validation
2024-11-07 13:52:16.611 [warning] Using default string since no string found in i18n bundle that has the key: no JSON schema configured
2024-11-07 13:52:16.612 [warning] Using default string since no string found in i18n bundle that has the key: Show Schemas
2024-11-07 13:52:56.391 [warning] Using default string since no string found in i18n bundle that has the key: Unable to compute used schemas: No document
2024-11-07 13:52:56.519 [warning] Using default string since no string found in i18n bundle that has the key: Loading JSON info
2024-11-07 13:52:56.528 [warning] Using default string since no string found in i18n bundle that has the key: TypeScript Version
2024-11-07 13:52:56.528 [warning] Using default string since no string found in i18n bundle that has the key: TypeScript Version
2024-11-07 13:52:56.529 [warning] Using default string since no string found in i18n bundle that has the key: TypeScript: Configure Excludes
2024-11-07 13:52:56.604 [warning] Using default string since no string found in i18n bundle that has the key: Select Version
2024-11-07 13:52:56.626 [warning] Using default string since no string found in i18n bundle that has the key: JS/TS IntelliSense Status
2024-11-07 13:52:56.626 [warning] Using default string since no string found in i18n bundle that has the key: Loading IntelliSense status
2024-11-07 13:52:56.642 [warning] Using default string since no string found in i18n bundle that has the key: Could not determine references
2024-11-07 13:52:56.666 [warning] Using default string since no string found in i18n bundle that has the key: Enables semantic checking in a JavaScript file. Must be at the top of a file.
2024-11-07 13:52:56.668 [warning] Using default string since no string found in i18n bundle that has the key: Disables semantic checking in a JavaScript file. Must be at the top of a file.
2024-11-07 13:52:56.668 [warning] Using default string since no string found in i18n bundle that has the key: Suppresses @ts-check errors on the next line of a file.
2024-11-07 13:52:56.669 [warning] Using default string since no string found in i18n bundle that has the key: Suppresses @ts-check errors on the next line of a file, expecting at least one to exist.
2024-11-07 13:52:56.718 [warning] Using default string since no string found in i18n bundle that has the key: Organize Imports
2024-11-07 13:52:56.719 [warning] Using default string since no string found in i18n bundle that has the key: Sort Imports
2024-11-07 13:52:56.719 [warning] Using default string since no string found in i18n bundle that has the key: Remove Unused Imports
2024-11-07 13:52:56.780 [warning] Using default string since no string found in i18n bundle that has the key: Learn more about JS/TS refactorings
2024-11-07 13:52:56.956 [warning] Using default string since no string found in i18n bundle that has the key: No Schema Validation
2024-11-07 13:52:56.956 [warning] Using default string since no string found in i18n bundle that has the key: no JSON schema configured
2024-11-07 13:52:56.956 [warning] Using default string since no string found in i18n bundle that has the key: Show Schemas
2024-11-07 13:52:57.095 [warning] Using default string since no string found in i18n bundle that has the key: Git local working changes
2024-11-07 13:52:57.096 [warning] Using default string since no string found in i18n bundle that has the key: Commit
2024-11-07 13:52:57.097 [warning] Using default string since no string found in i18n bundle that has the key: Message ({0} to commit)
2024-11-07 13:52:57.097 [warning] Using default string since no string found in i18n bundle that has the key: Merge Changes
2024-11-07 13:52:57.098 [warning] Using default string since no string found in i18n bundle that has the key: Staged Changes
2024-11-07 13:52:57.098 [warning] Using default string since no string found in i18n bundle that has the key: Changes
2024-11-07 13:52:57.098 [warning] Using default string since no string found in i18n bundle that has the key: Untracked Changes
2024-11-07 13:52:57.128 [warning] Using default string since no string found in i18n bundle that has the key: Checkout Branch/Tag...
2024-11-07 13:52:57.128 [warning] Using default string since no string found in i18n bundle that has the key: Publish to {0}
2024-11-07 13:52:57.145 [warning] Using default string since no string found in i18n bundle that has the key: Checkout Branch/Tag...
2024-11-07 13:52:57.145 [warning] Using default string since no string found in i18n bundle that has the key: Publish to {0}
2024-11-07 13:52:57.145 [warning] Using default string since no string found in i18n bundle that has the key: Checkout Branch/Tag...
2024-11-07 13:52:57.145 [warning] Using default string since no string found in i18n bundle that has the key: Publish to {0}
2024-11-07 13:52:57.147 [warning] Using default string since no string found in i18n bundle that has the key: Checkout Branch/Tag...
2024-11-07 13:52:57.147 [warning] Using default string since no string found in i18n bundle that has the key: Publish to {0}
2024-11-07 13:52:57.495 [warning] Using default string since no string found in i18n bundle that has the key: Checkout Branch/Tag...
2024-11-07 13:52:57.495 [warning] Using default string since no string found in i18n bundle that has the key: Publish to {0}
2024-11-07 13:52:57.496 [warning] Using default string since no string found in i18n bundle that has the key: Checkout Branch/Tag...
2024-11-07 13:52:57.497 [warning] Using default string since no string found in i18n bundle that has the key: Publish to {0}
2024-11-07 13:52:57.557 [warning] Using default string since no string found in i18n bundle that has the key: Message ({0} to commit on "{1}")
2024-11-07 13:52:57.558 [warning] Using default string since no string found in i18n bundle that has the key: Checkout Branch/Tag...
2024-11-07 13:52:57.558 [warning] Using default string since no string found in i18n bundle that has the key: Synchronize Changes
2024-11-07 13:52:57.559 [warning] Using default string since no string found in i18n bundle that has the key: Checkout Branch/Tag...
2024-11-07 13:52:57.559 [warning] Using default string since no string found in i18n bundle that has the key: Synchronize Changes
2024-11-07 13:52:57.562 [warning] Using default string since no string found in i18n bundle that has the key: Commit & Push Changes
2024-11-07 13:52:57.562 [warning] Using default string since no string found in i18n bundle that has the key: Commit & Sync Changes
2024-11-07 13:52:57.562 [warning] Using default string since no string found in i18n bundle that has the key: {0} Commit & Push
2024-11-07 13:52:57.563 [warning] Using default string since no string found in i18n bundle that has the key: {0} Commit & Sync
2024-11-07 13:52:57.563 [warning] Using default string since no string found in i18n bundle that has the key: Commit Changes on "{0}"
2024-11-07 13:52:57.568 [warning] Using default string since no string found in i18n bundle that has the key: {0} Commit
2024-11-07 13:52:57.573 [warning] Using default string since no string found in i18n bundle that has the key: {0} Commit (Amend)
2024-11-07 13:52:57.583 [warning] Using default string since no string found in i18n bundle that has the key: Commit Changes on "{0}"
2024-11-07 13:52:57.584 [warning] Using default string since no string found in i18n bundle that has the key: {0} Commit
2024-11-07 13:52:57.588 [warning] Using default string since no string found in i18n bundle that has the key: {0} Commit (Amend)
2024-11-07 13:52:57.589 [warning] Using default string since no string found in i18n bundle that has the key: Commit & Push Changes
2024-11-07 13:52:57.595 [warning] Using default string since no string found in i18n bundle that has the key: Commit & Sync Changes
2024-11-07 13:52:57.596 [warning] Using default string since no string found in i18n bundle that has the key: {0} Commit & Push
2024-11-07 13:52:57.596 [warning] Using default string since no string found in i18n bundle that has the key: {0} Commit & Sync
2024-11-07 13:52:57.597 [warning] Using default string since no string found in i18n bundle that has the key: Commit Changes on "{0}"
2024-11-07 13:52:57.597 [warning] Using default string since no string found in i18n bundle that has the key: {0} Commit
2024-11-07 13:52:57.597 [warning] Using default string since no string found in i18n bundle that has the key: {0} Commit (Amend)
2024-11-07 13:52:57.599 [warning] Using default string since no string found in i18n bundle that has the key: Modified
2024-11-07 13:52:57.600 [warning] Using default string since no string found in i18n bundle that has the key: Checkout Branch/Tag...
2024-11-07 13:52:57.600 [warning] Using default string since no string found in i18n bundle that has the key: Synchronize Changes
2024-11-07 13:52:57.601 [warning] Using default string since no string found in i18n bundle that has the key: Checkout Branch/Tag...
2024-11-07 13:52:57.606 [warning] Using default string since no string found in i18n bundle that has the key: Synchronize Changes
2024-11-07 13:52:57.608 [warning] Using default string since no string found in i18n bundle that has the key: Checkout Branch/Tag...
2024-11-07 13:52:57.613 [warning] Using default string since no string found in i18n bundle that has the key: Synchronize Changes
2024-11-07 13:52:57.618 [warning] Using default string since no string found in i18n bundle that has the key: Checkout Branch/Tag...
2024-11-07 13:52:57.619 [warning] Using default string since no string found in i18n bundle that has the key: Synchronize Changes
2024-11-07 13:52:57.626 [warning] Using default string since no string found in i18n bundle that has the key: {0} (Working Tree)
2024-11-07 13:52:57.632 [warning] Using default string since no string found in i18n bundle that has the key: Open
2024-11-07 13:52:57.633 [warning] Using default string since no string found in i18n bundle that has the key: Modified
2024-11-07 13:52:57.638 [warning] Using default string since no string found in i18n bundle that has the key: Modified
2024-11-07 13:52:57.639 [warning] Using default string since no string found in i18n bundle that has the key: Modified
2024-11-07 13:52:57.639 [warning] Using default string since no string found in i18n bundle that has the key: Modified
2024-11-07 13:52:57.639 [warning] Using default string since no string found in i18n bundle that has the key: Modified
2024-11-07 13:52:57.639 [warning] Using default string since no string found in i18n bundle that has the key: Modified
2024-11-07 13:52:57.640 [warning] Using default string since no string found in i18n bundle that has the key: Modified
2024-11-07 13:52:57.640 [warning] Using default string since no string found in i18n bundle that has the key: Modified
2024-11-07 13:52:57.640 [warning] Using default string since no string found in i18n bundle that has the key: Modified
2024-11-07 13:52:57.640 [warning] Using default string since no string found in i18n bundle that has the key: Modified
2024-11-07 13:52:57.641 [warning] Using default string since no string found in i18n bundle that has the key: Modified
2024-11-07 13:52:57.722 [warning] Using default string since no string found in i18n bundle that has the key: Checkout Branch/Tag...
2024-11-07 13:52:57.723 [warning] Using default string since no string found in i18n bundle that has the key: Synchronize Changes
2024-11-07 13:52:57.724 [warning] Using default string since no string found in i18n bundle that has the key: Checkout Branch/Tag...
2024-11-07 13:52:57.724 [warning] Using default string since no string found in i18n bundle that has the key: Synchronize Changes
2024-11-07 13:52:57.725 [warning] Using default string since no string found in i18n bundle that has the key: Checkout Branch/Tag...
2024-11-07 13:52:57.726 [warning] Using default string since no string found in i18n bundle that has the key: Synchronize Changes
2024-11-07 13:52:57.726 [warning] Using default string since no string found in i18n bundle that has the key: Checkout Branch/Tag...
2024-11-07 13:52:57.726 [warning] Using default string since no string found in i18n bundle that has the key: Synchronize Changes
2024-11-07 13:52:57.837 [warning] Using default string since no string found in i18n bundle that has the key: Checkout Branch/Tag...
2024-11-07 13:52:57.837 [warning] Using default string since no string found in i18n bundle that has the key: Synchronize Changes
2024-11-07 13:52:57.838 [warning] Using default string since no string found in i18n bundle that has the key: Checkout Branch/Tag...
2024-11-07 13:52:57.838 [warning] Using default string since no string found in i18n bundle that has the key: Synchronize Changes
2024-11-07 13:52:58.012 [info] ExtensionService#_doActivateExtension vscode.github-authentication, startup: false, activationEvent: 'onAuthenticationRequest:github'
2024-11-07 13:52:58.070 [warning] Using default string since no string found in i18n bundle that has the key: Checkout Branch/Tag...
2024-11-07 13:52:58.074 [warning] Using default string since no string found in i18n bundle that has the key: Synchronize Changes
2024-11-07 13:52:58.076 [warning] Using default string since no string found in i18n bundle that has the key: Checkout Branch/Tag...
2024-11-07 13:52:58.076 [warning] Using default string since no string found in i18n bundle that has the key: Synchronize Changes
2024-11-07 13:52:58.088 [warning] Using default string since no string found in i18n bundle that has the key: Checkout Branch/Tag...
2024-11-07 13:52:58.089 [warning] Using default string since no string found in i18n bundle that has the key: Synchronize Changes
2024-11-07 13:52:58.089 [warning] Using default string since no string found in i18n bundle that has the key: Checkout Branch/Tag...
2024-11-07 13:52:58.089 [warning] Using default string since no string found in i18n bundle that has the key: Synchronize Changes
2024-11-07 13:52:58.094 [warning] Using default string since no string found in i18n bundle that has the key: Checkout Branch/Tag...
2024-11-07 13:52:58.099 [warning] Using default string since no string found in i18n bundle that has the key: Synchronize Changes
2024-11-07 13:52:58.100 [warning] Using default string since no string found in i18n bundle that has the key: Checkout Branch/Tag...
2024-11-07 13:52:58.100 [warning] Using default string since no string found in i18n bundle that has the key: Synchronize Changes
2024-11-07 13:52:58.373 [warning] Using default string since no string found in i18n bundle that has the key: Checkout Branch/Tag...
2024-11-07 13:52:58.374 [warning] Using default string since no string found in i18n bundle that has the key: Synchronize Changes
2024-11-07 13:52:58.374 [warning] Using default string since no string found in i18n bundle that has the key: Checkout Branch/Tag...
2024-11-07 13:52:58.374 [warning] Using default string since no string found in i18n bundle that has the key: Synchronize Changes
2024-11-07 13:52:58.454 [warning] Using default string since no string found in i18n bundle that has the key: Checkout Branch/Tag...
2024-11-07 13:52:58.455 [warning] Using default string since no string found in i18n bundle that has the key: Synchronize Changes
2024-11-07 13:52:58.455 [warning] Using default string since no string found in i18n bundle that has the key: Checkout Branch/Tag...
2024-11-07 13:52:58.455 [warning] Using default string since no string found in i18n bundle that has the key: Synchronize Changes
2024-11-07 13:52:58.590 [warning] Using default string since no string found in i18n bundle that has the key: Checkout Branch/Tag...
2024-11-07 13:52:58.590 [warning] Using default string since no string found in i18n bundle that has the key: Synchronize Changes
2024-11-07 13:52:58.590 [warning] Using default string since no string found in i18n bundle that has the key: Checkout Branch/Tag...
2024-11-07 13:52:58.591 [warning] Using default string since no string found in i18n bundle that has the key: Synchronize Changes
2024-11-07 13:52:58.597 [warning] Using default string since no string found in i18n bundle that has the key: Checkout Branch/Tag...
2024-11-07 13:52:58.599 [warning] Using default string since no string found in i18n bundle that has the key: Synchronize Changes
2024-11-07 13:52:58.599 [warning] Using default string since no string found in i18n bundle that has the key: Checkout Branch/Tag...
2024-11-07 13:52:58.600 [warning] Using default string since no string found in i18n bundle that has the key: Synchronize Changes
2024-11-07 13:52:58.918 [warning] Using default string since no string found in i18n bundle that has the key: Checkout Branch/Tag...
2024-11-07 13:52:58.918 [warning] Using default string since no string found in i18n bundle that has the key: Synchronize Changes
2024-11-07 13:52:58.918 [warning] Using default string since no string found in i18n bundle that has the key: Checkout Branch/Tag...
2024-11-07 13:52:58.919 [warning] Using default string since no string found in i18n bundle that has the key: Synchronize Changes
2024-11-07 13:52:58.978 [warning] Using default string since no string found in i18n bundle that has the key: Message ({0} to commit on "{1}")
2024-11-07 13:52:58.979 [warning] Using default string since no string found in i18n bundle that has the key: Checkout Branch/Tag...
2024-11-07 13:52:58.979 [warning] Using default string since no string found in i18n bundle that has the key: Synchronize Changes
2024-11-07 13:52:58.979 [warning] Using default string since no string found in i18n bundle that has the key: Checkout Branch/Tag...
2024-11-07 13:52:58.979 [warning] Using default string since no string found in i18n bundle that has the key: Synchronize Changes
2024-11-07 13:52:58.984 [warning] Using default string since no string found in i18n bundle that has the key: Modified
2024-11-07 13:52:58.985 [warning] Using default string since no string found in i18n bundle that has the key: Checkout Branch/Tag...
2024-11-07 13:52:58.985 [warning] Using default string since no string found in i18n bundle that has the key: Synchronize Changes
2024-11-07 13:52:58.985 [warning] Using default string since no string found in i18n bundle that has the key: Checkout Branch/Tag...
2024-11-07 13:52:58.985 [warning] Using default string since no string found in i18n bundle that has the key: Synchronize Changes
2024-11-07 13:52:59.033 [error] No bundle location found for extension vscode.github-authentication
2024-11-07 13:52:59.255 [warning] Using default string since no string found in i18n bundle that has the key: url handler
2024-11-07 13:52:59.255 [warning] Using default string since no string found in i18n bundle that has the key: local server
2024-11-07 13:52:59.256 [warning] Using default string since no string found in i18n bundle that has the key: device code
2024-11-07 13:52:59.256 [warning] Using default string since no string found in i18n bundle that has the key: personal access token
2024-11-07 13:52:59.277 [warning] Using default string since no string found in i18n bundle that has the key: {0} (Working Tree)
2024-11-07 13:52:59.281 [warning] Using default string since no string found in i18n bundle that has the key: Open
2024-11-07 13:52:59.283 [warning] Using default string since no string found in i18n bundle that has the key: Modified
2024-11-07 13:52:59.288 [warning] Using default string since no string found in i18n bundle that has the key: Modified
2024-11-07 13:52:59.290 [warning] Using default string since no string found in i18n bundle that has the key: Modified
2024-11-07 13:52:59.290 [warning] Using default string since no string found in i18n bundle that has the key: Modified
2024-11-07 13:53:02.372 [warning] Using default string since no string found in i18n bundle that has the key: No jsconfig
2024-11-07 13:53:02.372 [warning] Using default string since no string found in i18n bundle that has the key: Configure jsconfig
2024-11-07 13:53:05.724 [warning] Using default string since no string found in i18n bundle that has the key: Fetching data for better TypeScript IntelliSense
2024-11-07 13:53:20.269 [info] Extension host terminating: received terminate message from renderer
2024-11-07 13:53:20.270 [info] Lock '/home/davidelom_gnaglo/.codeoss/data/User/workspaceStorage/-34f7ea98/vscode.lock': Marking the lockfile as scheduled to be released in 6000 ms.
2024-11-07 13:53:20.342 [error] Canceled: Canceled
    at new L (/google/devshell/editor/code-oss-for-cloud-shell/out/vs/workbench/api/node/extensionHostProcess.js:143:47131)
    at c.U (/google/devshell/editor/code-oss-for-cloud-shell/out/vs/workbench/api/node/extensionHostProcess.js:150:5542)
    at Proxy.F.<computed>.z.charCodeAt.F.<computed> (/google/devshell/editor/code-oss-for-cloud-shell/out/vs/workbench/api/node/extensionHostProcess.js:150:2993)
    at r.g (/google/devshell/editor/code-oss-for-cloud-shell/out/vs/workbench/api/node/extensionHostProcess.js:153:188926)
    at r.executeCommand (/google/devshell/editor/code-oss-for-cloud-shell/out/vs/workbench/api/node/extensionHostProcess.js:153:188364)
    at k.registerCommand.description (/google/devshell/editor/code-oss-for-cloud-shell/out/vs/workbench/api/node/extensionHostProcess.js:153:187688)
    at r.h (/google/devshell/editor/code-oss-for-cloud-shell/out/vs/workbench/api/node/extensionHostProcess.js:153:189465)
    at r.g (/google/devshell/editor/code-oss-for-cloud-shell/out/vs/workbench/api/node/extensionHostProcess.js:153:188457)
    at r.executeCommand (/google/devshell/editor/code-oss-for-cloud-shell/out/vs/workbench/api/node/extensionHostProcess.js:153:188364)
    at Object.executeCommand (/google/devshell/editor/code-oss-for-cloud-shell/out/vs/workbench/api/node/extensionHostProcess.js:163:22673)
    at a.O [as value] (/google/devshell/editor/code-oss-for-cloud-shell/extensions/git/dist/main.js:2:167800)
    at o.y (/google/devshell/editor/code-oss-for-cloud-shell/out/vs/workbench/api/node/extensionHostProcess.js:82:660)
    at o.z (/google/devshell/editor/code-oss-for-cloud-shell/out/vs/workbench/api/node/extensionHostProcess.js:82:730)
    at o.fire (/google/devshell/editor/code-oss-for-cloud-shell/out/vs/workbench/api/node/extensionHostProcess.js:82:946)
    at Object.p [as dispose] (/google/devshell/editor/code-oss-for-cloud-shell/extensions/git/dist/main.js:2:186884)
    at /google/devshell/editor/code-oss-for-cloud-shell/extensions/git/dist/main.js:2:192922
    at Array.forEach (<anonymous>)
    at f.dispose (/google/devshell/editor/code-oss-for-cloud-shell/extensions/git/dist/main.js:2:192908)
    at h.<anonymous> (/google/devshell/editor/code-oss-for-cloud-shell/out/vs/workbench/api/node/extensionHostProcess.js:151:3955)
    at h.dispose (/google/devshell/editor/code-oss-for-cloud-shell/out/vs/workbench/api/node/extensionHostProcess.js:151:4052)
    at h.<anonymous> (/google/devshell/editor/code-oss-for-cloud-shell/extensions/git/dist/main.js:2:170057)
    at h.dispose (/google/devshell/editor/code-oss-for-cloud-shell/out/vs/workbench/api/node/extensionHostProcess.js:151:4052)
    at a (/google/devshell/editor/code-oss-for-cloud-shell/out/vs/workbench/api/node/extensionHostProcess.js:30:744)
    at f.eb (/google/devshell/editor/code-oss-for-cloud-shell/out/vs/workbench/api/node/extensionHostProcess.js:159:9975)
    at /google/devshell/editor/code-oss-for-cloud-shell/out/vs/workbench/api/node/extensionHostProcess.js:159:7824
    at Array.map (<anonymous>)
    at f.$ (/google/devshell/editor/code-oss-for-cloud-shell/out/vs/workbench/api/node/extensionHostProcess.js:159:7811)
    at f.terminate (/google/devshell/editor/code-oss-for-cloud-shell/out/vs/workbench/api/node/extensionHostProcess.js:159:8085)
    at a.terminate (/google/devshell/editor/code-oss-for-cloud-shell/out/vs/workbench/api/node/extensionHostProcess.js:163:1513)
    at t (/google/devshell/editor/code-oss-for-cloud-shell/out/vs/workbench/api/node/extensionHostProcess.js:176:9922)
    at a.value (/google/devshell/editor/code-oss-for-cloud-shell/out/vs/workbench/api/node/extensionHostProcess.js:176:7969)
    at o.y (/google/devshell/editor/code-oss-for-cloud-shell/out/vs/workbench/api/node/extensionHostProcess.js:82:660)
    at o.fire (/google/devshell/editor/code-oss-for-cloud-shell/out/vs/workbench/api/node/extensionHostProcess.js:82:877)
    at u.fire (/google/devshell/editor/code-oss-for-cloud-shell/out/vs/workbench/api/node/extensionHostProcess.js:107:14175)
    at r.z (/google/devshell/editor/code-oss-for-cloud-shell/out/vs/workbench/api/node/extensionHostProcess.js:107:17240)
    at a.value (/google/devshell/editor/code-oss-for-cloud-shell/out/vs/workbench/api/node/extensionHostProcess.js:107:15692)
    at o.y (/google/devshell/editor/code-oss-for-cloud-shell/out/vs/workbench/api/node/extensionHostProcess.js:82:660)
    at o.fire (/google/devshell/editor/code-oss-for-cloud-shell/out/vs/workbench/api/node/extensionHostProcess.js:82:877)
    at f.acceptChunk (/google/devshell/editor/code-oss-for-cloud-shell/out/vs/workbench/api/node/extensionHostProcess.js:107:11949)
    at a.value (/google/devshell/editor/code-oss-for-cloud-shell/out/vs/workbench/api/node/extensionHostProcess.js:107:11236)
    at o.y (/google/devshell/editor/code-oss-for-cloud-shell/out/vs/workbench/api/node/extensionHostProcess.js:82:660)
    at o.fire (/google/devshell/editor/code-oss-for-cloud-shell/out/vs/workbench/api/node/extensionHostProcess.js:82:877)
    at i.z (/google/devshell/editor/code-oss-for-cloud-shell/out/vs/workbench/api/node/extensionHostProcess.js:173:19732)
    at i.acceptFrame (/google/devshell/editor/code-oss-for-cloud-shell/out/vs/workbench/api/node/extensionHostProcess.js:173:19538)
    at n (/google/devshell/editor/code-oss-for-cloud-shell/out/vs/workbench/api/node/extensionHostProcess.js:173:18037)
    at /google/devshell/editor/code-oss-for-cloud-shell/out/vs/workbench/api/node/extensionHostProcess.js:173:15257
    at Socket.S (/google/devshell/editor/code-oss-for-cloud-shell/out/vs/workbench/api/node/extensionHostProcess.js:173:13162)
    at Socket.emit (node:events:517:28)
    at addChunk (node:internal/streams/readable:335:12)
    at readableAddChunk (node:internal/streams/readable:308:9)
    at Socket.Readable.push (node:internal/streams/readable:245:10)
    at TCP.onStreamRead (node:internal/stream_base_commons:190:23) setContext undefined
2024-11-07 13:53:20.350 [error] Canceled: Canceled
    at new L (/google/devshell/editor/code-oss-for-cloud-shell/out/vs/workbench/api/node/extensionHostProcess.js:143:47131)
    at c.U (/google/devshell/editor/code-oss-for-cloud-shell/out/vs/workbench/api/node/extensionHostProcess.js:150:5542)
    at Proxy.F.<computed>.z.charCodeAt.F.<computed> (/google/devshell/editor/code-oss-for-cloud-shell/out/vs/workbench/api/node/extensionHostProcess.js:150:2993)
    at r.g (/google/devshell/editor/code-oss-for-cloud-shell/out/vs/workbench/api/node/extensionHostProcess.js:153:188926)
    at r.executeCommand (/google/devshell/editor/code-oss-for-cloud-shell/out/vs/workbench/api/node/extensionHostProcess.js:153:188364)
    at k.registerCommand.description (/google/devshell/editor/code-oss-for-cloud-shell/out/vs/workbench/api/node/extensionHostProcess.js:153:187688)
    at r.h (/google/devshell/editor/code-oss-for-cloud-shell/out/vs/workbench/api/node/extensionHostProcess.js:153:189465)
    at r.g (/google/devshell/editor/code-oss-for-cloud-shell/out/vs/workbench/api/node/extensionHostProcess.js:153:188457)
    at r.executeCommand (/google/devshell/editor/code-oss-for-cloud-shell/out/vs/workbench/api/node/extensionHostProcess.js:153:188364)
    at Object.executeCommand (/google/devshell/editor/code-oss-for-cloud-shell/out/vs/workbench/api/node/extensionHostProcess.js:163:22673)
    at a.VscodeDevShareProvider.set hasGitHubRepositories [as hasGitHubRepositories] (/google/devshell/editor/code-oss-for-cloud-shell/extensions/github/dist/extension.js:2:25681)
    at /google/devshell/editor/code-oss-for-cloud-shell/extensions/github/dist/extension.js:2:26640
    at a.value (/google/devshell/editor/code-oss-for-cloud-shell/extensions/git/dist/main.js:2:273373)
    at o.y (/google/devshell/editor/code-oss-for-cloud-shell/out/vs/workbench/api/node/extensionHostProcess.js:82:660)
    at o.z (/google/devshell/editor/code-oss-for-cloud-shell/out/vs/workbench/api/node/extensionHostProcess.js:82:730)
    at o.fire (/google/devshell/editor/code-oss-for-cloud-shell/out/vs/workbench/api/node/extensionHostProcess.js:82:946)
    at Object.p [as dispose] (/google/devshell/editor/code-oss-for-cloud-shell/extensions/git/dist/main.js:2:186884)
    at /google/devshell/editor/code-oss-for-cloud-shell/extensions/git/dist/main.js:2:192922
    at Array.forEach (<anonymous>)
    at f.dispose (/google/devshell/editor/code-oss-for-cloud-shell/extensions/git/dist/main.js:2:192908)
    at h.<anonymous> (/google/devshell/editor/code-oss-for-cloud-shell/out/vs/workbench/api/node/extensionHostProcess.js:151:3955)
    at h.dispose (/google/devshell/editor/code-oss-for-cloud-shell/out/vs/workbench/api/node/extensionHostProcess.js:151:4052)
    at h.<anonymous> (/google/devshell/editor/code-oss-for-cloud-shell/extensions/git/dist/main.js:2:170057)
    at h.dispose (/google/devshell/editor/code-oss-for-cloud-shell/out/vs/workbench/api/node/extensionHostProcess.js:151:4052)
    at a (/google/devshell/editor/code-oss-for-cloud-shell/out/vs/workbench/api/node/extensionHostProcess.js:30:744)
    at f.eb (/google/devshell/editor/code-oss-for-cloud-shell/out/vs/workbench/api/node/extensionHostProcess.js:159:9975)
    at /google/devshell/editor/code-oss-for-cloud-shell/out/vs/workbench/api/node/extensionHostProcess.js:159:7824
    at Array.map (<anonymous>)
    at f.$ (/google/devshell/editor/code-oss-for-cloud-shell/out/vs/workbench/api/node/extensionHostProcess.js:159:7811)
    at f.terminate (/google/devshell/editor/code-oss-for-cloud-shell/out/vs/workbench/api/node/extensionHostProcess.js:159:8085)
    at a.terminate (/google/devshell/editor/code-oss-for-cloud-shell/out/vs/workbench/api/node/extensionHostProcess.js:163:1513)
    at t (/google/devshell/editor/code-oss-for-cloud-shell/out/vs/workbench/api/node/extensionHostProcess.js:176:9922)
    at a.value (/google/devshell/editor/code-oss-for-cloud-shell/out/vs/workbench/api/node/extensionHostProcess.js:176:7969)
    at o.y (/google/devshell/editor/code-oss-for-cloud-shell/out/vs/workbench/api/node/extensionHostProcess.js:82:660)
    at o.fire (/google/devshell/editor/code-oss-for-cloud-shell/out/vs/workbench/api/node/extensionHostProcess.js:82:877)
    at u.fire (/google/devshell/editor/code-oss-for-cloud-shell/out/vs/workbench/api/node/extensionHostProcess.js:107:14175)
    at r.z (/google/devshell/editor/code-oss-for-cloud-shell/out/vs/workbench/api/node/extensionHostProcess.js:107:17240)
    at a.value (/google/devshell/editor/code-oss-for-cloud-shell/out/vs/workbench/api/node/extensionHostProcess.js:107:15692)
    at o.y (/google/devshell/editor/code-oss-for-cloud-shell/out/vs/workbench/api/node/extensionHostProcess.js:82:660)
    at o.fire (/google/devshell/editor/code-oss-for-cloud-shell/out/vs/workbench/api/node/extensionHostProcess.js:82:877)
    at f.acceptChunk (/google/devshell/editor/code-oss-for-cloud-shell/out/vs/workbench/api/node/extensionHostProcess.js:107:11949)
    at a.value (/google/devshell/editor/code-oss-for-cloud-shell/out/vs/workbench/api/node/extensionHostProcess.js:107:11236)
    at o.y (/google/devshell/editor/code-oss-for-cloud-shell/out/vs/workbench/api/node/extensionHostProcess.js:82:660)
    at o.fire (/google/devshell/editor/code-oss-for-cloud-shell/out/vs/workbench/api/node/extensionHostProcess.js:82:877)
    at i.z (/google/devshell/editor/code-oss-for-cloud-shell/out/vs/workbench/api/node/extensionHostProcess.js:173:19732)
    at i.acceptFrame (/google/devshell/editor/code-oss-for-cloud-shell/out/vs/workbench/api/node/extensionHostProcess.js:173:19538)
    at n (/google/devshell/editor/code-oss-for-cloud-shell/out/vs/workbench/api/node/extensionHostProcess.js:173:18037)
    at /google/devshell/editor/code-oss-for-cloud-shell/out/vs/workbench/api/node/extensionHostProcess.js:173:15257
    at Socket.S (/google/devshell/editor/code-oss-for-cloud-shell/out/vs/workbench/api/node/extensionHostProcess.js:173:13162)
    at Socket.emit (node:events:517:28)
    at addChunk (node:internal/streams/readable:335:12)
    at readableAddChunk (node:internal/streams/readable:308:9)
    at Socket.Readable.push (node:internal/streams/readable:245:10)
    at TCP.onStreamRead (node:internal/stream_base_commons:190:23) setContext undefined
2024-11-07 13:53:20.371 [info] Extension host with pid 11288 exiting with code 0
