Initializing document watcher...
Document watcher initialized
davidelom_gnaglo/kubernates/podmonitoring.yaml: {}
davidelom_gnaglo/kubernates/podmonitoring.yaml: {}
davidelom_gnaglo/kubernates/podmonitoring.yaml: {}
davidelom_gnaglo/main.tf: {}
davidelom_gnaglo/main.tf: {}
davidelom_gnaglo/main.tf: {}
davidelom_gnaglo/main.tf: {}
davidelom_gnaglo/kubernates/deployment.yaml: {}
davidelom_gnaglo/kubernates/deployment.yaml: {}
davidelom_gnaglo/kubernates/deployment.yaml: {}
davidelom_gnaglo/kubernates/deployment.yaml: {}
davidelom_gnaglo/kubernates/deployment.yaml: {}
davidelom_gnaglo/kubernates/deployment-strategies-canary/stable-deployment.yaml: {}
davidelom_gnaglo/kubernates/deployment-strategies-canary/stable-deployment.yaml: Using EditorConfig core...
davidelom_gnaglo/kubernates/deployment-strategies-canary/stable-deployment.yaml: Using EditorConfig core...
davidelom_gnaglo/kubernates/deployment-strategies-canary/stable-deployment.yaml: Using EditorConfig core...
davidelom_gnaglo/kubernates/deployment-strategies-canary/stable-deployment.yaml: Using EditorConfig core...
davidelom_gnaglo/kubernates/deployment-strategies-canary/canary-deployment.yaml: {}
davidelom_gnaglo/kubernates/deployment-strategies-canary/canary-deployment.yaml: Using EditorConfig core...
davidelom_gnaglo/kubernates/deployment-strategies-canary/canary-deployment.yaml: Using EditorConfig core...
davidelom_gnaglo/kubernates/deployment-strategies-canary/stable-deployment.yaml: {}
davidelom_gnaglo/kubernates/deployment-strategies-canary/stable-deployment.yaml: Using EditorConfig core...
davidelom_gnaglo/kubernates/deployment-strategies-canary/canary-deployment.yaml: {}
davidelom_gnaglo/kubernates/deployment-strategies-canary/canary-deployment.yaml: Using EditorConfig core...
davidelom_gnaglo/kubernates/deployment-strategies-canary/canary-service.yaml: {}
davidelom_gnaglo/kubernates/deployment-strategies-canary/canary-service.yaml: Using EditorConfig core...
davidelom_gnaglo/kubernates/deployment-strategies-canary/canary-deployment.yaml: {}
davidelom_gnaglo/kubernates/deployment-strategies-canary/canary-service.yaml: {}
davidelom_gnaglo/kubernates/deployment-strategies-canary/stable-deployment.yaml: {}
davidelom_gnaglo/kubernates/deployment-strategies-canary/stable-deployment.yaml: {}
davidelom_gnaglo/kubernates/deployment-strategies-canary/stable-deployment.yaml: {}
davidelom_gnaglo/kubernates/deployment-strategies-canary/stable-deployment.yaml: {}
davidelom_gnaglo/kubernates/deployment-strategies-canary/canary-deployment.yaml: {}
davidelom_gnaglo/kubernates/deployment-strategies-canary/stable-deployment.yaml: {}
davidelom_gnaglo/kubernates/deployment-strategies-canary/canary-deployment.yaml: {}
davidelom_gnaglo/kubernates/deployment-strategies-canary/canary-deployment.yaml: {}
davidelom_gnaglo/kubernates/deployment-strategies-canary/canary-deployment.yaml: {}
davidelom_gnaglo/kubernates/deployment-strategies-canary/canary-service.yaml: {}
davidelom_gnaglo/kubernates/deployment-strategies-canary/canary-service.yaml: {}
davidelom_gnaglo/kubernates/deployment-strategies-canary/canary-service.yaml: {}
davidelom_gnaglo/kubernates/deployment-strategies-canary/canary-service.yaml: {}
davidelom_gnaglo/kubernates/deployment-strategies-canary/canary-service.yaml: {}
davidelom_gnaglo/kubernates/deployment-strategies-green-blue/blue-deployment.yaml: {}
davidelom_gnaglo/kubernates/deployment-strategies-green-blue/blue-deployment.yaml: Using EditorConfig core...
davidelom_gnaglo/kubernates/deployment-strategies-green-blue/blue-deployment.yaml: Using EditorConfig core...
davidelom_gnaglo/kubernates/deployment-strategies-green-blue/blue-deployment.yaml: Using EditorConfig core...
davidelom_gnaglo/kubernates/deployment-strategies-green-blue/blue-deployment.yaml: Using EditorConfig core...
davidelom_gnaglo/kubernates/deployment-strategies-green-blue/green-deployment.yaml: {}
davidelom_gnaglo/kubernates/deployment-strategies-green-blue/green-deployment.yaml: Using EditorConfig core...
davidelom_gnaglo/kubernates/deployment-strategies-green-blue/green-deployment.yaml: Using EditorConfig core...
davidelom_gnaglo/kubernates/deployment-strategies-green-blue/blue-service.yaml: {}
davidelom_gnaglo/kubernates/deployment-strategies-green-blue/green-service.yaml: {}
davidelom_gnaglo/kubernates/deployment-strategies-green-blue/blue-service.yaml: {}
davidelom_gnaglo/kubernates/deployment-strategies-green-blue/blue-service.yaml: Using EditorConfig core...
davidelom_gnaglo/kubernates/deployment-strategies-green-blue/blue-service.yaml: Using EditorConfig core...
davidelom_gnaglo/kubernates/deployment-strategies-green-blue/green-service.yaml: {}
davidelom_gnaglo/kubernates/deployment-strategies-green-blue/green-service.yaml: Using EditorConfig core...
davidelom_gnaglo/kubernates/deployment-strategies-green-blue/green-service.yaml: Using EditorConfig core...
davidelom_gnaglo/kubernates/deployment-strategies-green-blue/green-service.yaml: Using EditorConfig core...
davidelom_gnaglo/kubernates/deployment-strategies-green-blue/green-service.yaml: Using EditorConfig core...
davidelom_gnaglo/kubernates/deployment-strategies-green-blue/blue-deployment.yaml: {}
davidelom_gnaglo/kubernates/deployment-strategies-green-blue/blue-deployment.yaml: {}
davidelom_gnaglo/kubernates/deployment-strategies-green-blue/blue-deployment.yaml: {}
davidelom_gnaglo/kubernates/deployment-strategies-green-blue/green-deployment.yaml: {}
davidelom_gnaglo/kubernates/deployment-strategies-green-blue/green-deployment.yaml: {}
davidelom_gnaglo/kubernates/deployment-strategies-green-blue/green-deployment.yaml: {}
davidelom_gnaglo/kubernates/deployment-strategies-green-blue/blue-service.yaml: {}
davidelom_gnaglo/kubernates/deployment-strategies-green-blue/blue-service.yaml: {}
davidelom_gnaglo/kubernates/deployment-strategies-green-blue/blue-service.yaml: {}
davidelom_gnaglo/kubernates/deployment-strategies-green-blue/green-service.yaml: {}
davidelom_gnaglo/kubernates/deployment-strategies-green-blue/green-service.yaml: {}
davidelom_gnaglo/kubernates/deployment-strategies-green-blue/green-service.yaml: {}
davidelom_gnaglo/kubernates/deployment-strategies-green-blue/green-service.yaml: {}
davidelom_gnaglo/kubernates/deployment-strategies-green-blue/green-service.yaml: {}
davidelom_gnaglo/kubernates/deployment-strategies-green-blue/green-service.yaml: {}
davidelom_gnaglo/kubernates/service.yaml: {}
davidelom_gnaglo/kubernates/deployment-strategies-canary/canary-service.yaml: {}
davidelom_gnaglo/kubernates/deployment-strategies-canary/canary-service.yaml: Using EditorConfig core...
davidelom_gnaglo/kubernates/service.yaml: {}
davidelom_gnaglo/kubernates/deployment-strategies-canary/canary-service.yaml: {}
davidelom_gnaglo/kubernates/deployment-strategies-canary/canary-service.yaml: Using EditorConfig core...
davidelom_gnaglo/kubernates/deployment-strategies-green-blue/blue-service.yaml: {}
davidelom_gnaglo/kubernates/deployment-strategies-green-blue/blue-service.yaml: Using EditorConfig core...
davidelom_gnaglo/kubernates/deployment-strategies-green-blue/green-service.yaml: {}
davidelom_gnaglo/kubernates/deployment-strategies-green-blue/green-service.yaml: Using EditorConfig core...
davidelom_gnaglo/kubernates/deployment-strategies-green-blue/green-service.yaml: {}
davidelom_gnaglo/kubernates/deployment-strategies-green-blue/green-service.yaml: {}
davidelom_gnaglo/kubernates/deployment-strategies-green-blue/green-service.yaml: {}
davidelom_gnaglo/kubernates/deployment-strategies-green-blue/green-service.yaml: {}
davidelom_gnaglo/kubernates/deployment-strategies-canary/stable-deployment.yaml: {}
davidelom_gnaglo/kubernates/deployment-strategies-canary/stable-deployment.yaml: Using EditorConfig core...
davidelom_gnaglo/kubernates/deployment-strategies-canary/canary-deployment.yaml: {}
davidelom_gnaglo/kubernates/deployment-strategies-canary/canary-deployment.yaml: {}
davidelom_gnaglo/kubernates/deployment-strategies-canary/canary-deployment.yaml: {}
davidelom_gnaglo/kubernates/deployment-strategies-canary/canary-deployment.yaml: {}
davidelom_gnaglo/kubernates/deployment-strategies-canary/canary-deployment.yaml: Using EditorConfig core...
davidelom_gnaglo/kubernates/deployment-strategies-canary/canary-deployment.yaml: Using EditorConfig core...
davidelom_gnaglo/kubernates/deployment-strategies-canary/canary-deployment.yaml: Using EditorConfig core...
davidelom_gnaglo/kubernates/deployment-strategies-canary/stable-deployment.yaml: {}
davidelom_gnaglo/kubernates/deployment-strategies-canary/stable-deployment.yaml: Using EditorConfig core...
davidelom_gnaglo/kubernates/deployment-strategies-canary/stable-deployment.yaml: Using EditorConfig core...
davidelom_gnaglo/kubernates/deployment-strategies-canary/stable-deployment.yaml: {}
davidelom_gnaglo/kubernates/deployment-strategies-canary/stable-deployment.yaml: Using EditorConfig core...
davidelom_gnaglo/kubernates/deployment-strategies-canary/stable-deployment.yaml: {}
davidelom_gnaglo/kubernates/deployment-strategies-canary/stable-deployment.yaml: Using EditorConfig core...
davidelom_gnaglo/kubernates/deployment-strategies-canary/stable-deployment.yaml: {}
davidelom_gnaglo/kubernates/deployment-strategies-canary/stable-deployment.yaml: Using EditorConfig core...
davidelom_gnaglo/kubernates/deployment-strategies-canary/canary-deployment.yaml: {}
davidelom_gnaglo/kubernates/deployment-strategies-canary/canary-deployment.yaml: Using EditorConfig core...
davidelom_gnaglo/kubernates/deployment-strategies-canary/canary-deployment.yaml: Using EditorConfig core...
davidelom_gnaglo/kubernates/deployment-strategies-canary/canary-deployment.yaml: {}
davidelom_gnaglo/kubernates/deployment-strategies-canary/canary-deployment.yaml: Using EditorConfig core...
davidelom_gnaglo/kubernates/deployment-strategies-canary/canary-deployment.yaml: {}
davidelom_gnaglo/kubernates/deployment-strategies-canary/canary-deployment.yaml: {}
davidelom_gnaglo/app/ianna-project-exam/views/index.ejs: {}
davidelom_gnaglo/app/ianna-project-exam/views/index.ejs: Using EditorConfig core...
davidelom_gnaglo/app/ianna-project-exam/views/index.ejs: Using EditorConfig core...
davidelom_gnaglo/app/ianna-project-exam/views/index.ejs: {}
davidelom_gnaglo/app/ianna-project-exam/views/index.ejs: {}
davidelom_gnaglo/app/ianna-project-exam/views/index.ejs: {}
davidelom_gnaglo/app/ianna-project-exam/views/index.ejs: {}
davidelom_gnaglo/app/ianna-project-exam/views/index.ejs: {}
davidelom_gnaglo/app/ianna-project-exam/views/index.ejs: {}
