2024-11-10 19:54:28.729 [info] Extension host with pid 1224 started
2024-11-10 19:54:28.746 [info] Lock '/home/davidelom_gnaglo/.codeoss/data/User/workspaceStorage/-34f7ea98/vscode.lock': Lock acquired.
2024-11-10 19:54:28.846 [info] ExtensionService#_doActivateExtension vscode.emmet, startup: false, activationEvent: 'onLanguage'
2024-11-10 19:54:29.848 [info] ExtensionService#_doActivateExtension vscode.git-base, startup: true, activationEvent: '*', root cause: vscode.git
2024-11-10 19:54:30.137 [error] No bundle location found for extension vscode.emmet
2024-11-10 19:54:30.207 [error] No bundle location found for extension vscode.git-base
2024-11-10 19:54:30.213 [info] ExtensionService#_doActivateExtension vscode.git, startup: true, activationEvent: '*'
2024-11-10 19:54:30.213 [info] ExtensionService#_doActivateExtension vscode.github, startup: true, activationEvent: '*'
2024-11-10 19:54:30.721 [error] No bundle location found for extension vscode.git
2024-11-10 19:54:30.721 [error] No bundle location found for extension vscode.github
2024-11-10 19:54:30.922 [warning] Using default string since no string found in i18n bundle that has the key: Log level: {0}
2024-11-10 19:54:30.938 [warning] Using default string since no string found in i18n bundle that has the key: Validating found git in: "{0}"
2024-11-10 19:54:30.953 [warning] Using default string since no string found in i18n bundle that has the key: Log level: {0}
2024-11-10 19:54:30.982 [warning] Using default string since no string found in i18n bundle that has the key: Enables the following features: {0}
2024-11-10 19:54:30.982 [warning] Using default string since no string found in i18n bundle that has the key: Using git "{0}" from "{1}"
2024-11-10 19:54:31.003 [warning] Using default string since no string found in i18n bundle that has the key: Git History
2024-11-10 19:54:31.012 [warning] Using default string since no string found in i18n bundle that has the key: Copy vscode.dev Link
2024-11-10 19:54:31.044 [info] ExtensionService#_doActivateExtension redhat.fabric8-analytics, startup: true, activationEvent: 'workspaceContains:**/package.json,**/pom.xml,**/go.mod,**/requirements.txt'
2024-11-10 19:54:31.045 [info] ExtensionService#_doActivateExtension hashicorp.terraform, startup: true, activationEvent: 'workspaceContains:**/*.tf,**/*.tfvars'
2024-11-10 19:54:31.326 [warning] Using default string since no string found in i18n bundle that has the key: Git local working changes
2024-11-10 19:54:31.327 [warning] Using default string since no string found in i18n bundle that has the key: Commit
2024-11-10 19:54:31.328 [warning] Using default string since no string found in i18n bundle that has the key: Message ({0} to commit)
2024-11-10 19:54:31.328 [warning] Using default string since no string found in i18n bundle that has the key: Merge Changes
2024-11-10 19:54:31.328 [warning] Using default string since no string found in i18n bundle that has the key: Staged Changes
2024-11-10 19:54:31.329 [warning] Using default string since no string found in i18n bundle that has the key: Changes
2024-11-10 19:54:31.329 [warning] Using default string since no string found in i18n bundle that has the key: Untracked Changes
2024-11-10 19:54:31.332 [warning] Using default string since no string found in i18n bundle that has the key: Checkout Branch/Tag...
2024-11-10 19:54:31.332 [warning] Using default string since no string found in i18n bundle that has the key: Publish to {0}
2024-11-10 19:54:31.338 [warning] Using default string since no string found in i18n bundle that has the key: Checkout Branch/Tag...
2024-11-10 19:54:31.338 [warning] Using default string since no string found in i18n bundle that has the key: Publish to {0}
2024-11-10 19:54:31.338 [warning] Using default string since no string found in i18n bundle that has the key: Checkout Branch/Tag...
2024-11-10 19:54:31.338 [warning] Using default string since no string found in i18n bundle that has the key: Publish to {0}
2024-11-10 19:54:31.339 [warning] Using default string since no string found in i18n bundle that has the key: Checkout Branch/Tag...
2024-11-10 19:54:31.339 [warning] Using default string since no string found in i18n bundle that has the key: Publish to {0}
2024-11-10 19:54:31.469 [error] No bundle location found for extension redhat.fabric8-analytics
2024-11-10 19:54:31.894 [error] No bundle location found for extension hashicorp.terraform
2024-11-10 19:54:32.291 [warning] Using default string since no string found in i18n bundle that has the key: Checkout Branch/Tag...
2024-11-10 19:54:32.291 [warning] Using default string since no string found in i18n bundle that has the key: Publish to {0}
2024-11-10 19:54:32.291 [warning] Using default string since no string found in i18n bundle that has the key: Checkout Branch/Tag...
2024-11-10 19:54:32.291 [warning] Using default string since no string found in i18n bundle that has the key: Publish to {0}
2024-11-10 19:54:32.451 [info] Eager extensions activated
2024-11-10 19:54:32.452 [info] ExtensionService#_doActivateExtension EditorConfig.EditorConfig, startup: false, activationEvent: 'onStartupFinished'
2024-11-10 19:54:32.452 [info] ExtensionService#_doActivateExtension google.cloud-shell, startup: false, activationEvent: 'onStartupFinished'
2024-11-10 19:54:32.452 [info] ExtensionService#_doActivateExtension googlecloudtools.cloudcode, startup: false, activationEvent: 'onStartupFinished'
2024-11-10 19:54:32.453 [info] ExtensionService#_doActivateExtension vscode.debug-auto-launch, startup: false, activationEvent: 'onStartupFinished'
2024-11-10 19:54:32.453 [info] ExtensionService#_doActivateExtension vscode.merge-conflict, startup: false, activationEvent: 'onStartupFinished'
2024-11-10 19:54:32.726 [warning] Using default string since no string found in i18n bundle that has the key: Checkout Branch/Tag...
2024-11-10 19:54:32.727 [warning] Using default string since no string found in i18n bundle that has the key: Publish to {0}
2024-11-10 19:54:32.727 [warning] Using default string since no string found in i18n bundle that has the key: Checkout Branch/Tag...
2024-11-10 19:54:32.727 [warning] Using default string since no string found in i18n bundle that has the key: Publish to {0}
2024-11-10 19:54:32.791 [error] No bundle location found for extension vscode.merge-conflict
2024-11-10 19:54:32.823 [warning] Using default string since no string found in i18n bundle that has the key: (Current Change)
2024-11-10 19:54:32.823 [warning] Using default string since no string found in i18n bundle that has the key: (Incoming Change)
2024-11-10 19:54:32.861 [error] No bundle location found for extension google.cloud-shell
2024-11-10 19:54:32.896 [error] No bundle location found for extension googlecloudtools.cloudcode
2024-11-10 19:54:35.156 [info] ExtensionService#_doActivateExtension vscode.json-language-features, startup: false, activationEvent: 'onLanguage:jsonc'
2024-11-10 19:54:35.157 [info] ExtensionService#_doActivateExtension vscode.typescript-language-features, startup: false, activationEvent: 'onLanguage:jsonc'
2024-11-10 19:54:35.157 [error] No bundle location found for extension EditorConfig.EditorConfig
2024-11-10 19:54:35.157 [error] No bundle location found for extension vscode.debug-auto-launch
2024-11-10 19:54:35.196 [warning] Using default string since no string found in i18n bundle that has the key: Auto Attach: Disabled
2024-11-10 19:54:35.196 [warning] Using default string since no string found in i18n bundle that has the key: Auto Attach: Always
2024-11-10 19:54:35.196 [warning] Using default string since no string found in i18n bundle that has the key: Auto Attach: Smart
2024-11-10 19:54:35.196 [warning] Using default string since no string found in i18n bundle that has the key: Auto Attach: With Flag
2024-11-10 19:54:35.196 [warning] Using default string since no string found in i18n bundle that has the key: Disabled
2024-11-10 19:54:35.196 [warning] Using default string since no string found in i18n bundle that has the key: Always
2024-11-10 19:54:35.196 [warning] Using default string since no string found in i18n bundle that has the key: Smart
2024-11-10 19:54:35.197 [warning] Using default string since no string found in i18n bundle that has the key: Only With Flag
2024-11-10 19:54:35.197 [warning] Using default string since no string found in i18n bundle that has the key: Auto attach is disabled and not shown in status bar
2024-11-10 19:54:35.197 [warning] Using default string since no string found in i18n bundle that has the key: Auto attach to every Node.js process launched in the terminal
2024-11-10 19:54:35.197 [warning] Using default string since no string found in i18n bundle that has the key: Auto attach when running scripts that aren't in a node_modules folder
2024-11-10 19:54:35.197 [warning] Using default string since no string found in i18n bundle that has the key: Only auto attach when the `--inspect` flag is given
2024-11-10 19:54:35.197 [warning] Using default string since no string found in i18n bundle that has the key: Toggle auto attach in this workspace
2024-11-10 19:54:35.197 [warning] Using default string since no string found in i18n bundle that has the key: Toggle auto attach on this machine
2024-11-10 19:54:35.197 [warning] Using default string since no string found in i18n bundle that has the key: Temporarily disable auto attach in this session
2024-11-10 19:54:35.197 [warning] Using default string since no string found in i18n bundle that has the key: Re-enable auto attach
2024-11-10 19:54:35.197 [warning] Using default string since no string found in i18n bundle that has the key: Auto Attach: Disabled
2024-11-10 19:54:35.213 [warning] Using default string since no string found in i18n bundle that has the key: (Current Change)
2024-11-10 19:54:35.214 [warning] Using default string since no string found in i18n bundle that has the key: (Incoming Change)
2024-11-10 19:54:36.047 [error] No bundle location found for extension vscode.typescript-language-features
2024-11-10 19:54:36.047 [error] No bundle location found for extension vscode.json-language-features
2024-11-10 19:54:36.122 [warning] Using default string since no string found in i18n bundle that has the key: Learn more about managing TypeScript versions
2024-11-10 19:54:36.204 [warning] Using default string since no string found in i18n bundle that has the key: Configure
2024-11-10 19:54:36.204 [warning] Using default string since no string found in i18n bundle that has the key: JSON Language Server
2024-11-10 19:54:36.245 [warning] Using default string since no string found in i18n bundle that has the key: JSON: Schema Resolution Error
2024-11-10 19:54:36.476 [warning] Using default string since no string found in i18n bundle that has the key: Unable to resolve schema. Click to retry.
2024-11-10 19:54:36.477 [warning] Using default string since no string found in i18n bundle that has the key: JSON Validation Status
2024-11-10 19:54:36.477 [warning] Using default string since no string found in i18n bundle that has the key: Loading JSON info
2024-11-10 19:54:36.484 [warning] Using default string since no string found in i18n bundle that has the key: No Schema Validation
2024-11-10 19:54:36.484 [warning] Using default string since no string found in i18n bundle that has the key: no JSON schema configured
2024-11-10 19:54:36.484 [warning] Using default string since no string found in i18n bundle that has the key: Show Schemas
2024-11-10 19:54:57.216 [warning] Using default string since no string found in i18n bundle that has the key: Message ({0} to commit on "{1}")
2024-11-10 19:54:57.216 [warning] Using default string since no string found in i18n bundle that has the key: Checkout Branch/Tag...
2024-11-10 19:54:57.217 [warning] Using default string since no string found in i18n bundle that has the key: Publish Branch
2024-11-10 19:54:57.217 [warning] Using default string since no string found in i18n bundle that has the key: Checkout Branch/Tag...
2024-11-10 19:54:57.218 [warning] Using default string since no string found in i18n bundle that has the key: Publish Branch
2024-11-10 19:54:57.219 [warning] Using default string since no string found in i18n bundle that has the key: {0} Commit
2024-11-10 19:54:57.219 [warning] Using default string since no string found in i18n bundle that has the key: Commit Changes
2024-11-10 19:54:57.220 [warning] Using default string since no string found in i18n bundle that has the key: Untracked
2024-11-10 19:54:57.221 [warning] Using default string since no string found in i18n bundle that has the key: Untracked
2024-11-10 19:54:57.221 [warning] Using default string since no string found in i18n bundle that has the key: Untracked
2024-11-10 19:54:57.221 [warning] Using default string since no string found in i18n bundle that has the key: Untracked
2024-11-10 19:54:57.221 [warning] Using default string since no string found in i18n bundle that has the key: Untracked
2024-11-10 19:54:57.222 [warning] Using default string since no string found in i18n bundle that has the key: Checkout Branch/Tag...
2024-11-10 19:54:57.223 [warning] Using default string since no string found in i18n bundle that has the key: Publish Branch
2024-11-10 19:54:57.223 [warning] Using default string since no string found in i18n bundle that has the key: Checkout Branch/Tag...
2024-11-10 19:54:57.223 [warning] Using default string since no string found in i18n bundle that has the key: Publish Branch
2024-11-10 19:54:57.225 [warning] Using default string since no string found in i18n bundle that has the key: Checkout Branch/Tag...
2024-11-10 19:54:57.225 [warning] Using default string since no string found in i18n bundle that has the key: Publish Branch
2024-11-10 19:54:57.225 [warning] Using default string since no string found in i18n bundle that has the key: Checkout Branch/Tag...
2024-11-10 19:54:57.225 [warning] Using default string since no string found in i18n bundle that has the key: Publish Branch
2024-11-10 19:54:57.290 [info] ExtensionService#_doActivateExtension vscode.github-authentication, startup: false, activationEvent: 'onAuthenticationRequest:github'
2024-11-10 19:54:57.358 [warning] Using default string since no string found in i18n bundle that has the key: {0} (Untracked)
2024-11-10 19:54:57.360 [warning] Using default string since no string found in i18n bundle that has the key: Open
2024-11-10 19:54:57.361 [warning] Using default string since no string found in i18n bundle that has the key: Untracked
2024-11-10 19:54:57.361 [warning] Using default string since no string found in i18n bundle that has the key: Untracked
2024-11-10 19:54:57.362 [warning] Using default string since no string found in i18n bundle that has the key: Untracked
2024-11-10 19:54:57.362 [warning] Using default string since no string found in i18n bundle that has the key: Untracked
2024-11-10 19:54:57.362 [warning] Using default string since no string found in i18n bundle that has the key: Untracked
2024-11-10 19:54:57.362 [warning] Using default string since no string found in i18n bundle that has the key: Untracked
2024-11-10 19:54:57.363 [warning] Using default string since no string found in i18n bundle that has the key: Untracked
2024-11-10 19:54:57.363 [warning] Using default string since no string found in i18n bundle that has the key: Untracked
2024-11-10 19:54:57.363 [warning] Using default string since no string found in i18n bundle that has the key: Untracked
2024-11-10 19:54:57.363 [warning] Using default string since no string found in i18n bundle that has the key: Untracked
2024-11-10 19:54:57.363 [warning] Using default string since no string found in i18n bundle that has the key: Untracked
2024-11-10 19:54:57.363 [warning] Using default string since no string found in i18n bundle that has the key: {0} (Untracked)
2024-11-10 19:54:57.363 [warning] Using default string since no string found in i18n bundle that has the key: Open
2024-11-10 19:54:57.364 [warning] Using default string since no string found in i18n bundle that has the key: Untracked
2024-11-10 19:54:57.364 [warning] Using default string since no string found in i18n bundle that has the key: Untracked
2024-11-10 19:54:57.364 [warning] Using default string since no string found in i18n bundle that has the key: Untracked
2024-11-10 19:54:57.364 [warning] Using default string since no string found in i18n bundle that has the key: Untracked
2024-11-10 19:54:57.364 [warning] Using default string since no string found in i18n bundle that has the key: Untracked
2024-11-10 19:54:57.364 [warning] Using default string since no string found in i18n bundle that has the key: Untracked
2024-11-10 19:54:57.364 [warning] Using default string since no string found in i18n bundle that has the key: Untracked
2024-11-10 19:54:57.364 [warning] Using default string since no string found in i18n bundle that has the key: Untracked
2024-11-10 19:54:57.364 [warning] Using default string since no string found in i18n bundle that has the key: Untracked
2024-11-10 19:54:57.364 [warning] Using default string since no string found in i18n bundle that has the key: Untracked
2024-11-10 19:54:57.364 [warning] Using default string since no string found in i18n bundle that has the key: Untracked
2024-11-10 19:54:57.364 [warning] Using default string since no string found in i18n bundle that has the key: {0} (Untracked)
2024-11-10 19:54:57.364 [warning] Using default string since no string found in i18n bundle that has the key: Open
2024-11-10 19:54:57.365 [warning] Using default string since no string found in i18n bundle that has the key: Untracked
2024-11-10 19:54:57.365 [warning] Using default string since no string found in i18n bundle that has the key: Untracked
2024-11-10 19:54:57.365 [warning] Using default string since no string found in i18n bundle that has the key: Untracked
2024-11-10 19:54:57.365 [warning] Using default string since no string found in i18n bundle that has the key: Untracked
2024-11-10 19:54:57.365 [warning] Using default string since no string found in i18n bundle that has the key: Untracked
2024-11-10 19:54:57.365 [warning] Using default string since no string found in i18n bundle that has the key: Untracked
2024-11-10 19:54:57.365 [warning] Using default string since no string found in i18n bundle that has the key: Untracked
2024-11-10 19:54:57.365 [warning] Using default string since no string found in i18n bundle that has the key: Untracked
2024-11-10 19:54:57.365 [warning] Using default string since no string found in i18n bundle that has the key: Untracked
2024-11-10 19:54:57.365 [warning] Using default string since no string found in i18n bundle that has the key: Untracked
2024-11-10 19:54:57.365 [warning] Using default string since no string found in i18n bundle that has the key: Untracked
2024-11-10 19:54:57.365 [warning] Using default string since no string found in i18n bundle that has the key: {0} (Untracked)
2024-11-10 19:54:57.365 [warning] Using default string since no string found in i18n bundle that has the key: Open
2024-11-10 19:54:57.365 [warning] Using default string since no string found in i18n bundle that has the key: Untracked
2024-11-10 19:54:57.365 [warning] Using default string since no string found in i18n bundle that has the key: Untracked
2024-11-10 19:54:57.365 [warning] Using default string since no string found in i18n bundle that has the key: Untracked
2024-11-10 19:54:57.365 [warning] Using default string since no string found in i18n bundle that has the key: Untracked
2024-11-10 19:54:57.365 [warning] Using default string since no string found in i18n bundle that has the key: Untracked
2024-11-10 19:54:57.365 [warning] Using default string since no string found in i18n bundle that has the key: Untracked
2024-11-10 19:54:57.365 [warning] Using default string since no string found in i18n bundle that has the key: Untracked
2024-11-10 19:54:57.365 [warning] Using default string since no string found in i18n bundle that has the key: Untracked
2024-11-10 19:54:57.365 [warning] Using default string since no string found in i18n bundle that has the key: Untracked
2024-11-10 19:54:57.365 [warning] Using default string since no string found in i18n bundle that has the key: Untracked
2024-11-10 19:54:57.365 [warning] Using default string since no string found in i18n bundle that has the key: Untracked
2024-11-10 19:54:57.366 [warning] Using default string since no string found in i18n bundle that has the key: {0} (Untracked)
2024-11-10 19:54:57.366 [warning] Using default string since no string found in i18n bundle that has the key: Open
2024-11-10 19:54:57.366 [warning] Using default string since no string found in i18n bundle that has the key: Untracked
2024-11-10 19:54:57.366 [warning] Using default string since no string found in i18n bundle that has the key: Untracked
2024-11-10 19:54:57.366 [warning] Using default string since no string found in i18n bundle that has the key: Untracked
2024-11-10 19:54:57.366 [warning] Using default string since no string found in i18n bundle that has the key: Untracked
2024-11-10 19:54:57.366 [warning] Using default string since no string found in i18n bundle that has the key: Untracked
2024-11-10 19:54:57.366 [warning] Using default string since no string found in i18n bundle that has the key: Untracked
2024-11-10 19:54:57.366 [warning] Using default string since no string found in i18n bundle that has the key: Untracked
2024-11-10 19:54:57.366 [warning] Using default string since no string found in i18n bundle that has the key: Untracked
2024-11-10 19:54:57.366 [warning] Using default string since no string found in i18n bundle that has the key: Untracked
2024-11-10 19:54:57.366 [warning] Using default string since no string found in i18n bundle that has the key: Untracked
2024-11-10 19:54:57.366 [warning] Using default string since no string found in i18n bundle that has the key: Untracked
2024-11-10 19:54:57.660 [warning] Using default string since no string found in i18n bundle that has the key: Message ({0} to commit on "{1}")
2024-11-10 19:54:57.661 [warning] Using default string since no string found in i18n bundle that has the key: Checkout Branch/Tag...
2024-11-10 19:54:57.661 [warning] Using default string since no string found in i18n bundle that has the key: Publish Branch
2024-11-10 19:54:57.661 [warning] Using default string since no string found in i18n bundle that has the key: Checkout Branch/Tag...
2024-11-10 19:54:57.661 [warning] Using default string since no string found in i18n bundle that has the key: Publish Branch
2024-11-10 19:54:57.661 [warning] Using default string since no string found in i18n bundle that has the key: Untracked
2024-11-10 19:54:57.661 [warning] Using default string since no string found in i18n bundle that has the key: Untracked
2024-11-10 19:54:57.661 [warning] Using default string since no string found in i18n bundle that has the key: Untracked
2024-11-10 19:54:57.661 [warning] Using default string since no string found in i18n bundle that has the key: Untracked
2024-11-10 19:54:57.661 [warning] Using default string since no string found in i18n bundle that has the key: Untracked
2024-11-10 19:54:57.661 [warning] Using default string since no string found in i18n bundle that has the key: Checkout Branch/Tag...
2024-11-10 19:54:57.661 [warning] Using default string since no string found in i18n bundle that has the key: Publish Branch
2024-11-10 19:54:57.662 [warning] Using default string since no string found in i18n bundle that has the key: Checkout Branch/Tag...
2024-11-10 19:54:57.662 [warning] Using default string since no string found in i18n bundle that has the key: Publish Branch
2024-11-10 19:54:57.761 [warning] Using default string since no string found in i18n bundle that has the key: {0} (Untracked)
2024-11-10 19:54:57.761 [warning] Using default string since no string found in i18n bundle that has the key: Open
2024-11-10 19:54:57.762 [warning] Using default string since no string found in i18n bundle that has the key: Untracked
2024-11-10 19:54:57.762 [warning] Using default string since no string found in i18n bundle that has the key: Untracked
2024-11-10 19:54:57.762 [warning] Using default string since no string found in i18n bundle that has the key: Untracked
2024-11-10 19:54:57.762 [warning] Using default string since no string found in i18n bundle that has the key: Untracked
2024-11-10 19:54:57.763 [warning] Using default string since no string found in i18n bundle that has the key: {0} (Untracked)
2024-11-10 19:54:57.763 [warning] Using default string since no string found in i18n bundle that has the key: Open
2024-11-10 19:54:57.763 [warning] Using default string since no string found in i18n bundle that has the key: Untracked
2024-11-10 19:54:57.763 [warning] Using default string since no string found in i18n bundle that has the key: Untracked
2024-11-10 19:54:57.763 [warning] Using default string since no string found in i18n bundle that has the key: Untracked
2024-11-10 19:54:57.763 [warning] Using default string since no string found in i18n bundle that has the key: Untracked
2024-11-10 19:54:57.763 [warning] Using default string since no string found in i18n bundle that has the key: {0} (Untracked)
2024-11-10 19:54:57.764 [warning] Using default string since no string found in i18n bundle that has the key: Open
2024-11-10 19:54:57.764 [warning] Using default string since no string found in i18n bundle that has the key: Untracked
2024-11-10 19:54:57.764 [warning] Using default string since no string found in i18n bundle that has the key: Untracked
2024-11-10 19:54:57.764 [warning] Using default string since no string found in i18n bundle that has the key: Untracked
2024-11-10 19:54:57.764 [warning] Using default string since no string found in i18n bundle that has the key: Untracked
2024-11-10 19:54:57.764 [warning] Using default string since no string found in i18n bundle that has the key: {0} (Untracked)
2024-11-10 19:54:57.764 [warning] Using default string since no string found in i18n bundle that has the key: Open
2024-11-10 19:54:57.764 [warning] Using default string since no string found in i18n bundle that has the key: Untracked
2024-11-10 19:54:57.764 [warning] Using default string since no string found in i18n bundle that has the key: Untracked
2024-11-10 19:54:57.764 [warning] Using default string since no string found in i18n bundle that has the key: Untracked
2024-11-10 19:54:57.764 [warning] Using default string since no string found in i18n bundle that has the key: Untracked
2024-11-10 19:54:57.765 [warning] Using default string since no string found in i18n bundle that has the key: {0} (Untracked)
2024-11-10 19:54:57.765 [warning] Using default string since no string found in i18n bundle that has the key: Open
2024-11-10 19:54:57.765 [warning] Using default string since no string found in i18n bundle that has the key: Untracked
2024-11-10 19:54:57.765 [warning] Using default string since no string found in i18n bundle that has the key: Untracked
2024-11-10 19:54:57.765 [warning] Using default string since no string found in i18n bundle that has the key: Untracked
2024-11-10 19:54:57.765 [warning] Using default string since no string found in i18n bundle that has the key: Untracked
2024-11-10 19:54:58.003 [warning] Using default string since no string found in i18n bundle that has the key: Checkout Branch/Tag...
2024-11-10 19:54:58.003 [warning] Using default string since no string found in i18n bundle that has the key: Publish Branch
2024-11-10 19:54:58.003 [warning] Using default string since no string found in i18n bundle that has the key: Checkout Branch/Tag...
2024-11-10 19:54:58.003 [warning] Using default string since no string found in i18n bundle that has the key: Publish Branch
2024-11-10 19:54:58.064 [warning] Using default string since no string found in i18n bundle that has the key: Checkout Branch/Tag...
2024-11-10 19:54:58.064 [warning] Using default string since no string found in i18n bundle that has the key: Publish Branch
2024-11-10 19:54:58.064 [warning] Using default string since no string found in i18n bundle that has the key: Checkout Branch/Tag...
2024-11-10 19:54:58.064 [warning] Using default string since no string found in i18n bundle that has the key: Publish Branch
2024-11-10 19:54:59.218 [error] No bundle location found for extension vscode.github-authentication
2024-11-10 19:54:59.276 [warning] Using default string since no string found in i18n bundle that has the key: url handler
2024-11-10 19:54:59.276 [warning] Using default string since no string found in i18n bundle that has the key: local server
2024-11-10 19:54:59.276 [warning] Using default string since no string found in i18n bundle that has the key: device code
2024-11-10 19:54:59.276 [warning] Using default string since no string found in i18n bundle that has the key: personal access token
2024-11-10 19:55:07.118 [warning] Using default string since no string found in i18n bundle that has the key: There are no staged changes to commit.

Would you like to stage all your changes and commit them directly?
2024-11-10 19:55:07.118 [warning] Using default string since no string found in i18n bundle that has the key: Yes
2024-11-10 19:55:07.118 [warning] Using default string since no string found in i18n bundle that has the key: Always
2024-11-10 19:55:07.118 [warning] Using default string since no string found in i18n bundle that has the key: Never
2024-11-10 19:55:27.951 [warning] Using default string since no string found in i18n bundle that has the key: Checkout Branch/Tag...
2024-11-10 19:55:27.951 [warning] Using default string since no string found in i18n bundle that has the key: Publish Branch
2024-11-10 19:55:27.951 [warning] Using default string since no string found in i18n bundle that has the key: Committing Changes...
2024-11-10 19:55:27.952 [warning] Using default string since no string found in i18n bundle that has the key: Committing Changes...
2024-11-10 19:55:27.952 [warning] Using default string since no string found in i18n bundle that has the key: Publish Branch
2024-11-10 19:55:27.952 [warning] Using default string since no string found in i18n bundle that has the key: Committing Changes...
2024-11-10 19:55:27.953 [warning] Using default string since no string found in i18n bundle that has the key: {0} Commit
2024-11-10 19:55:27.953 [warning] Using default string since no string found in i18n bundle that has the key: Committing Changes...
2024-11-10 19:55:28.037 [warning] Using default string since no string found in i18n bundle that has the key: {0} Commit
2024-11-10 19:55:28.037 [warning] Using default string since no string found in i18n bundle that has the key: Committing Changes...
2024-11-10 19:55:30.289 [warning] Using default string since no string found in i18n bundle that has the key: Message ({0} to commit on "{1}")
2024-11-10 19:55:30.289 [warning] Using default string since no string found in i18n bundle that has the key: Committing Changes...
2024-11-10 19:55:30.289 [warning] Using default string since no string found in i18n bundle that has the key: Publish Branch
2024-11-10 19:55:30.289 [warning] Using default string since no string found in i18n bundle that has the key: Committing Changes...
2024-11-10 19:55:30.289 [warning] Using default string since no string found in i18n bundle that has the key: Committing Changes...
2024-11-10 19:55:30.289 [warning] Using default string since no string found in i18n bundle that has the key: Publish Branch
2024-11-10 19:55:30.289 [warning] Using default string since no string found in i18n bundle that has the key: Committing Changes...
2024-11-10 19:55:30.290 [warning] Using default string since no string found in i18n bundle that has the key: Index Added
2024-11-10 19:55:30.290 [warning] Using default string since no string found in i18n bundle that has the key: Index Added
2024-11-10 19:55:30.290 [warning] Using default string since no string found in i18n bundle that has the key: Index Added
2024-11-10 19:55:30.290 [warning] Using default string since no string found in i18n bundle that has the key: Index Added
2024-11-10 19:55:30.290 [warning] Using default string since no string found in i18n bundle that has the key: Index Added
2024-11-10 19:55:30.290 [warning] Using default string since no string found in i18n bundle that has the key: Committing Changes...
2024-11-10 19:55:30.290 [warning] Using default string since no string found in i18n bundle that has the key: Publish Branch
2024-11-10 19:55:30.291 [warning] Using default string since no string found in i18n bundle that has the key: Checkout Branch/Tag...
2024-11-10 19:55:30.291 [warning] Using default string since no string found in i18n bundle that has the key: Publish Branch
2024-11-10 19:55:30.291 [warning] Using default string since no string found in i18n bundle that has the key: {0} Commit
2024-11-10 19:55:30.291 [warning] Using default string since no string found in i18n bundle that has the key: Commit Changes
2024-11-10 19:55:30.292 [warning] Using default string since no string found in i18n bundle that has the key: Open Git Log
2024-11-10 19:55:30.292 [warning] Using default string since no string found in i18n bundle that has the key: Show Command Output
2024-11-10 19:55:30.292 [warning] Using default string since no string found in i18n bundle that has the key: Make sure you configure your "user.name" and "user.email" in git.
2024-11-10 19:55:30.292 [warning] Using default string since no string found in i18n bundle that has the key: Learn More
2024-11-10 19:55:30.389 [warning] Using default string since no string found in i18n bundle that has the key: {0} (Index)
2024-11-10 19:55:30.389 [warning] Using default string since no string found in i18n bundle that has the key: Open
2024-11-10 19:55:30.389 [warning] Using default string since no string found in i18n bundle that has the key: Index Added
2024-11-10 19:55:30.389 [warning] Using default string since no string found in i18n bundle that has the key: Index Added
2024-11-10 19:55:30.389 [warning] Using default string since no string found in i18n bundle that has the key: Index Added
2024-11-10 19:55:30.389 [warning] Using default string since no string found in i18n bundle that has the key: Index Added
2024-11-10 19:55:30.389 [warning] Using default string since no string found in i18n bundle that has the key: Index Added
2024-11-10 19:55:30.389 [warning] Using default string since no string found in i18n bundle that has the key: Index Added
2024-11-10 19:55:30.389 [warning] Using default string since no string found in i18n bundle that has the key: Index Added
2024-11-10 19:55:30.389 [warning] Using default string since no string found in i18n bundle that has the key: Index Added
2024-11-10 19:55:30.389 [warning] Using default string since no string found in i18n bundle that has the key: Index Added
2024-11-10 19:55:30.389 [warning] Using default string since no string found in i18n bundle that has the key: Index Added
2024-11-10 19:55:30.389 [warning] Using default string since no string found in i18n bundle that has the key: Index Added
2024-11-10 19:55:30.390 [warning] Using default string since no string found in i18n bundle that has the key: {0} (Index)
2024-11-10 19:55:30.390 [warning] Using default string since no string found in i18n bundle that has the key: Open
2024-11-10 19:55:30.390 [warning] Using default string since no string found in i18n bundle that has the key: Index Added
2024-11-10 19:55:30.390 [warning] Using default string since no string found in i18n bundle that has the key: Index Added
2024-11-10 19:55:30.390 [warning] Using default string since no string found in i18n bundle that has the key: Index Added
2024-11-10 19:55:30.390 [warning] Using default string since no string found in i18n bundle that has the key: Index Added
2024-11-10 19:55:30.390 [warning] Using default string since no string found in i18n bundle that has the key: Index Added
2024-11-10 19:55:30.390 [warning] Using default string since no string found in i18n bundle that has the key: Index Added
2024-11-10 19:55:30.390 [warning] Using default string since no string found in i18n bundle that has the key: Index Added
2024-11-10 19:55:30.390 [warning] Using default string since no string found in i18n bundle that has the key: Index Added
2024-11-10 19:55:30.390 [warning] Using default string since no string found in i18n bundle that has the key: Index Added
2024-11-10 19:55:30.390 [warning] Using default string since no string found in i18n bundle that has the key: Index Added
2024-11-10 19:55:30.390 [warning] Using default string since no string found in i18n bundle that has the key: Index Added
2024-11-10 19:55:30.390 [warning] Using default string since no string found in i18n bundle that has the key: {0} (Index)
2024-11-10 19:55:30.390 [warning] Using default string since no string found in i18n bundle that has the key: Open
2024-11-10 19:55:30.391 [warning] Using default string since no string found in i18n bundle that has the key: Index Added
2024-11-10 19:55:30.391 [warning] Using default string since no string found in i18n bundle that has the key: Index Added
2024-11-10 19:55:30.391 [warning] Using default string since no string found in i18n bundle that has the key: Index Added
2024-11-10 19:55:30.391 [warning] Using default string since no string found in i18n bundle that has the key: Index Added
2024-11-10 19:55:30.391 [warning] Using default string since no string found in i18n bundle that has the key: Index Added
2024-11-10 19:55:30.391 [warning] Using default string since no string found in i18n bundle that has the key: Index Added
2024-11-10 19:55:30.391 [warning] Using default string since no string found in i18n bundle that has the key: Index Added
2024-11-10 19:55:30.391 [warning] Using default string since no string found in i18n bundle that has the key: Index Added
2024-11-10 19:55:30.391 [warning] Using default string since no string found in i18n bundle that has the key: Index Added
2024-11-10 19:55:30.391 [warning] Using default string since no string found in i18n bundle that has the key: Index Added
2024-11-10 19:55:30.391 [warning] Using default string since no string found in i18n bundle that has the key: Index Added
2024-11-10 19:55:30.391 [warning] Using default string since no string found in i18n bundle that has the key: {0} (Index)
2024-11-10 19:55:30.391 [warning] Using default string since no string found in i18n bundle that has the key: Open
2024-11-10 19:55:30.391 [warning] Using default string since no string found in i18n bundle that has the key: Index Added
2024-11-10 19:55:30.391 [warning] Using default string since no string found in i18n bundle that has the key: Index Added
2024-11-10 19:55:30.391 [warning] Using default string since no string found in i18n bundle that has the key: Index Added
2024-11-10 19:55:30.391 [warning] Using default string since no string found in i18n bundle that has the key: Index Added
2024-11-10 19:55:30.391 [warning] Using default string since no string found in i18n bundle that has the key: Index Added
2024-11-10 19:55:30.391 [warning] Using default string since no string found in i18n bundle that has the key: Index Added
2024-11-10 19:55:30.391 [warning] Using default string since no string found in i18n bundle that has the key: Index Added
2024-11-10 19:55:30.391 [warning] Using default string since no string found in i18n bundle that has the key: Index Added
2024-11-10 19:55:30.391 [warning] Using default string since no string found in i18n bundle that has the key: Index Added
2024-11-10 19:55:30.391 [warning] Using default string since no string found in i18n bundle that has the key: Index Added
2024-11-10 19:55:30.391 [warning] Using default string since no string found in i18n bundle that has the key: Index Added
2024-11-10 19:55:30.392 [warning] Using default string since no string found in i18n bundle that has the key: {0} (Index)
2024-11-10 19:55:30.392 [warning] Using default string since no string found in i18n bundle that has the key: Open
2024-11-10 19:55:30.392 [warning] Using default string since no string found in i18n bundle that has the key: Index Added
2024-11-10 19:55:30.392 [warning] Using default string since no string found in i18n bundle that has the key: Index Added
2024-11-10 19:55:30.392 [warning] Using default string since no string found in i18n bundle that has the key: Index Added
2024-11-10 19:55:30.392 [warning] Using default string since no string found in i18n bundle that has the key: Index Added
2024-11-10 19:55:30.392 [warning] Using default string since no string found in i18n bundle that has the key: Index Added
2024-11-10 19:55:30.392 [warning] Using default string since no string found in i18n bundle that has the key: Index Added
2024-11-10 19:55:30.392 [warning] Using default string since no string found in i18n bundle that has the key: Index Added
2024-11-10 19:55:30.392 [warning] Using default string since no string found in i18n bundle that has the key: Index Added
2024-11-10 19:55:30.392 [warning] Using default string since no string found in i18n bundle that has the key: Index Added
2024-11-10 19:55:30.392 [warning] Using default string since no string found in i18n bundle that has the key: Index Added
2024-11-10 19:55:30.392 [warning] Using default string since no string found in i18n bundle that has the key: Index Added
2024-11-10 19:55:35.095 [warning] Using default string since no string found in i18n bundle that has the key: Loading JSON info
2024-11-10 19:55:35.116 [warning] Using default string since no string found in i18n bundle that has the key: No Schema Validation
2024-11-10 19:55:35.116 [warning] Using default string since no string found in i18n bundle that has the key: no JSON schema configured
2024-11-10 19:55:35.116 [warning] Using default string since no string found in i18n bundle that has the key: Show Schemas
2024-11-10 19:56:06.652 [warning] Using default string since no string found in i18n bundle that has the key: Checkout Branch/Tag...
2024-11-10 19:56:06.652 [warning] Using default string since no string found in i18n bundle that has the key: Publish Branch
2024-11-10 19:56:06.652 [warning] Using default string since no string found in i18n bundle that has the key: Committing Changes...
2024-11-10 19:56:06.652 [warning] Using default string since no string found in i18n bundle that has the key: Committing Changes...
2024-11-10 19:56:06.652 [warning] Using default string since no string found in i18n bundle that has the key: Publish Branch
2024-11-10 19:56:06.652 [warning] Using default string since no string found in i18n bundle that has the key: Committing Changes...
2024-11-10 19:56:06.652 [warning] Using default string since no string found in i18n bundle that has the key: {0} Commit
2024-11-10 19:56:06.652 [warning] Using default string since no string found in i18n bundle that has the key: Committing Changes...
2024-11-10 19:56:06.742 [warning] Using default string since no string found in i18n bundle that has the key: {0} Commit
2024-11-10 19:56:06.742 [warning] Using default string since no string found in i18n bundle that has the key: Committing Changes...
2024-11-10 19:56:07.250 [warning] Using default string since no string found in i18n bundle that has the key: Message ({0} to commit on "{1}")
2024-11-10 19:56:07.250 [warning] Using default string since no string found in i18n bundle that has the key: Committing Changes...
2024-11-10 19:56:07.250 [warning] Using default string since no string found in i18n bundle that has the key: Publish Branch
2024-11-10 19:56:07.250 [warning] Using default string since no string found in i18n bundle that has the key: Committing Changes...
2024-11-10 19:56:07.250 [warning] Using default string since no string found in i18n bundle that has the key: Committing Changes...
2024-11-10 19:56:07.250 [warning] Using default string since no string found in i18n bundle that has the key: Publish Branch
2024-11-10 19:56:07.250 [warning] Using default string since no string found in i18n bundle that has the key: Committing Changes...
2024-11-10 19:56:07.251 [warning] Using default string since no string found in i18n bundle that has the key: Index Added
2024-11-10 19:56:07.251 [warning] Using default string since no string found in i18n bundle that has the key: Index Added
2024-11-10 19:56:07.251 [warning] Using default string since no string found in i18n bundle that has the key: Index Added
2024-11-10 19:56:07.251 [warning] Using default string since no string found in i18n bundle that has the key: Index Added
2024-11-10 19:56:07.251 [warning] Using default string since no string found in i18n bundle that has the key: Index Added
2024-11-10 19:56:07.252 [warning] Using default string since no string found in i18n bundle that has the key: Committing Changes...
2024-11-10 19:56:07.252 [warning] Using default string since no string found in i18n bundle that has the key: Publish Branch
2024-11-10 19:56:07.252 [warning] Using default string since no string found in i18n bundle that has the key: Checkout Branch/Tag...
2024-11-10 19:56:07.252 [warning] Using default string since no string found in i18n bundle that has the key: Publish Branch
2024-11-10 19:56:07.252 [warning] Using default string since no string found in i18n bundle that has the key: {0} Commit
2024-11-10 19:56:07.252 [warning] Using default string since no string found in i18n bundle that has the key: Commit Changes
2024-11-10 19:56:07.253 [warning] Using default string since no string found in i18n bundle that has the key: Open Git Log
2024-11-10 19:56:07.253 [warning] Using default string since no string found in i18n bundle that has the key: Show Command Output
2024-11-10 19:56:07.253 [warning] Using default string since no string found in i18n bundle that has the key: Make sure you configure your "user.name" and "user.email" in git.
2024-11-10 19:56:07.253 [warning] Using default string since no string found in i18n bundle that has the key: Learn More
2024-11-10 19:56:07.351 [warning] Using default string since no string found in i18n bundle that has the key: {0} (Index)
2024-11-10 19:56:07.351 [warning] Using default string since no string found in i18n bundle that has the key: Open
2024-11-10 19:56:07.352 [warning] Using default string since no string found in i18n bundle that has the key: Index Added
2024-11-10 19:56:07.352 [warning] Using default string since no string found in i18n bundle that has the key: Index Added
2024-11-10 19:56:07.352 [warning] Using default string since no string found in i18n bundle that has the key: Index Added
2024-11-10 19:56:07.352 [warning] Using default string since no string found in i18n bundle that has the key: Index Added
2024-11-10 19:56:07.352 [warning] Using default string since no string found in i18n bundle that has the key: {0} (Index)
2024-11-10 19:56:07.352 [warning] Using default string since no string found in i18n bundle that has the key: Open
2024-11-10 19:56:07.352 [warning] Using default string since no string found in i18n bundle that has the key: Index Added
2024-11-10 19:56:07.352 [warning] Using default string since no string found in i18n bundle that has the key: Index Added
2024-11-10 19:56:07.352 [warning] Using default string since no string found in i18n bundle that has the key: Index Added
2024-11-10 19:56:07.352 [warning] Using default string since no string found in i18n bundle that has the key: Index Added
2024-11-10 19:56:07.353 [warning] Using default string since no string found in i18n bundle that has the key: {0} (Index)
2024-11-10 19:56:07.353 [warning] Using default string since no string found in i18n bundle that has the key: Open
2024-11-10 19:56:07.353 [warning] Using default string since no string found in i18n bundle that has the key: Index Added
2024-11-10 19:56:07.353 [warning] Using default string since no string found in i18n bundle that has the key: Index Added
2024-11-10 19:56:07.353 [warning] Using default string since no string found in i18n bundle that has the key: Index Added
2024-11-10 19:56:07.353 [warning] Using default string since no string found in i18n bundle that has the key: Index Added
2024-11-10 19:56:07.353 [warning] Using default string since no string found in i18n bundle that has the key: {0} (Index)
2024-11-10 19:56:07.353 [warning] Using default string since no string found in i18n bundle that has the key: Open
2024-11-10 19:56:07.354 [warning] Using default string since no string found in i18n bundle that has the key: Index Added
2024-11-10 19:56:07.354 [warning] Using default string since no string found in i18n bundle that has the key: Index Added
2024-11-10 19:56:07.354 [warning] Using default string since no string found in i18n bundle that has the key: Index Added
2024-11-10 19:56:07.354 [warning] Using default string since no string found in i18n bundle that has the key: Index Added
2024-11-10 19:56:07.354 [warning] Using default string since no string found in i18n bundle that has the key: {0} (Index)
2024-11-10 19:56:07.354 [warning] Using default string since no string found in i18n bundle that has the key: Open
2024-11-10 19:56:07.354 [warning] Using default string since no string found in i18n bundle that has the key: Index Added
2024-11-10 19:56:07.354 [warning] Using default string since no string found in i18n bundle that has the key: Index Added
2024-11-10 19:56:07.354 [warning] Using default string since no string found in i18n bundle that has the key: Index Added
2024-11-10 19:56:07.354 [warning] Using default string since no string found in i18n bundle that has the key: Index Added
2024-11-10 19:56:14.127 [warning] Using default string since no string found in i18n bundle that has the key: Loading JSON info
2024-11-10 19:56:14.147 [warning] Using default string since no string found in i18n bundle that has the key: No Schema Validation
2024-11-10 19:56:14.147 [warning] Using default string since no string found in i18n bundle that has the key: no JSON schema configured
2024-11-10 19:56:14.147 [warning] Using default string since no string found in i18n bundle that has the key: Show Schemas
2024-11-10 19:56:16.862 [warning] Using default string since no string found in i18n bundle that has the key: Loading JSON info
2024-11-10 19:56:16.882 [warning] Using default string since no string found in i18n bundle that has the key: No Schema Validation
2024-11-10 19:56:16.882 [warning] Using default string since no string found in i18n bundle that has the key: no JSON schema configured
2024-11-10 19:56:16.882 [warning] Using default string since no string found in i18n bundle that has the key: Show Schemas
2024-11-10 19:56:33.810 [warning] Using default string since no string found in i18n bundle that has the key: Loading JSON info
2024-11-10 19:56:33.832 [warning] Using default string since no string found in i18n bundle that has the key: No Schema Validation
2024-11-10 19:56:33.832 [warning] Using default string since no string found in i18n bundle that has the key: no JSON schema configured
2024-11-10 19:56:33.832 [warning] Using default string since no string found in i18n bundle that has the key: Show Schemas
2024-11-10 19:56:56.160 [warning] Using default string since no string found in i18n bundle that has the key: Loading JSON info
2024-11-10 19:56:56.179 [warning] Using default string since no string found in i18n bundle that has the key: No Schema Validation
2024-11-10 19:56:56.179 [warning] Using default string since no string found in i18n bundle that has the key: no JSON schema configured
2024-11-10 19:56:56.180 [warning] Using default string since no string found in i18n bundle that has the key: Show Schemas
2024-11-10 19:57:05.362 [warning] Using default string since no string found in i18n bundle that has the key: Loading JSON info
2024-11-10 19:57:05.382 [warning] Using default string since no string found in i18n bundle that has the key: No Schema Validation
2024-11-10 19:57:05.382 [warning] Using default string since no string found in i18n bundle that has the key: no JSON schema configured
2024-11-10 19:57:05.382 [warning] Using default string since no string found in i18n bundle that has the key: Show Schemas
2024-11-10 19:57:41.746 [warning] Using default string since no string found in i18n bundle that has the key: Checkout Branch/Tag...
2024-11-10 19:57:41.746 [warning] Using default string since no string found in i18n bundle that has the key: Publish Branch
2024-11-10 19:57:41.746 [warning] Using default string since no string found in i18n bundle that has the key: Committing Changes...
2024-11-10 19:57:41.747 [warning] Using default string since no string found in i18n bundle that has the key: Committing Changes...
2024-11-10 19:57:41.747 [warning] Using default string since no string found in i18n bundle that has the key: Publish Branch
2024-11-10 19:57:41.747 [warning] Using default string since no string found in i18n bundle that has the key: Committing Changes...
2024-11-10 19:57:41.747 [warning] Using default string since no string found in i18n bundle that has the key: {0} Commit
2024-11-10 19:57:41.747 [warning] Using default string since no string found in i18n bundle that has the key: Committing Changes...
2024-11-10 19:57:41.868 [warning] Using default string since no string found in i18n bundle that has the key: {0} Commit
2024-11-10 19:57:41.868 [warning] Using default string since no string found in i18n bundle that has the key: Committing Changes...
2024-11-10 19:57:42.187 [warning] Using default string since no string found in i18n bundle that has the key: Message ({0} to commit on "{1}")
2024-11-10 19:57:42.187 [warning] Using default string since no string found in i18n bundle that has the key: Committing Changes...
2024-11-10 19:57:42.187 [warning] Using default string since no string found in i18n bundle that has the key: Publish Branch
2024-11-10 19:57:42.187 [warning] Using default string since no string found in i18n bundle that has the key: Committing Changes...
2024-11-10 19:57:42.187 [warning] Using default string since no string found in i18n bundle that has the key: Committing Changes...
2024-11-10 19:57:42.187 [warning] Using default string since no string found in i18n bundle that has the key: Publish Branch
2024-11-10 19:57:42.187 [warning] Using default string since no string found in i18n bundle that has the key: Committing Changes...
2024-11-10 19:57:42.188 [warning] Using default string since no string found in i18n bundle that has the key: Index Added
2024-11-10 19:57:42.188 [warning] Using default string since no string found in i18n bundle that has the key: Index Added
2024-11-10 19:57:42.188 [warning] Using default string since no string found in i18n bundle that has the key: Index Added
2024-11-10 19:57:42.188 [warning] Using default string since no string found in i18n bundle that has the key: Index Added
2024-11-10 19:57:42.188 [warning] Using default string since no string found in i18n bundle that has the key: Index Added
2024-11-10 19:57:42.188 [warning] Using default string since no string found in i18n bundle that has the key: Committing Changes...
2024-11-10 19:57:42.188 [warning] Using default string since no string found in i18n bundle that has the key: Publish Branch
2024-11-10 19:57:42.188 [warning] Using default string since no string found in i18n bundle that has the key: Checkout Branch/Tag...
2024-11-10 19:57:42.188 [warning] Using default string since no string found in i18n bundle that has the key: Publish Branch
2024-11-10 19:57:42.188 [warning] Using default string since no string found in i18n bundle that has the key: {0} Commit
2024-11-10 19:57:42.188 [warning] Using default string since no string found in i18n bundle that has the key: Commit Changes
2024-11-10 19:57:42.189 [warning] Using default string since no string found in i18n bundle that has the key: Open Git Log
2024-11-10 19:57:42.189 [warning] Using default string since no string found in i18n bundle that has the key: Show Command Output
2024-11-10 19:57:42.189 [warning] Using default string since no string found in i18n bundle that has the key: Make sure you configure your "user.name" and "user.email" in git.
2024-11-10 19:57:42.189 [warning] Using default string since no string found in i18n bundle that has the key: Learn More
2024-11-10 19:57:42.287 [warning] Using default string since no string found in i18n bundle that has the key: {0} (Index)
2024-11-10 19:57:42.288 [warning] Using default string since no string found in i18n bundle that has the key: Open
2024-11-10 19:57:42.288 [warning] Using default string since no string found in i18n bundle that has the key: Index Added
2024-11-10 19:57:42.288 [warning] Using default string since no string found in i18n bundle that has the key: Index Added
2024-11-10 19:57:42.288 [warning] Using default string since no string found in i18n bundle that has the key: Index Added
2024-11-10 19:57:42.288 [warning] Using default string since no string found in i18n bundle that has the key: Index Added
2024-11-10 19:57:42.288 [warning] Using default string since no string found in i18n bundle that has the key: {0} (Index)
2024-11-10 19:57:42.288 [warning] Using default string since no string found in i18n bundle that has the key: Open
2024-11-10 19:57:42.288 [warning] Using default string since no string found in i18n bundle that has the key: Index Added
2024-11-10 19:57:42.288 [warning] Using default string since no string found in i18n bundle that has the key: Index Added
2024-11-10 19:57:42.288 [warning] Using default string since no string found in i18n bundle that has the key: Index Added
2024-11-10 19:57:42.288 [warning] Using default string since no string found in i18n bundle that has the key: Index Added
2024-11-10 19:57:42.288 [warning] Using default string since no string found in i18n bundle that has the key: {0} (Index)
2024-11-10 19:57:42.288 [warning] Using default string since no string found in i18n bundle that has the key: Open
2024-11-10 19:57:42.289 [warning] Using default string since no string found in i18n bundle that has the key: Index Added
2024-11-10 19:57:42.289 [warning] Using default string since no string found in i18n bundle that has the key: Index Added
2024-11-10 19:57:42.289 [warning] Using default string since no string found in i18n bundle that has the key: Index Added
2024-11-10 19:57:42.289 [warning] Using default string since no string found in i18n bundle that has the key: Index Added
2024-11-10 19:57:42.289 [warning] Using default string since no string found in i18n bundle that has the key: {0} (Index)
2024-11-10 19:57:42.289 [warning] Using default string since no string found in i18n bundle that has the key: Open
2024-11-10 19:57:42.289 [warning] Using default string since no string found in i18n bundle that has the key: Index Added
2024-11-10 19:57:42.289 [warning] Using default string since no string found in i18n bundle that has the key: Index Added
2024-11-10 19:57:42.289 [warning] Using default string since no string found in i18n bundle that has the key: Index Added
2024-11-10 19:57:42.289 [warning] Using default string since no string found in i18n bundle that has the key: Index Added
2024-11-10 19:57:42.290 [warning] Using default string since no string found in i18n bundle that has the key: {0} (Index)
2024-11-10 19:57:42.290 [warning] Using default string since no string found in i18n bundle that has the key: Open
2024-11-10 19:57:42.290 [warning] Using default string since no string found in i18n bundle that has the key: Index Added
2024-11-10 19:57:42.290 [warning] Using default string since no string found in i18n bundle that has the key: Index Added
2024-11-10 19:57:42.290 [warning] Using default string since no string found in i18n bundle that has the key: Index Added
2024-11-10 19:57:42.290 [warning] Using default string since no string found in i18n bundle that has the key: Index Added
2024-11-10 19:57:50.857 [warning] Using default string since no string found in i18n bundle that has the key: Loading JSON info
2024-11-10 19:57:50.878 [warning] Using default string since no string found in i18n bundle that has the key: No Schema Validation
2024-11-10 19:57:50.878 [warning] Using default string since no string found in i18n bundle that has the key: no JSON schema configured
2024-11-10 19:57:50.878 [warning] Using default string since no string found in i18n bundle that has the key: Show Schemas
2024-11-10 20:10:42.610 [info] Extension host terminating: received terminate message from renderer
2024-11-10 20:10:42.610 [info] Lock '/home/davidelom_gnaglo/.codeoss/data/User/workspaceStorage/-34f7ea98/vscode.lock': Marking the lockfile as scheduled to be released in 6000 ms.
2024-11-10 20:10:42.668 [error] Canceled: Canceled
    at new L (/google/devshell/editor/code-oss-for-cloud-shell/out/vs/workbench/api/node/extensionHostProcess.js:143:47131)
    at c.U (/google/devshell/editor/code-oss-for-cloud-shell/out/vs/workbench/api/node/extensionHostProcess.js:150:5542)
    at Proxy.F.<computed>.z.charCodeAt.F.<computed> (/google/devshell/editor/code-oss-for-cloud-shell/out/vs/workbench/api/node/extensionHostProcess.js:150:2993)
    at r.g (/google/devshell/editor/code-oss-for-cloud-shell/out/vs/workbench/api/node/extensionHostProcess.js:153:188926)
    at r.executeCommand (/google/devshell/editor/code-oss-for-cloud-shell/out/vs/workbench/api/node/extensionHostProcess.js:153:188364)
    at k.registerCommand.description (/google/devshell/editor/code-oss-for-cloud-shell/out/vs/workbench/api/node/extensionHostProcess.js:153:187688)
    at r.h (/google/devshell/editor/code-oss-for-cloud-shell/out/vs/workbench/api/node/extensionHostProcess.js:153:189465)
    at r.g (/google/devshell/editor/code-oss-for-cloud-shell/out/vs/workbench/api/node/extensionHostProcess.js:153:188457)
    at r.executeCommand (/google/devshell/editor/code-oss-for-cloud-shell/out/vs/workbench/api/node/extensionHostProcess.js:153:188364)
    at Object.executeCommand (/google/devshell/editor/code-oss-for-cloud-shell/out/vs/workbench/api/node/extensionHostProcess.js:163:22673)
    at a.O [as value] (/google/devshell/editor/code-oss-for-cloud-shell/extensions/git/dist/main.js:2:167800)
    at o.y (/google/devshell/editor/code-oss-for-cloud-shell/out/vs/workbench/api/node/extensionHostProcess.js:82:660)
    at o.z (/google/devshell/editor/code-oss-for-cloud-shell/out/vs/workbench/api/node/extensionHostProcess.js:82:730)
    at o.fire (/google/devshell/editor/code-oss-for-cloud-shell/out/vs/workbench/api/node/extensionHostProcess.js:82:946)
    at Object.p [as dispose] (/google/devshell/editor/code-oss-for-cloud-shell/extensions/git/dist/main.js:2:186884)
    at /google/devshell/editor/code-oss-for-cloud-shell/extensions/git/dist/main.js:2:192922
    at Array.forEach (<anonymous>)
    at f.dispose (/google/devshell/editor/code-oss-for-cloud-shell/extensions/git/dist/main.js:2:192908)
    at h.<anonymous> (/google/devshell/editor/code-oss-for-cloud-shell/out/vs/workbench/api/node/extensionHostProcess.js:151:3955)
    at h.dispose (/google/devshell/editor/code-oss-for-cloud-shell/out/vs/workbench/api/node/extensionHostProcess.js:151:4052)
    at h.<anonymous> (/google/devshell/editor/code-oss-for-cloud-shell/extensions/git/dist/main.js:2:170057)
    at h.dispose (/google/devshell/editor/code-oss-for-cloud-shell/out/vs/workbench/api/node/extensionHostProcess.js:151:4052)
    at a (/google/devshell/editor/code-oss-for-cloud-shell/out/vs/workbench/api/node/extensionHostProcess.js:30:744)
    at f.eb (/google/devshell/editor/code-oss-for-cloud-shell/out/vs/workbench/api/node/extensionHostProcess.js:159:9975)
    at /google/devshell/editor/code-oss-for-cloud-shell/out/vs/workbench/api/node/extensionHostProcess.js:159:7824
    at Array.map (<anonymous>)
    at f.$ (/google/devshell/editor/code-oss-for-cloud-shell/out/vs/workbench/api/node/extensionHostProcess.js:159:7811)
    at f.terminate (/google/devshell/editor/code-oss-for-cloud-shell/out/vs/workbench/api/node/extensionHostProcess.js:159:8085)
    at a.terminate (/google/devshell/editor/code-oss-for-cloud-shell/out/vs/workbench/api/node/extensionHostProcess.js:163:1513)
    at t (/google/devshell/editor/code-oss-for-cloud-shell/out/vs/workbench/api/node/extensionHostProcess.js:176:9922)
    at a.value (/google/devshell/editor/code-oss-for-cloud-shell/out/vs/workbench/api/node/extensionHostProcess.js:176:7969)
    at o.y (/google/devshell/editor/code-oss-for-cloud-shell/out/vs/workbench/api/node/extensionHostProcess.js:82:660)
    at o.fire (/google/devshell/editor/code-oss-for-cloud-shell/out/vs/workbench/api/node/extensionHostProcess.js:82:877)
    at u.fire (/google/devshell/editor/code-oss-for-cloud-shell/out/vs/workbench/api/node/extensionHostProcess.js:107:14175)
    at r.z (/google/devshell/editor/code-oss-for-cloud-shell/out/vs/workbench/api/node/extensionHostProcess.js:107:17240)
    at a.value (/google/devshell/editor/code-oss-for-cloud-shell/out/vs/workbench/api/node/extensionHostProcess.js:107:15692)
    at o.y (/google/devshell/editor/code-oss-for-cloud-shell/out/vs/workbench/api/node/extensionHostProcess.js:82:660)
    at o.fire (/google/devshell/editor/code-oss-for-cloud-shell/out/vs/workbench/api/node/extensionHostProcess.js:82:877)
    at f.acceptChunk (/google/devshell/editor/code-oss-for-cloud-shell/out/vs/workbench/api/node/extensionHostProcess.js:107:11949)
    at a.value (/google/devshell/editor/code-oss-for-cloud-shell/out/vs/workbench/api/node/extensionHostProcess.js:107:11236)
    at o.y (/google/devshell/editor/code-oss-for-cloud-shell/out/vs/workbench/api/node/extensionHostProcess.js:82:660)
    at o.fire (/google/devshell/editor/code-oss-for-cloud-shell/out/vs/workbench/api/node/extensionHostProcess.js:82:877)
    at i.z (/google/devshell/editor/code-oss-for-cloud-shell/out/vs/workbench/api/node/extensionHostProcess.js:173:19732)
    at i.acceptFrame (/google/devshell/editor/code-oss-for-cloud-shell/out/vs/workbench/api/node/extensionHostProcess.js:173:19538)
    at n (/google/devshell/editor/code-oss-for-cloud-shell/out/vs/workbench/api/node/extensionHostProcess.js:173:18037)
    at /google/devshell/editor/code-oss-for-cloud-shell/out/vs/workbench/api/node/extensionHostProcess.js:173:15257
    at Socket.S (/google/devshell/editor/code-oss-for-cloud-shell/out/vs/workbench/api/node/extensionHostProcess.js:173:13162)
    at Socket.emit (node:events:517:28)
    at addChunk (node:internal/streams/readable:335:12)
    at readableAddChunk (node:internal/streams/readable:308:9)
    at Socket.Readable.push (node:internal/streams/readable:245:10)
    at TCP.onStreamRead (node:internal/stream_base_commons:190:23) setContext undefined
2024-11-10 20:10:42.677 [error] Canceled: Canceled
    at new L (/google/devshell/editor/code-oss-for-cloud-shell/out/vs/workbench/api/node/extensionHostProcess.js:143:47131)
    at c.U (/google/devshell/editor/code-oss-for-cloud-shell/out/vs/workbench/api/node/extensionHostProcess.js:150:5542)
    at Proxy.F.<computed>.z.charCodeAt.F.<computed> (/google/devshell/editor/code-oss-for-cloud-shell/out/vs/workbench/api/node/extensionHostProcess.js:150:2993)
    at r.g (/google/devshell/editor/code-oss-for-cloud-shell/out/vs/workbench/api/node/extensionHostProcess.js:153:188926)
    at r.executeCommand (/google/devshell/editor/code-oss-for-cloud-shell/out/vs/workbench/api/node/extensionHostProcess.js:153:188364)
    at k.registerCommand.description (/google/devshell/editor/code-oss-for-cloud-shell/out/vs/workbench/api/node/extensionHostProcess.js:153:187688)
    at r.h (/google/devshell/editor/code-oss-for-cloud-shell/out/vs/workbench/api/node/extensionHostProcess.js:153:189465)
    at r.g (/google/devshell/editor/code-oss-for-cloud-shell/out/vs/workbench/api/node/extensionHostProcess.js:153:188457)
    at r.executeCommand (/google/devshell/editor/code-oss-for-cloud-shell/out/vs/workbench/api/node/extensionHostProcess.js:153:188364)
    at Object.executeCommand (/google/devshell/editor/code-oss-for-cloud-shell/out/vs/workbench/api/node/extensionHostProcess.js:163:22673)
    at a.VscodeDevShareProvider.set hasGitHubRepositories [as hasGitHubRepositories] (/google/devshell/editor/code-oss-for-cloud-shell/extensions/github/dist/extension.js:2:25681)
    at /google/devshell/editor/code-oss-for-cloud-shell/extensions/github/dist/extension.js:2:26640
    at a.value (/google/devshell/editor/code-oss-for-cloud-shell/extensions/git/dist/main.js:2:273373)
    at o.y (/google/devshell/editor/code-oss-for-cloud-shell/out/vs/workbench/api/node/extensionHostProcess.js:82:660)
    at o.z (/google/devshell/editor/code-oss-for-cloud-shell/out/vs/workbench/api/node/extensionHostProcess.js:82:730)
    at o.fire (/google/devshell/editor/code-oss-for-cloud-shell/out/vs/workbench/api/node/extensionHostProcess.js:82:946)
    at Object.p [as dispose] (/google/devshell/editor/code-oss-for-cloud-shell/extensions/git/dist/main.js:2:186884)
    at /google/devshell/editor/code-oss-for-cloud-shell/extensions/git/dist/main.js:2:192922
    at Array.forEach (<anonymous>)
    at f.dispose (/google/devshell/editor/code-oss-for-cloud-shell/extensions/git/dist/main.js:2:192908)
    at h.<anonymous> (/google/devshell/editor/code-oss-for-cloud-shell/out/vs/workbench/api/node/extensionHostProcess.js:151:3955)
    at h.dispose (/google/devshell/editor/code-oss-for-cloud-shell/out/vs/workbench/api/node/extensionHostProcess.js:151:4052)
    at h.<anonymous> (/google/devshell/editor/code-oss-for-cloud-shell/extensions/git/dist/main.js:2:170057)
    at h.dispose (/google/devshell/editor/code-oss-for-cloud-shell/out/vs/workbench/api/node/extensionHostProcess.js:151:4052)
    at a (/google/devshell/editor/code-oss-for-cloud-shell/out/vs/workbench/api/node/extensionHostProcess.js:30:744)
    at f.eb (/google/devshell/editor/code-oss-for-cloud-shell/out/vs/workbench/api/node/extensionHostProcess.js:159:9975)
    at /google/devshell/editor/code-oss-for-cloud-shell/out/vs/workbench/api/node/extensionHostProcess.js:159:7824
    at Array.map (<anonymous>)
    at f.$ (/google/devshell/editor/code-oss-for-cloud-shell/out/vs/workbench/api/node/extensionHostProcess.js:159:7811)
    at f.terminate (/google/devshell/editor/code-oss-for-cloud-shell/out/vs/workbench/api/node/extensionHostProcess.js:159:8085)
    at a.terminate (/google/devshell/editor/code-oss-for-cloud-shell/out/vs/workbench/api/node/extensionHostProcess.js:163:1513)
    at t (/google/devshell/editor/code-oss-for-cloud-shell/out/vs/workbench/api/node/extensionHostProcess.js:176:9922)
    at a.value (/google/devshell/editor/code-oss-for-cloud-shell/out/vs/workbench/api/node/extensionHostProcess.js:176:7969)
    at o.y (/google/devshell/editor/code-oss-for-cloud-shell/out/vs/workbench/api/node/extensionHostProcess.js:82:660)
    at o.fire (/google/devshell/editor/code-oss-for-cloud-shell/out/vs/workbench/api/node/extensionHostProcess.js:82:877)
    at u.fire (/google/devshell/editor/code-oss-for-cloud-shell/out/vs/workbench/api/node/extensionHostProcess.js:107:14175)
    at r.z (/google/devshell/editor/code-oss-for-cloud-shell/out/vs/workbench/api/node/extensionHostProcess.js:107:17240)
    at a.value (/google/devshell/editor/code-oss-for-cloud-shell/out/vs/workbench/api/node/extensionHostProcess.js:107:15692)
    at o.y (/google/devshell/editor/code-oss-for-cloud-shell/out/vs/workbench/api/node/extensionHostProcess.js:82:660)
    at o.fire (/google/devshell/editor/code-oss-for-cloud-shell/out/vs/workbench/api/node/extensionHostProcess.js:82:877)
    at f.acceptChunk (/google/devshell/editor/code-oss-for-cloud-shell/out/vs/workbench/api/node/extensionHostProcess.js:107:11949)
    at a.value (/google/devshell/editor/code-oss-for-cloud-shell/out/vs/workbench/api/node/extensionHostProcess.js:107:11236)
    at o.y (/google/devshell/editor/code-oss-for-cloud-shell/out/vs/workbench/api/node/extensionHostProcess.js:82:660)
    at o.fire (/google/devshell/editor/code-oss-for-cloud-shell/out/vs/workbench/api/node/extensionHostProcess.js:82:877)
    at i.z (/google/devshell/editor/code-oss-for-cloud-shell/out/vs/workbench/api/node/extensionHostProcess.js:173:19732)
    at i.acceptFrame (/google/devshell/editor/code-oss-for-cloud-shell/out/vs/workbench/api/node/extensionHostProcess.js:173:19538)
    at n (/google/devshell/editor/code-oss-for-cloud-shell/out/vs/workbench/api/node/extensionHostProcess.js:173:18037)
    at /google/devshell/editor/code-oss-for-cloud-shell/out/vs/workbench/api/node/extensionHostProcess.js:173:15257
    at Socket.S (/google/devshell/editor/code-oss-for-cloud-shell/out/vs/workbench/api/node/extensionHostProcess.js:173:13162)
    at Socket.emit (node:events:517:28)
    at addChunk (node:internal/streams/readable:335:12)
    at readableAddChunk (node:internal/streams/readable:308:9)
    at Socket.Readable.push (node:internal/streams/readable:245:10)
    at TCP.onStreamRead (node:internal/stream_base_commons:190:23) setContext undefined
2024-11-10 20:10:42.691 [info] Extension host with pid 1224 exiting with code 0
