2024-11-07 09:58:59.789 [info] Log level: Info
2024-11-07 09:58:59.789 [info] Validating found git in: "git"
2024-11-07 09:58:59.789 [info] Using git "2.43.0" from "git"
2024-11-07 09:58:59.789 [info] > git rev-parse --show-toplevel [6ms]
2024-11-07 09:58:59.789 [info] fatal: not a git repository (or any parent up to mount point /)
Stopping at filesystem boundary (GIT_DISCOVERY_ACROSS_FILESYSTEM not set).
2024-11-07 09:58:59.789 [info] > git rev-parse --show-toplevel [2ms]
2024-11-07 09:58:59.789 [info] fatal: not a git repository (or any parent up to mount point /)
Stopping at filesystem boundary (GIT_DISCOVERY_ACROSS_FILESYSTEM not set).
2024-11-07 09:58:59.789 [info] > git rev-parse --show-toplevel [3ms]
2024-11-07 09:58:59.789 [info] fatal: not a git repository (or any parent up to mount point /)
Stopping at filesystem boundary (GIT_DISCOVERY_ACROSS_FILESYSTEM not set).
2024-11-07 09:58:59.789 [info] > git rev-parse --show-toplevel [2ms]
2024-11-07 09:58:59.789 [info] fatal: not a git repository (or any parent up to mount point /)
Stopping at filesystem boundary (GIT_DISCOVERY_ACROSS_FILESYSTEM not set).
2024-11-07 09:58:59.789 [info] > git rev-parse --show-toplevel [2ms]
2024-11-07 09:58:59.790 [info] fatal: not a git repository (or any parent up to mount point /)
Stopping at filesystem boundary (GIT_DISCOVERY_ACROSS_FILESYSTEM not set).
2024-11-07 09:58:59.790 [info] > git rev-parse --show-toplevel [1ms]
2024-11-07 09:58:59.790 [info] fatal: not a git repository (or any parent up to mount point /)
Stopping at filesystem boundary (GIT_DISCOVERY_ACROSS_FILESYSTEM not set).
2024-11-07 09:58:59.790 [info] > git rev-parse --show-toplevel [2ms]
2024-11-07 09:58:59.790 [info] fatal: not a git repository (or any parent up to mount point /)
Stopping at filesystem boundary (GIT_DISCOVERY_ACROSS_FILESYSTEM not set).
2024-11-07 09:58:59.790 [info] > git rev-parse --show-toplevel [2ms]
2024-11-07 09:58:59.790 [info] fatal: not a git repository (or any parent up to mount point /)
Stopping at filesystem boundary (GIT_DISCOVERY_ACROSS_FILESYSTEM not set).
2024-11-07 09:59:08.738 [info] > git rev-parse --show-toplevel [193ms]
2024-11-07 09:59:08.738 [info] fatal: not a git repository (or any parent up to mount point /)
Stopping at filesystem boundary (GIT_DISCOVERY_ACROSS_FILESYSTEM not set).
2024-11-07 09:59:09.379 [info] > git rev-parse --show-toplevel [26ms]
2024-11-07 09:59:09.379 [info] fatal: not a git repository (or any parent up to mount point /)
Stopping at filesystem boundary (GIT_DISCOVERY_ACROSS_FILESYSTEM not set).
2024-11-07 09:59:14.689 [info] > git rev-parse --show-toplevel [16ms]
2024-11-07 09:59:14.689 [info] fatal: not a git repository (or any parent up to mount point /)
Stopping at filesystem boundary (GIT_DISCOVERY_ACROSS_FILESYSTEM not set).
2024-11-07 10:00:28.090 [info] > git rev-parse --show-toplevel [6ms]
2024-11-07 10:00:28.090 [info] fatal: not a git repository (or any parent up to mount point /)
Stopping at filesystem boundary (GIT_DISCOVERY_ACROSS_FILESYSTEM not set).
2024-11-07 10:00:45.874 [info] > git rev-parse --show-toplevel [4ms]
2024-11-07 10:00:45.874 [info] fatal: not a git repository (or any parent up to mount point /)
Stopping at filesystem boundary (GIT_DISCOVERY_ACROSS_FILESYSTEM not set).
2024-11-07 10:01:05.660 [info] > git rev-parse --show-toplevel [6ms]
2024-11-07 10:01:05.660 [info] fatal: not a git repository (or any parent up to mount point /)
Stopping at filesystem boundary (GIT_DISCOVERY_ACROSS_FILESYSTEM not set).
2024-11-07 10:01:17.651 [info] > git rev-parse --show-toplevel [4ms]
2024-11-07 10:01:17.651 [info] fatal: not a git repository (or any parent up to mount point /)
Stopping at filesystem boundary (GIT_DISCOVERY_ACROSS_FILESYSTEM not set).
2024-11-07 10:02:05.062 [info] > git rev-parse --show-toplevel [13ms]
2024-11-07 10:02:05.063 [info] fatal: not a git repository (or any parent up to mount point /)
Stopping at filesystem boundary (GIT_DISCOVERY_ACROSS_FILESYSTEM not set).
2024-11-07 10:02:16.712 [info] > git rev-parse --show-toplevel [4ms]
2024-11-07 10:02:16.712 [info] fatal: not a git repository (or any parent up to mount point /)
Stopping at filesystem boundary (GIT_DISCOVERY_ACROSS_FILESYSTEM not set).
2024-11-07 10:11:41.703 [info] > git rev-parse --show-toplevel [3ms]
2024-11-07 10:11:41.703 [info] fatal: not a git repository (or any parent up to mount point /)
Stopping at filesystem boundary (GIT_DISCOVERY_ACROSS_FILESYSTEM not set).
2024-11-07 10:11:57.004 [info] > git rev-parse --show-toplevel [5ms]
2024-11-07 10:11:57.004 [info] fatal: not a git repository (or any parent up to mount point /)
Stopping at filesystem boundary (GIT_DISCOVERY_ACROSS_FILESYSTEM not set).
